[0.048s] Invoking command in '/home/david/ros_humble/proyecto_ws/KIT_Phantom_X_Pincher_ROS2/phantom_ws/build/phantomx_pincher_description': CMAKE_PREFIX_PATH=${CMAKE_PREFIX_PATH}:/home/david/ros_humble/proyecto_ws/KIT_Phantom_X_Pincher_ROS2/phantom_ws/install/pincher_cproyect:/home/david/ros_humble/proyecto_ws/KIT_Phantom_X_Pincher_ROS2/phantom_ws/install/pincher_control:/opt/ros/humble /usr/bin/cmake --build /home/david/ros_humble/proyecto_ws/KIT_Phantom_X_Pincher_ROS2/phantom_ws/build/phantomx_pincher_description -- -j2 -l2
[0.099s] Invoked command in '/home/david/ros_humble/proyecto_ws/KIT_Phantom_X_Pincher_ROS2/phantom_ws/build/phantomx_pincher_description' returned '0': CMAKE_PREFIX_PATH=${CMAKE_PREFIX_PATH}:/home/david/ros_humble/proyecto_ws/KIT_Phantom_X_Pincher_ROS2/phantom_ws/install/pincher_cproyect:/home/david/ros_humble/proyecto_ws/KIT_Phantom_X_Pincher_ROS2/phantom_ws/install/pincher_control:/opt/ros/humble /usr/bin/cmake --build /home/david/ros_humble/proyecto_ws/KIT_Phantom_X_Pincher_ROS2/phantom_ws/build/phantomx_pincher_description -- -j2 -l2
[0.125s] Invoking command in '/home/david/ros_humble/proyecto_ws/KIT_Phantom_X_Pincher_ROS2/phantom_ws/build/phantomx_pincher_description': CMAKE_PREFIX_PATH=${CMAKE_PREFIX_PATH}:/home/david/ros_humble/proyecto_ws/KIT_Phantom_X_Pincher_ROS2/phantom_ws/install/pincher_cproyect:/home/david/ros_humble/proyecto_ws/KIT_Phantom_X_Pincher_ROS2/phantom_ws/install/pincher_control:/opt/ros/humble /usr/bin/cmake --install /home/david/ros_humble/proyecto_ws/KIT_Phantom_X_Pincher_ROS2/phantom_ws/build/phantomx_pincher_description
[0.159s] -- Install configuration: ""
[0.159s] -- Up-to-date: /home/david/ros_humble/proyecto_ws/KIT_Phantom_X_Pincher_ROS2/phantom_ws/install/phantomx_pincher_description/lib/phantomx_pincher_description/xacro2sdf_direct.bash
[0.159s] -- Up-to-date: /home/david/ros_humble/proyecto_ws/KIT_Phantom_X_Pincher_ROS2/phantom_ws/install/phantomx_pincher_description/lib/phantomx_pincher_description/xacro2sdf.bash
[0.159s] -- Up-to-date: /home/david/ros_humble/proyecto_ws/KIT_Phantom_X_Pincher_ROS2/phantom_ws/install/phantomx_pincher_description/lib/phantomx_pincher_description/xacro2urdf.bash
[0.159s] -- Up-to-date: /home/david/ros_humble/proyecto_ws/KIT_Phantom_X_Pincher_ROS2/phantom_ws/install/phantomx_pincher_description/share/phantomx_pincher_description/config
[0.159s] -- Up-to-date: /home/david/ros_humble/proyecto_ws/KIT_Phantom_X_Pincher_ROS2/phantom_ws/install/phantomx_pincher_description/share/phantomx_pincher_description/config/initial_joint_positions.yaml
[0.167s] -- Up-to-date: /home/david/ros_humble/proyecto_ws/KIT_Phantom_X_Pincher_ROS2/phantom_ws/install/phantomx_pincher_description/share/phantomx_pincher_description/launch
[0.167s] -- Up-to-date: /home/david/ros_humble/proyecto_ws/KIT_Phantom_X_Pincher_ROS2/phantom_ws/install/phantomx_pincher_description/share/phantomx_pincher_description/launch/display.launch.py
[0.167s] -- Up-to-date: /home/david/ros_humble/proyecto_ws/KIT_Phantom_X_Pincher_ROS2/phantom_ws/install/phantomx_pincher_description/share/phantomx_pincher_description/launch/view_gz.launch.py
[0.172s] -- Up-to-date: /home/david/ros_humble/proyecto_ws/KIT_Phantom_X_Pincher_ROS2/phantom_ws/install/phantomx_pincher_description/share/phantomx_pincher_description/launch/view.launch.py
[0.172s] -- Up-to-date: /home/david/ros_humble/proyecto_ws/KIT_Phantom_X_Pincher_ROS2/phantom_ws/install/phantomx_pincher_description/share/phantomx_pincher_description/phantomx_pincher
[0.172s] -- Up-to-date: /home/david/ros_humble/proyecto_ws/KIT_Phantom_X_Pincher_ROS2/phantom_ws/install/phantomx_pincher_description/share/phantomx_pincher_description/phantomx_pincher/model.config
[0.172s] -- Up-to-date: /home/david/ros_humble/proyecto_ws/KIT_Phantom_X_Pincher_ROS2/phantom_ws/install/phantomx_pincher_description/share/phantomx_pincher_description/phantomx_pincher/model.sdf
[0.172s] -- Up-to-date: /home/david/ros_humble/proyecto_ws/KIT_Phantom_X_Pincher_ROS2/phantom_ws/install/phantomx_pincher_description/share/phantomx_pincher_description/phantomx_pincher/thumbnails
[0.172s] -- Up-to-date: /home/david/ros_humble/proyecto_ws/KIT_Phantom_X_Pincher_ROS2/phantom_ws/install/phantomx_pincher_description/share/phantomx_pincher_description/phantomx_pincher/thumbnails/0.png
[0.172s] -- Up-to-date: /home/david/ros_humble/proyecto_ws/KIT_Phantom_X_Pincher_ROS2/phantom_ws/install/phantomx_pincher_description/share/phantomx_pincher_description/phantomx_pincher/meshes
[0.172s] -- Up-to-date: /home/david/ros_humble/proyecto_ws/KIT_Phantom_X_Pincher_ROS2/phantom_ws/install/phantomx_pincher_description/share/phantomx_pincher_description/phantomx_pincher/meshes/DAE
[0.172s] -- Up-to-date: /home/david/ros_humble/proyecto_ws/KIT_Phantom_X_Pincher_ROS2/phantom_ws/install/phantomx_pincher_description/share/phantomx_pincher_description/phantomx_pincher/meshes/DAE/objectsToPick
[0.172s] -- Up-to-date: /home/david/ros_humble/proyecto_ws/KIT_Phantom_X_Pincher_ROS2/phantom_ws/install/phantomx_pincher_description/share/phantomx_pincher_description/phantomx_pincher/meshes/DAE/objectsToPick/cube25x25.dae
[0.172s] -- Up-to-date: /home/david/ros_humble/proyecto_ws/KIT_Phantom_X_Pincher_ROS2/phantom_ws/install/phantomx_pincher_description/share/phantomx_pincher_description/phantomx_pincher/meshes/DAE/objectsToPick/cilinder25Dx25h.dae
[0.172s] -- Up-to-date: /home/david/ros_humble/proyecto_ws/KIT_Phantom_X_Pincher_ROS2/phantom_ws/install/phantomx_pincher_description/share/phantomx_pincher_description/phantomx_pincher/meshes/DAE/manijas
[0.172s] -- Up-to-date: /home/david/ros_humble/proyecto_ws/KIT_Phantom_X_Pincher_ROS2/phantom_ws/install/phantomx_pincher_description/share/phantomx_pincher_description/phantomx_pincher/meshes/DAE/manijas/pataManija.dae
[0.172s] -- Up-to-date: /home/david/ros_humble/proyecto_ws/KIT_Phantom_X_Pincher_ROS2/phantom_ws/install/phantomx_pincher_description/share/phantomx_pincher_description/phantomx_pincher/meshes/DAE/manijas/manija.dae
[0.172s] -- Up-to-date: /home/david/ros_humble/proyecto_ws/KIT_Phantom_X_Pincher_ROS2/phantom_ws/install/phantomx_pincher_description/share/phantomx_pincher_description/phantomx_pincher/meshes/DAE/bases
[0.172s] -- Up-to-date: /home/david/ros_humble/proyecto_ws/KIT_Phantom_X_Pincher_ROS2/phantom_ws/install/phantomx_pincher_description/share/phantomx_pincher_description/phantomx_pincher/meshes/DAE/bases/baseElementosFijos.dae
[0.172s] -- Up-to-date: /home/david/ros_humble/proyecto_ws/KIT_Phantom_X_Pincher_ROS2/phantom_ws/install/phantomx_pincher_description/share/phantomx_pincher_description/phantomx_pincher/meshes/DAE/patas
[0.172s] -- Up-to-date: /home/david/ros_humble/proyecto_ws/KIT_Phantom_X_Pincher_ROS2/phantom_ws/install/phantomx_pincher_description/share/phantomx_pincher_description/phantomx_pincher/meshes/DAE/patas/pataD15mm.dae
[0.172s] -- Up-to-date: /home/david/ros_humble/proyecto_ws/KIT_Phantom_X_Pincher_ROS2/phantom_ws/install/phantomx_pincher_description/share/phantomx_pincher_description/phantomx_pincher/meshes/DAE/patas/pataD20mm.dae
[0.172s] -- Up-to-date: /home/david/ros_humble/proyecto_ws/KIT_Phantom_X_Pincher_ROS2/phantom_ws/install/phantomx_pincher_description/share/phantomx_pincher_description/phantomx_pincher/meshes/DAE/tubosOvaladosNiquel
[0.179s] -- Up-to-date: /home/david/ros_humble/proyecto_ws/KIT_Phantom_X_Pincher_ROS2/phantom_ws/install/phantomx_pincher_description/share/phantomx_pincher_description/phantomx_pincher/meshes/DAE/tubosOvaladosNiquel/Angujo.dae
[0.179s] -- Up-to-date: /home/david/ros_humble/proyecto_ws/KIT_Phantom_X_Pincher_ROS2/phantom_ws/install/phantomx_pincher_description/share/phantomx_pincher_description/phantomx_pincher/meshes/DAE/tubosOvaladosNiquel/EncajeABaseTuboCloset.dae
[0.179s] -- Up-to-date: /home/david/ros_humble/proyecto_ws/KIT_Phantom_X_Pincher_ROS2/phantom_ws/install/phantomx_pincher_description/share/phantomx_pincher_description/phantomx_pincher/meshes/DAE/Canecas
[0.179s] -- Up-to-date: /home/david/ros_humble/proyecto_ws/KIT_Phantom_X_Pincher_ROS2/phantom_ws/install/phantomx_pincher_description/share/phantomx_pincher_description/phantomx_pincher/meshes/DAE/Canecas/CanecaGrandeConTapaSlide
[0.179s] -- Up-to-date: /home/david/ros_humble/proyecto_ws/KIT_Phantom_X_Pincher_ROS2/phantom_ws/install/phantomx_pincher_description/share/phantomx_pincher_description/phantomx_pincher/meshes/DAE/Canecas/CanecaGrandeConTapaSlide/canecaGrande.dae
[0.179s] -- Up-to-date: /home/david/ros_humble/proyecto_ws/KIT_Phantom_X_Pincher_ROS2/phantom_ws/install/phantomx_pincher_description/share/phantomx_pincher_description/phantomx_pincher/meshes/DAE/Canecas/CanecaGrandeConTapaSlide/CFFFP_elevacionCaneca.dae
[0.179s] -- Up-to-date: /home/david/ros_humble/proyecto_ws/KIT_Phantom_X_Pincher_ROS2/phantom_ws/install/phantomx_pincher_description/share/phantomx_pincher_description/phantomx_pincher/meshes/DAE/Canecas/CanecaGrandeConTapaSlide/elevacionCaneca.dae
[0.179s] -- Up-to-date: /home/david/ros_humble/proyecto_ws/KIT_Phantom_X_Pincher_ROS2/phantom_ws/install/phantomx_pincher_description/share/phantomx_pincher_description/phantomx_pincher/meshes/DAE/Canecas/CanecaGrandeConTapaSlide/tapaSlide.dae
[0.185s] -- Up-to-date: /home/david/ros_humble/proyecto_ws/KIT_Phantom_X_Pincher_ROS2/phantom_ws/install/phantomx_pincher_description/share/phantomx_pincher_description/phantomx_pincher/meshes/DAE/cases
[0.185s] -- Up-to-date: /home/david/ros_humble/proyecto_ws/KIT_Phantom_X_Pincher_ROS2/phantom_ws/install/phantomx_pincher_description/share/phantomx_pincher_description/phantomx_pincher/meshes/DAE/cases/caseArbotixM
[0.185s] -- Up-to-date: /home/david/ros_humble/proyecto_ws/KIT_Phantom_X_Pincher_ROS2/phantom_ws/install/phantomx_pincher_description/share/phantomx_pincher_description/phantomx_pincher/meshes/DAE/cases/caseArbotixM/base.dae
[0.185s] -- Up-to-date: /home/david/ros_humble/proyecto_ws/KIT_Phantom_X_Pincher_ROS2/phantom_ws/install/phantomx_pincher_description/share/phantomx_pincher_description/phantomx_pincher/meshes/DAE/cases/caseArbotixM/tapa.dae
[0.185s] -- Up-to-date: /home/david/ros_humble/proyecto_ws/KIT_Phantom_X_Pincher_ROS2/phantom_ws/install/phantomx_pincher_description/share/phantomx_pincher_description/phantomx_pincher/meshes/DAE/cases/caseBaseRobot
[0.185s] -- Up-to-date: /home/david/ros_humble/proyecto_ws/KIT_Phantom_X_Pincher_ROS2/phantom_ws/install/phantomx_pincher_description/share/phantomx_pincher_description/phantomx_pincher/meshes/DAE/cases/caseBaseRobot/numerosBases.dae
[0.185s] -- Up-to-date: /home/david/ros_humble/proyecto_ws/KIT_Phantom_X_Pincher_ROS2/phantom_ws/install/phantomx_pincher_description/share/phantomx_pincher_description/phantomx_pincher/meshes/DAE/cases/caseBaseRobot/clipAnclajeNumero.dae
[0.192s] -- Up-to-date: /home/david/ros_humble/proyecto_ws/KIT_Phantom_X_Pincher_ROS2/phantom_ws/install/phantomx_pincher_description/share/phantomx_pincher_description/phantomx_pincher/meshes/DAE/cases/caseBaseRobot/caseBaseRobot.dae
[0.193s] -- Up-to-date: /home/david/ros_humble/proyecto_ws/KIT_Phantom_X_Pincher_ROS2/phantom_ws/install/phantomx_pincher_description/share/phantomx_pincher_description/phantomx_pincher/meshes/DAE/cases/caseUSB2Dynamixel
[0.193s] -- Up-to-date: /home/david/ros_humble/proyecto_ws/KIT_Phantom_X_Pincher_ROS2/phantom_ws/install/phantomx_pincher_description/share/phantomx_pincher_description/phantomx_pincher/meshes/DAE/cases/caseUSB2Dynamixel/acoplePeque単o.dae
[0.193s] -- Up-to-date: /home/david/ros_humble/proyecto_ws/KIT_Phantom_X_Pincher_ROS2/phantom_ws/install/phantomx_pincher_description/share/phantomx_pincher_description/phantomx_pincher/meshes/DAE/cases/caseUSB2Dynamixel/baseUBS2.dae
[0.193s] -- Up-to-date: /home/david/ros_humble/proyecto_ws/KIT_Phantom_X_Pincher_ROS2/phantom_ws/install/phantomx_pincher_description/share/phantomx_pincher_description/phantomx_pincher/meshes/DAE/cases/caseUSB2Dynamixel/acopleGrande.dae
[0.193s] -- Up-to-date: /home/david/ros_humble/proyecto_ws/KIT_Phantom_X_Pincher_ROS2/phantom_ws/install/phantomx_pincher_description/share/phantomx_pincher_description/phantomx_pincher/meshes/DAE/cases/cases
[0.193s] -- Up-to-date: /home/david/ros_humble/proyecto_ws/KIT_Phantom_X_Pincher_ROS2/phantom_ws/install/phantomx_pincher_description/share/phantomx_pincher_description/phantomx_pincher/meshes/DAE/cases/cases/baseMicroAirPump370A.dae
[0.193s] -- Up-to-date: /home/david/ros_humble/proyecto_ws/KIT_Phantom_X_Pincher_ROS2/phantom_ws/install/phantomx_pincher_description/share/phantomx_pincher_description/phantomx_pincher/meshes/DAE/cases/cases/tapaMicroAirPump370A.dae
[0.193s] -- Up-to-date: /home/david/ros_humble/proyecto_ws/KIT_Phantom_X_Pincher_ROS2/phantom_ws/install/phantomx_pincher_description/share/phantomx_pincher_description/phantomx_pincher/meshes/DAE/cases/cases/caseRaspberryPi5
[0.193s] -- Up-to-date: /home/david/ros_humble/proyecto_ws/KIT_Phantom_X_Pincher_ROS2/phantom_ws/install/phantomx_pincher_description/share/phantomx_pincher_description/phantomx_pincher/meshes/DAE/cases/cases/caseRaspberryPi5/baseCaseRaspberry.dae
[0.193s] -- Up-to-date: /home/david/ros_humble/proyecto_ws/KIT_Phantom_X_Pincher_ROS2/phantom_ws/install/phantomx_pincher_description/share/phantomx_pincher_description/phantomx_pincher/meshes/DAE/cases/cases/caseRaspberryPi5/tapaRaspberry.dae
[0.193s] -- Up-to-date: /home/david/ros_humble/proyecto_ws/KIT_Phantom_X_Pincher_ROS2/phantom_ws/install/phantomx_pincher_description/share/phantomx_pincher_description/phantomx_pincher/meshes/DAE/cases/cases/caseBaseRobot.dae
[0.193s] -- Up-to-date: /home/david/ros_humble/proyecto_ws/KIT_Phantom_X_Pincher_ROS2/phantom_ws/install/phantomx_pincher_description/share/phantomx_pincher_description/phantomx_pincher/meshes/DAE/cases/casePowerHub
[0.193s] -- Up-to-date: /home/david/ros_humble/proyecto_ws/KIT_Phantom_X_Pincher_ROS2/phantom_ws/install/phantomx_pincher_description/share/phantomx_pincher_description/phantomx_pincher/meshes/DAE/cases/casePowerHub/baseCasePowerHub.dae
[0.193s] -- Up-to-date: /home/david/ros_humble/proyecto_ws/KIT_Phantom_X_Pincher_ROS2/phantom_ws/install/phantomx_pincher_description/share/phantomx_pincher_description/phantomx_pincher/meshes/DAE/cases/microAirpump
[0.193s] -- Up-to-date: /home/david/ros_humble/proyecto_ws/KIT_Phantom_X_Pincher_ROS2/phantom_ws/install/phantomx_pincher_description/share/phantomx_pincher_description/phantomx_pincher/meshes/DAE/cases/microAirpump/caseAirpumpTop.dae
[0.193s] -- Up-to-date: /home/david/ros_humble/proyecto_ws/KIT_Phantom_X_Pincher_ROS2/phantom_ws/install/phantomx_pincher_description/share/phantomx_pincher_description/phantomx_pincher/meshes/DAE/cases/microAirpump/caseAirpumpBottom.dae
[0.193s] -- Up-to-date: /home/david/ros_humble/proyecto_ws/KIT_Phantom_X_Pincher_ROS2/phantom_ws/install/phantomx_pincher_description/share/phantomx_pincher_description/phantomx_pincher/meshes/DAE/cases/caseRaspberryPi5
[0.193s] -- Up-to-date: /home/david/ros_humble/proyecto_ws/KIT_Phantom_X_Pincher_ROS2/phantom_ws/install/phantomx_pincher_description/share/phantomx_pincher_description/phantomx_pincher/meshes/DAE/cases/caseRaspberryPi5/baseCaseRaspberry.dae
[0.193s] -- Up-to-date: /home/david/ros_humble/proyecto_ws/KIT_Phantom_X_Pincher_ROS2/phantom_ws/install/phantomx_pincher_description/share/phantomx_pincher_description/phantomx_pincher/meshes/DAE/cases/caseRaspberryPi5/tapaRaspberry.dae
[0.194s] -- Up-to-date: /home/david/ros_humble/proyecto_ws/KIT_Phantom_X_Pincher_ROS2/phantom_ws/install/phantomx_pincher_description/share/phantomx_pincher_description/phantomx_pincher/meshes/DAE/cases/caseRaspberryPi5/tapaSlide.dae
[0.199s] -- Up-to-date: /home/david/ros_humble/proyecto_ws/KIT_Phantom_X_Pincher_ROS2/phantom_ws/install/phantomx_pincher_description/share/phantomx_pincher_description/phantomx_pincher/meshes/DAE/anclajes
[0.199s] -- Up-to-date: /home/david/ros_humble/proyecto_ws/KIT_Phantom_X_Pincher_ROS2/phantom_ws/install/phantomx_pincher_description/share/phantomx_pincher_description/phantomx_pincher/meshes/DAE/anclajes/anclajeEsquinaTapa.dae
[0.199s] -- Up-to-date: /home/david/ros_humble/proyecto_ws/KIT_Phantom_X_Pincher_ROS2/phantom_ws/install/phantomx_pincher_description/share/phantomx_pincher_description/phantomx_pincher/meshes/DAE/anclajes/anclajeM10.dae
[0.199s] -- Up-to-date: /home/david/ros_humble/proyecto_ws/KIT_Phantom_X_Pincher_ROS2/phantom_ws/install/phantomx_pincher_description/share/phantomx_pincher_description/phantomx_pincher/meshes/DAE/anclajes/CFFFP_anclajeEsquinaCanastilla.dae
[0.199s] -- Up-to-date: /home/david/ros_humble/proyecto_ws/KIT_Phantom_X_Pincher_ROS2/phantom_ws/install/phantomx_pincher_description/share/phantomx_pincher_description/phantomx_pincher/meshes/DAE/anclajes/anclajeEsquinaCanastilla.dae
[0.199s] -- Up-to-date: /home/david/ros_humble/proyecto_ws/KIT_Phantom_X_Pincher_ROS2/phantom_ws/install/phantomx_pincher_description/share/phantomx_pincher_description/phantomx_pincher/meshes/DAE/zonasDeRecoleccion
[0.200s] -- Up-to-date: /home/david/ros_humble/proyecto_ws/KIT_Phantom_X_Pincher_ROS2/phantom_ws/install/phantomx_pincher_description/share/phantomx_pincher_description/phantomx_pincher/meshes/DAE/zonasDeRecoleccion/zonaCircular
[0.200s] -- Up-to-date: /home/david/ros_humble/proyecto_ws/KIT_Phantom_X_Pincher_ROS2/phantom_ws/install/phantomx_pincher_description/share/phantomx_pincher_description/phantomx_pincher/meshes/DAE/zonasDeRecoleccion/zonaCircular/zonaCircular146mm.dae
[0.200s] -- Up-to-date: /home/david/ros_humble/proyecto_ws/KIT_Phantom_X_Pincher_ROS2/phantom_ws/install/phantomx_pincher_description/share/phantomx_pincher_description/phantomx_pincher/meshes/collision
[0.200s] -- Up-to-date: /home/david/ros_humble/proyecto_ws/KIT_Phantom_X_Pincher_ROS2/phantom_ws/install/phantomx_pincher_description/share/phantomx_pincher_description/phantomx_pincher/meshes/collision/task_board.stl
[0.200s] -- Up-to-date: /home/david/ros_humble/proyecto_ws/KIT_Phantom_X_Pincher_ROS2/phantom_ws/install/phantomx_pincher_description/share/phantomx_pincher_description/phantomx_pincher/meshes/collision/finger.stl
[0.200s] -- Up-to-date: /home/david/ros_humble/proyecto_ws/KIT_Phantom_X_Pincher_ROS2/phantom_ws/install/phantomx_pincher_description/share/phantomx_pincher_description/phantomx_pincher/meshes/STL
[0.200s] -- Up-to-date: /home/david/ros_humble/proyecto_ws/KIT_Phantom_X_Pincher_ROS2/phantom_ws/install/phantomx_pincher_description/share/phantomx_pincher_description/phantomx_pincher/meshes/STL/objectsToPick
[0.200s] -- Up-to-date: /home/david/ros_humble/proyecto_ws/KIT_Phantom_X_Pincher_ROS2/phantom_ws/install/phantomx_pincher_description/share/phantomx_pincher_description/phantomx_pincher/meshes/STL/objectsToPick/cube25x25.stl
[0.200s] -- Up-to-date: /home/david/ros_humble/proyecto_ws/KIT_Phantom_X_Pincher_ROS2/phantom_ws/install/phantomx_pincher_description/share/phantomx_pincher_description/phantomx_pincher/meshes/STL/objectsToPick/cilinder25Dx25h.stl
[0.200s] -- Up-to-date: /home/david/ros_humble/proyecto_ws/KIT_Phantom_X_Pincher_ROS2/phantom_ws/install/phantomx_pincher_description/share/phantomx_pincher_description/phantomx_pincher/meshes/STL/manijas
[0.200s] -- Up-to-date: /home/david/ros_humble/proyecto_ws/KIT_Phantom_X_Pincher_ROS2/phantom_ws/install/phantomx_pincher_description/share/phantomx_pincher_description/phantomx_pincher/meshes/STL/manijas/pataManija.stl
[0.200s] -- Up-to-date: /home/david/ros_humble/proyecto_ws/KIT_Phantom_X_Pincher_ROS2/phantom_ws/install/phantomx_pincher_description/share/phantomx_pincher_description/phantomx_pincher/meshes/STL/manijas/manija.stl
[0.200s] -- Up-to-date: /home/david/ros_humble/proyecto_ws/KIT_Phantom_X_Pincher_ROS2/phantom_ws/install/phantomx_pincher_description/share/phantomx_pincher_description/phantomx_pincher/meshes/STL/bases
[0.200s] -- Up-to-date: /home/david/ros_humble/proyecto_ws/KIT_Phantom_X_Pincher_ROS2/phantom_ws/install/phantomx_pincher_description/share/phantomx_pincher_description/phantomx_pincher/meshes/STL/bases/baseElementosFijos.stl
[0.204s] -- Up-to-date: /home/david/ros_humble/proyecto_ws/KIT_Phantom_X_Pincher_ROS2/phantom_ws/install/phantomx_pincher_description/share/phantomx_pincher_description/phantomx_pincher/meshes/STL/patas
[0.204s] -- Up-to-date: /home/david/ros_humble/proyecto_ws/KIT_Phantom_X_Pincher_ROS2/phantom_ws/install/phantomx_pincher_description/share/phantomx_pincher_description/phantomx_pincher/meshes/STL/patas/pataD15mm.stl
[0.204s] -- Up-to-date: /home/david/ros_humble/proyecto_ws/KIT_Phantom_X_Pincher_ROS2/phantom_ws/install/phantomx_pincher_description/share/phantomx_pincher_description/phantomx_pincher/meshes/STL/patas/pataD20mm.stl
[0.205s] -- Up-to-date: /home/david/ros_humble/proyecto_ws/KIT_Phantom_X_Pincher_ROS2/phantom_ws/install/phantomx_pincher_description/share/phantomx_pincher_description/phantomx_pincher/meshes/STL/tubosOvaladosNiquel
[0.205s] -- Up-to-date: /home/david/ros_humble/proyecto_ws/KIT_Phantom_X_Pincher_ROS2/phantom_ws/install/phantomx_pincher_description/share/phantomx_pincher_description/phantomx_pincher/meshes/STL/tubosOvaladosNiquel/Angujo.stl
[0.205s] -- Up-to-date: /home/david/ros_humble/proyecto_ws/KIT_Phantom_X_Pincher_ROS2/phantom_ws/install/phantomx_pincher_description/share/phantomx_pincher_description/phantomx_pincher/meshes/STL/tubosOvaladosNiquel/EncajeABaseConTornilloTuboCloset.stl
[0.205s] -- Up-to-date: /home/david/ros_humble/proyecto_ws/KIT_Phantom_X_Pincher_ROS2/phantom_ws/install/phantomx_pincher_description/share/phantomx_pincher_description/phantomx_pincher/meshes/STL/tubosOvaladosNiquel/EncajeABaseTuboCloset.stl
[0.205s] -- Up-to-date: /home/david/ros_humble/proyecto_ws/KIT_Phantom_X_Pincher_ROS2/phantom_ws/install/phantomx_pincher_description/share/phantomx_pincher_description/phantomx_pincher/meshes/STL/escudoUnal.dxf
[0.205s] -- Up-to-date: /home/david/ros_humble/proyecto_ws/KIT_Phantom_X_Pincher_ROS2/phantom_ws/install/phantomx_pincher_description/share/phantomx_pincher_description/phantomx_pincher/meshes/STL/Canecas
[0.205s] -- Up-to-date: /home/david/ros_humble/proyecto_ws/KIT_Phantom_X_Pincher_ROS2/phantom_ws/install/phantomx_pincher_description/share/phantomx_pincher_description/phantomx_pincher/meshes/STL/Canecas/CanecaGrandeConTapaSlide
[0.205s] -- Up-to-date: /home/david/ros_humble/proyecto_ws/KIT_Phantom_X_Pincher_ROS2/phantom_ws/install/phantomx_pincher_description/share/phantomx_pincher_description/phantomx_pincher/meshes/STL/Canecas/CanecaGrandeConTapaSlide/ensambleCaneca.stl
[0.206s] -- Up-to-date: /home/david/ros_humble/proyecto_ws/KIT_Phantom_X_Pincher_ROS2/phantom_ws/install/phantomx_pincher_description/share/phantomx_pincher_description/phantomx_pincher/meshes/STL/Canecas/CanecaGrandeConTapaSlide/elevacionCaneca.ipt
[0.209s] -- Up-to-date: /home/david/ros_humble/proyecto_ws/KIT_Phantom_X_Pincher_ROS2/phantom_ws/install/phantomx_pincher_description/share/phantomx_pincher_description/phantomx_pincher/meshes/STL/Canecas/CanecaGrandeConTapaSlide/elevacionCaneca.stl
[0.210s] -- Up-to-date: /home/david/ros_humble/proyecto_ws/KIT_Phantom_X_Pincher_ROS2/phantom_ws/install/phantomx_pincher_description/share/phantomx_pincher_description/phantomx_pincher/meshes/STL/Canecas/CanecaGrandeConTapaSlide/canecaGrande.stl
[0.210s] -- Up-to-date: /home/david/ros_humble/proyecto_ws/KIT_Phantom_X_Pincher_ROS2/phantom_ws/install/phantomx_pincher_description/share/phantomx_pincher_description/phantomx_pincher/meshes/STL/Canecas/CanecaGrandeConTapaSlide/canecaCollision.ipt
[0.210s] -- Up-to-date: /home/david/ros_humble/proyecto_ws/KIT_Phantom_X_Pincher_ROS2/phantom_ws/install/phantomx_pincher_description/share/phantomx_pincher_description/phantomx_pincher/meshes/STL/Canecas/CanecaGrandeConTapaSlide/OldVersions
[0.210s] -- Up-to-date: /home/david/ros_humble/proyecto_ws/KIT_Phantom_X_Pincher_ROS2/phantom_ws/install/phantomx_pincher_description/share/phantomx_pincher_description/phantomx_pincher/meshes/STL/Canecas/CanecaGrandeConTapaSlide/OldVersions/canecaCollision.0002.ipt
[0.210s] -- Up-to-date: /home/david/ros_humble/proyecto_ws/KIT_Phantom_X_Pincher_ROS2/phantom_ws/install/phantomx_pincher_description/share/phantomx_pincher_description/phantomx_pincher/meshes/STL/Canecas/CanecaGrandeConTapaSlide/CFFFP_elevacionCaneca.stl
[0.210s] -- Up-to-date: /home/david/ros_humble/proyecto_ws/KIT_Phantom_X_Pincher_ROS2/phantom_ws/install/phantomx_pincher_description/share/phantomx_pincher_description/phantomx_pincher/meshes/STL/Canecas/CanecaGrandeConTapaSlide/canecaCollision.stl
[0.210s] -- Up-to-date: /home/david/ros_humble/proyecto_ws/KIT_Phantom_X_Pincher_ROS2/phantom_ws/install/phantomx_pincher_description/share/phantomx_pincher_description/phantomx_pincher/meshes/STL/Canecas/CanecaGrandeConTapaSlide/tapaSlide.stl
[0.210s] -- Up-to-date: /home/david/ros_humble/proyecto_ws/KIT_Phantom_X_Pincher_ROS2/phantom_ws/install/phantomx_pincher_description/share/phantomx_pincher_description/phantomx_pincher/meshes/STL/Canecas/OldVersions
[0.210s] -- Up-to-date: /home/david/ros_humble/proyecto_ws/KIT_Phantom_X_Pincher_ROS2/phantom_ws/install/phantomx_pincher_description/share/phantomx_pincher_description/phantomx_pincher/meshes/STL/Canecas/OldVersions/escudoUnal.0002.ipt
[0.210s] -- Up-to-date: /home/david/ros_humble/proyecto_ws/KIT_Phantom_X_Pincher_ROS2/phantom_ws/install/phantomx_pincher_description/share/phantomx_pincher_description/phantomx_pincher/meshes/STL/Canecas/escudoUnal.ipt
[0.210s] -- Up-to-date: /home/david/ros_humble/proyecto_ws/KIT_Phantom_X_Pincher_ROS2/phantom_ws/install/phantomx_pincher_description/share/phantomx_pincher_description/phantomx_pincher/meshes/STL/cases
[0.210s] -- Up-to-date: /home/david/ros_humble/proyecto_ws/KIT_Phantom_X_Pincher_ROS2/phantom_ws/install/phantomx_pincher_description/share/phantomx_pincher_description/phantomx_pincher/meshes/STL/cases/caseArbotixM
[0.210s] -- Up-to-date: /home/david/ros_humble/proyecto_ws/KIT_Phantom_X_Pincher_ROS2/phantom_ws/install/phantomx_pincher_description/share/phantomx_pincher_description/phantomx_pincher/meshes/STL/cases/caseArbotixM/base.stl
[0.210s] -- Up-to-date: /home/david/ros_humble/proyecto_ws/KIT_Phantom_X_Pincher_ROS2/phantom_ws/install/phantomx_pincher_description/share/phantomx_pincher_description/phantomx_pincher/meshes/STL/cases/caseArbotixM/tapa.stl
[0.210s] -- Up-to-date: /home/david/ros_humble/proyecto_ws/KIT_Phantom_X_Pincher_ROS2/phantom_ws/install/phantomx_pincher_description/share/phantomx_pincher_description/phantomx_pincher/meshes/STL/cases/caseBaseRobot
[0.210s] -- Up-to-date: /home/david/ros_humble/proyecto_ws/KIT_Phantom_X_Pincher_ROS2/phantom_ws/install/phantomx_pincher_description/share/phantomx_pincher_description/phantomx_pincher/meshes/STL/cases/caseBaseRobot/clipAnclajeNumero.stl
[0.210s] -- Up-to-date: /home/david/ros_humble/proyecto_ws/KIT_Phantom_X_Pincher_ROS2/phantom_ws/install/phantomx_pincher_description/share/phantomx_pincher_description/phantomx_pincher/meshes/STL/cases/caseBaseRobot/caseBaseRobot.stl
[0.210s] -- Up-to-date: /home/david/ros_humble/proyecto_ws/KIT_Phantom_X_Pincher_ROS2/phantom_ws/install/phantomx_pincher_description/share/phantomx_pincher_description/phantomx_pincher/meshes/STL/cases/caseBaseRobot/numerosBases.stl
[0.210s] -- Up-to-date: /home/david/ros_humble/proyecto_ws/KIT_Phantom_X_Pincher_ROS2/phantom_ws/install/phantomx_pincher_description/share/phantomx_pincher_description/phantomx_pincher/meshes/STL/cases/caseUSB2Dynamixel
[0.210s] -- Up-to-date: /home/david/ros_humble/proyecto_ws/KIT_Phantom_X_Pincher_ROS2/phantom_ws/install/phantomx_pincher_description/share/phantomx_pincher_description/phantomx_pincher/meshes/STL/cases/caseUSB2Dynamixel/baseUBS2.stl
[0.210s] -- Up-to-date: /home/david/ros_humble/proyecto_ws/KIT_Phantom_X_Pincher_ROS2/phantom_ws/install/phantomx_pincher_description/share/phantomx_pincher_description/phantomx_pincher/meshes/STL/cases/caseUSB2Dynamixel/acoplePeque単o.stl
[0.210s] -- Up-to-date: /home/david/ros_humble/proyecto_ws/KIT_Phantom_X_Pincher_ROS2/phantom_ws/install/phantomx_pincher_description/share/phantomx_pincher_description/phantomx_pincher/meshes/STL/cases/caseUSB2Dynamixel/OldVersions
[0.210s] -- Up-to-date: /home/david/ros_humble/proyecto_ws/KIT_Phantom_X_Pincher_ROS2/phantom_ws/install/phantomx_pincher_description/share/phantomx_pincher_description/phantomx_pincher/meshes/STL/cases/caseUSB2Dynamixel/OldVersions/baseUBS2.0001.ipt
[0.210s] -- Up-to-date: /home/david/ros_humble/proyecto_ws/KIT_Phantom_X_Pincher_ROS2/phantom_ws/install/phantomx_pincher_description/share/phantomx_pincher_description/phantomx_pincher/meshes/STL/cases/caseUSB2Dynamixel/OldVersions/acoplePeque単o.0002.ipt
[0.210s] -- Up-to-date: /home/david/ros_humble/proyecto_ws/KIT_Phantom_X_Pincher_ROS2/phantom_ws/install/phantomx_pincher_description/share/phantomx_pincher_description/phantomx_pincher/meshes/STL/cases/caseUSB2Dynamixel/OldVersions/acopleGrande.0001.ipt
[0.210s] -- Up-to-date: /home/david/ros_humble/proyecto_ws/KIT_Phantom_X_Pincher_ROS2/phantom_ws/install/phantomx_pincher_description/share/phantomx_pincher_description/phantomx_pincher/meshes/STL/cases/caseUSB2Dynamixel/acopleGrande.stl
[0.210s] -- Up-to-date: /home/david/ros_humble/proyecto_ws/KIT_Phantom_X_Pincher_ROS2/phantom_ws/install/phantomx_pincher_description/share/phantomx_pincher_description/phantomx_pincher/meshes/STL/cases/cases
[0.211s] -- Up-to-date: /home/david/ros_humble/proyecto_ws/KIT_Phantom_X_Pincher_ROS2/phantom_ws/install/phantomx_pincher_description/share/phantomx_pincher_description/phantomx_pincher/meshes/STL/cases/cases/baseMicroAirPump370A.stl
[0.211s] -- Up-to-date: /home/david/ros_humble/proyecto_ws/KIT_Phantom_X_Pincher_ROS2/phantom_ws/install/phantomx_pincher_description/share/phantomx_pincher_description/phantomx_pincher/meshes/STL/cases/cases/caseBaseRobot.stl
[0.211s] -- Up-to-date: /home/david/ros_humble/proyecto_ws/KIT_Phantom_X_Pincher_ROS2/phantom_ws/install/phantomx_pincher_description/share/phantomx_pincher_description/phantomx_pincher/meshes/STL/cases/cases/tapaMicroAirPump370A.stl
[0.211s] -- Up-to-date: /home/david/ros_humble/proyecto_ws/KIT_Phantom_X_Pincher_ROS2/phantom_ws/install/phantomx_pincher_description/share/phantomx_pincher_description/phantomx_pincher/meshes/STL/cases/cases/caseRaspberryPi5
[0.211s] -- Up-to-date: /home/david/ros_humble/proyecto_ws/KIT_Phantom_X_Pincher_ROS2/phantom_ws/install/phantomx_pincher_description/share/phantomx_pincher_description/phantomx_pincher/meshes/STL/cases/cases/caseRaspberryPi5/CFFFP_tapaRaspberry.3mf
[0.211s] -- Up-to-date: /home/david/ros_humble/proyecto_ws/KIT_Phantom_X_Pincher_ROS2/phantom_ws/install/phantomx_pincher_description/share/phantomx_pincher_description/phantomx_pincher/meshes/STL/cases/cases/caseRaspberryPi5/baseCaseRaspberry.stl
[0.211s] -- Up-to-date: /home/david/ros_humble/proyecto_ws/KIT_Phantom_X_Pincher_ROS2/phantom_ws/install/phantomx_pincher_description/share/phantomx_pincher_description/phantomx_pincher/meshes/STL/cases/cases/caseRaspberryPi5/tapaRaspberry.stl
[0.211s] -- Up-to-date: /home/david/ros_humble/proyecto_ws/KIT_Phantom_X_Pincher_ROS2/phantom_ws/install/phantomx_pincher_description/share/phantomx_pincher_description/phantomx_pincher/meshes/STL/cases/casePowerHub
[0.211s] -- Up-to-date: /home/david/ros_humble/proyecto_ws/KIT_Phantom_X_Pincher_ROS2/phantom_ws/install/phantomx_pincher_description/share/phantomx_pincher_description/phantomx_pincher/meshes/STL/cases/casePowerHub/baseCasePowerHub.stl
[0.211s] -- Up-to-date: /home/david/ros_humble/proyecto_ws/KIT_Phantom_X_Pincher_ROS2/phantom_ws/install/phantomx_pincher_description/share/phantomx_pincher_description/phantomx_pincher/meshes/STL/cases/microAirpump
[0.211s] -- Up-to-date: /home/david/ros_humble/proyecto_ws/KIT_Phantom_X_Pincher_ROS2/phantom_ws/install/phantomx_pincher_description/share/phantomx_pincher_description/phantomx_pincher/meshes/STL/cases/microAirpump/caseAirpumpTop.stl
[0.211s] -- Up-to-date: /home/david/ros_humble/proyecto_ws/KIT_Phantom_X_Pincher_ROS2/phantom_ws/install/phantomx_pincher_description/share/phantomx_pincher_description/phantomx_pincher/meshes/STL/cases/microAirpump/ensambleAirpump.stl
[0.211s] -- Up-to-date: /home/david/ros_humble/proyecto_ws/KIT_Phantom_X_Pincher_ROS2/phantom_ws/install/phantomx_pincher_description/share/phantomx_pincher_description/phantomx_pincher/meshes/STL/cases/microAirpump/caseAirpumpBottom.stl
[0.211s] -- Up-to-date: /home/david/ros_humble/proyecto_ws/KIT_Phantom_X_Pincher_ROS2/phantom_ws/install/phantomx_pincher_description/share/phantomx_pincher_description/phantomx_pincher/meshes/STL/cases/caseRaspberryPi5
[0.211s] -- Up-to-date: /home/david/ros_humble/proyecto_ws/KIT_Phantom_X_Pincher_ROS2/phantom_ws/install/phantomx_pincher_description/share/phantomx_pincher_description/phantomx_pincher/meshes/STL/cases/caseRaspberryPi5/CFFFP_baseCaseRaspberry.3mf
[0.211s] -- Up-to-date: /home/david/ros_humble/proyecto_ws/KIT_Phantom_X_Pincher_ROS2/phantom_ws/install/phantomx_pincher_description/share/phantomx_pincher_description/phantomx_pincher/meshes/STL/cases/caseRaspberryPi5/baseCaseRaspberry.stl
[0.216s] -- Up-to-date: /home/david/ros_humble/proyecto_ws/KIT_Phantom_X_Pincher_ROS2/phantom_ws/install/phantomx_pincher_description/share/phantomx_pincher_description/phantomx_pincher/meshes/STL/cases/caseRaspberryPi5/tapaRaspberry.stl
[0.216s] -- Up-to-date: /home/david/ros_humble/proyecto_ws/KIT_Phantom_X_Pincher_ROS2/phantom_ws/install/phantomx_pincher_description/share/phantomx_pincher_description/phantomx_pincher/meshes/STL/cases/caseRaspberryPi5/tapaSlide.stl
[0.216s] -- Up-to-date: /home/david/ros_humble/proyecto_ws/KIT_Phantom_X_Pincher_ROS2/phantom_ws/install/phantomx_pincher_description/share/phantomx_pincher_description/phantomx_pincher/meshes/STL/anclajes
[0.216s] -- Up-to-date: /home/david/ros_humble/proyecto_ws/KIT_Phantom_X_Pincher_ROS2/phantom_ws/install/phantomx_pincher_description/share/phantomx_pincher_description/phantomx_pincher/meshes/STL/anclajes/CFFFP_anclajeEsquinaCanastilla.stl
[0.216s] -- Up-to-date: /home/david/ros_humble/proyecto_ws/KIT_Phantom_X_Pincher_ROS2/phantom_ws/install/phantomx_pincher_description/share/phantomx_pincher_description/phantomx_pincher/meshes/STL/anclajes/anclajeEsquinaTapa.stl
[0.216s] -- Up-to-date: /home/david/ros_humble/proyecto_ws/KIT_Phantom_X_Pincher_ROS2/phantom_ws/install/phantomx_pincher_description/share/phantomx_pincher_description/phantomx_pincher/meshes/STL/anclajes/anclajeEsquinaCanastilla.stl
[0.216s] -- Up-to-date: /home/david/ros_humble/proyecto_ws/KIT_Phantom_X_Pincher_ROS2/phantom_ws/install/phantomx_pincher_description/share/phantomx_pincher_description/phantomx_pincher/meshes/STL/anclajes/anclajeM10.stl
[0.216s] -- Up-to-date: /home/david/ros_humble/proyecto_ws/KIT_Phantom_X_Pincher_ROS2/phantom_ws/install/phantomx_pincher_description/share/phantomx_pincher_description/phantomx_pincher/meshes/STL/zonasDeRecoleccion
[0.216s] -- Up-to-date: /home/david/ros_humble/proyecto_ws/KIT_Phantom_X_Pincher_ROS2/phantom_ws/install/phantomx_pincher_description/share/phantomx_pincher_description/phantomx_pincher/meshes/STL/zonasDeRecoleccion/zonaCircular
[0.216s] -- Up-to-date: /home/david/ros_humble/proyecto_ws/KIT_Phantom_X_Pincher_ROS2/phantom_ws/install/phantomx_pincher_description/share/phantomx_pincher_description/phantomx_pincher/meshes/STL/zonasDeRecoleccion/zonaCircular/zonaCircular146mm.stl
[0.216s] -- Up-to-date: /home/david/ros_humble/proyecto_ws/KIT_Phantom_X_Pincher_ROS2/phantom_ws/install/phantomx_pincher_description/share/phantomx_pincher_description/phantomx_pincher/meshes/visual
[0.216s] -- Up-to-date: /home/david/ros_humble/proyecto_ws/KIT_Phantom_X_Pincher_ROS2/phantom_ws/install/phantomx_pincher_description/share/phantomx_pincher_description/phantomx_pincher/meshes/visual/f4.dae
[0.216s] -- Up-to-date: /home/david/ros_humble/proyecto_ws/KIT_Phantom_X_Pincher_ROS2/phantom_ws/install/phantomx_pincher_description/share/phantomx_pincher_description/phantomx_pincher/meshes/visual/f3.dae
[0.216s] -- Up-to-date: /home/david/ros_humble/proyecto_ws/KIT_Phantom_X_Pincher_ROS2/phantom_ws/install/phantomx_pincher_description/share/phantomx_pincher_description/phantomx_pincher/meshes/visual/task_board.dae
[0.216s] -- Up-to-date: /home/david/ros_humble/proyecto_ws/KIT_Phantom_X_Pincher_ROS2/phantom_ws/install/phantomx_pincher_description/share/phantomx_pincher_description/phantomx_pincher/meshes/visual/ax12.dae
[0.216s] -- Up-to-date: /home/david/ros_humble/proyecto_ws/KIT_Phantom_X_Pincher_ROS2/phantom_ws/install/phantomx_pincher_description/share/phantomx_pincher_description/phantomx_pincher/meshes/visual/f10.dae
[0.216s] -- Up-to-date: /home/david/ros_humble/proyecto_ws/KIT_Phantom_X_Pincher_ROS2/phantom_ws/install/phantomx_pincher_description/share/phantomx_pincher_description/phantomx_pincher/meshes/visual/task_board_module_phantomx_pincher_mount.dae
[0.216s] -- Up-to-date: /home/david/ros_humble/proyecto_ws/KIT_Phantom_X_Pincher_ROS2/phantom_ws/install/phantomx_pincher_description/share/phantomx_pincher_description/phantomx_pincher/meshes/visual/finger.dae
[0.216s] -- Up-to-date: /home/david/ros_humble/proyecto_ws/KIT_Phantom_X_Pincher_ROS2/phantom_ws/install/phantomx_pincher_description/share/phantomx_pincher_description/phantomx_pincher/meshes/visual/phantomx_pincher_mount.dae
[0.216s] -- Up-to-date: /home/david/ros_humble/proyecto_ws/KIT_Phantom_X_Pincher_ROS2/phantom_ws/install/phantomx_pincher_description/share/phantomx_pincher_description/phantomx_pincher/meshes/visual/gripper_base.dae
[0.216s] -- Up-to-date: /home/david/ros_humble/proyecto_ws/KIT_Phantom_X_Pincher_ROS2/phantom_ws/install/phantomx_pincher_description/share/phantomx_pincher_description/phantomx_pincher/meshes/visual/f2.dae
[0.216s] -- Up-to-date: /home/david/ros_humble/proyecto_ws/KIT_Phantom_X_Pincher_ROS2/phantom_ws/install/phantomx_pincher_description/share/phantomx_pincher_description/meshes
[0.216s] -- Up-to-date: /home/david/ros_humble/proyecto_ws/KIT_Phantom_X_Pincher_ROS2/phantom_ws/install/phantomx_pincher_description/share/phantomx_pincher_description/meshes/DAE
[0.216s] -- Up-to-date: /home/david/ros_humble/proyecto_ws/KIT_Phantom_X_Pincher_ROS2/phantom_ws/install/phantomx_pincher_description/share/phantomx_pincher_description/meshes/DAE/objectsToPick
[0.217s] -- Up-to-date: /home/david/ros_humble/proyecto_ws/KIT_Phantom_X_Pincher_ROS2/phantom_ws/install/phantomx_pincher_description/share/phantomx_pincher_description/meshes/DAE/objectsToPick/cube25x25.dae
[0.217s] -- Up-to-date: /home/david/ros_humble/proyecto_ws/KIT_Phantom_X_Pincher_ROS2/phantom_ws/install/phantomx_pincher_description/share/phantomx_pincher_description/meshes/DAE/objectsToPick/cilinder25Dx25h.dae
[0.217s] -- Up-to-date: /home/david/ros_humble/proyecto_ws/KIT_Phantom_X_Pincher_ROS2/phantom_ws/install/phantomx_pincher_description/share/phantomx_pincher_description/meshes/DAE/manijas
[0.217s] -- Up-to-date: /home/david/ros_humble/proyecto_ws/KIT_Phantom_X_Pincher_ROS2/phantom_ws/install/phantomx_pincher_description/share/phantomx_pincher_description/meshes/DAE/manijas/pataManija.dae
[0.217s] -- Up-to-date: /home/david/ros_humble/proyecto_ws/KIT_Phantom_X_Pincher_ROS2/phantom_ws/install/phantomx_pincher_description/share/phantomx_pincher_description/meshes/DAE/manijas/manija.dae
[0.217s] -- Up-to-date: /home/david/ros_humble/proyecto_ws/KIT_Phantom_X_Pincher_ROS2/phantom_ws/install/phantomx_pincher_description/share/phantomx_pincher_description/meshes/DAE/bases
[0.217s] -- Up-to-date: /home/david/ros_humble/proyecto_ws/KIT_Phantom_X_Pincher_ROS2/phantom_ws/install/phantomx_pincher_description/share/phantomx_pincher_description/meshes/DAE/bases/baseElementosFijos.dae
[0.217s] -- Up-to-date: /home/david/ros_humble/proyecto_ws/KIT_Phantom_X_Pincher_ROS2/phantom_ws/install/phantomx_pincher_description/share/phantomx_pincher_description/meshes/DAE/patas
[0.217s] -- Up-to-date: /home/david/ros_humble/proyecto_ws/KIT_Phantom_X_Pincher_ROS2/phantom_ws/install/phantomx_pincher_description/share/phantomx_pincher_description/meshes/DAE/patas/pataD15mm.dae
[0.217s] -- Up-to-date: /home/david/ros_humble/proyecto_ws/KIT_Phantom_X_Pincher_ROS2/phantom_ws/install/phantomx_pincher_description/share/phantomx_pincher_description/meshes/DAE/patas/pataD20mm.dae
[0.217s] -- Up-to-date: /home/david/ros_humble/proyecto_ws/KIT_Phantom_X_Pincher_ROS2/phantom_ws/install/phantomx_pincher_description/share/phantomx_pincher_description/meshes/DAE/tubosOvaladosNiquel
[0.217s] -- Up-to-date: /home/david/ros_humble/proyecto_ws/KIT_Phantom_X_Pincher_ROS2/phantom_ws/install/phantomx_pincher_description/share/phantomx_pincher_description/meshes/DAE/tubosOvaladosNiquel/Angujo.dae
[0.217s] -- Up-to-date: /home/david/ros_humble/proyecto_ws/KIT_Phantom_X_Pincher_ROS2/phantom_ws/install/phantomx_pincher_description/share/phantomx_pincher_description/meshes/DAE/tubosOvaladosNiquel/EncajeABaseTuboCloset.dae
[0.217s] -- Up-to-date: /home/david/ros_humble/proyecto_ws/KIT_Phantom_X_Pincher_ROS2/phantom_ws/install/phantomx_pincher_description/share/phantomx_pincher_description/meshes/DAE/Canecas
[0.226s] -- Up-to-date: /home/david/ros_humble/proyecto_ws/KIT_Phantom_X_Pincher_ROS2/phantom_ws/install/phantomx_pincher_description/share/phantomx_pincher_description/meshes/DAE/Canecas/CanecaGrandeConTapaSlide
[0.226s] -- Up-to-date: /home/david/ros_humble/proyecto_ws/KIT_Phantom_X_Pincher_ROS2/phantom_ws/install/phantomx_pincher_description/share/phantomx_pincher_description/meshes/DAE/Canecas/CanecaGrandeConTapaSlide/canecaGrande.dae
[0.227s] -- Up-to-date: /home/david/ros_humble/proyecto_ws/KIT_Phantom_X_Pincher_ROS2/phantom_ws/install/phantomx_pincher_description/share/phantomx_pincher_description/meshes/DAE/Canecas/CanecaGrandeConTapaSlide/CFFFP_elevacionCaneca.dae
[0.227s] -- Up-to-date: /home/david/ros_humble/proyecto_ws/KIT_Phantom_X_Pincher_ROS2/phantom_ws/install/phantomx_pincher_description/share/phantomx_pincher_description/meshes/DAE/Canecas/CanecaGrandeConTapaSlide/elevacionCaneca.dae
[0.227s] -- Up-to-date: /home/david/ros_humble/proyecto_ws/KIT_Phantom_X_Pincher_ROS2/phantom_ws/install/phantomx_pincher_description/share/phantomx_pincher_description/meshes/DAE/Canecas/CanecaGrandeConTapaSlide/tapaSlide.dae
[0.227s] -- Up-to-date: /home/david/ros_humble/proyecto_ws/KIT_Phantom_X_Pincher_ROS2/phantom_ws/install/phantomx_pincher_description/share/phantomx_pincher_description/meshes/DAE/cases
[0.227s] -- Up-to-date: /home/david/ros_humble/proyecto_ws/KIT_Phantom_X_Pincher_ROS2/phantom_ws/install/phantomx_pincher_description/share/phantomx_pincher_description/meshes/DAE/cases/caseArbotixM
[0.227s] -- Up-to-date: /home/david/ros_humble/proyecto_ws/KIT_Phantom_X_Pincher_ROS2/phantom_ws/install/phantomx_pincher_description/share/phantomx_pincher_description/meshes/DAE/cases/caseArbotixM/base.dae
[0.227s] -- Up-to-date: /home/david/ros_humble/proyecto_ws/KIT_Phantom_X_Pincher_ROS2/phantom_ws/install/phantomx_pincher_description/share/phantomx_pincher_description/meshes/DAE/cases/caseArbotixM/tapa.dae
[0.227s] -- Up-to-date: /home/david/ros_humble/proyecto_ws/KIT_Phantom_X_Pincher_ROS2/phantom_ws/install/phantomx_pincher_description/share/phantomx_pincher_description/meshes/DAE/cases/caseBaseRobot
[0.227s] -- Up-to-date: /home/david/ros_humble/proyecto_ws/KIT_Phantom_X_Pincher_ROS2/phantom_ws/install/phantomx_pincher_description/share/phantomx_pincher_description/meshes/DAE/cases/caseBaseRobot/numerosBases.dae
[0.231s] -- Up-to-date: /home/david/ros_humble/proyecto_ws/KIT_Phantom_X_Pincher_ROS2/phantom_ws/install/phantomx_pincher_description/share/phantomx_pincher_description/meshes/DAE/cases/caseBaseRobot/clipAnclajeNumero.dae
[0.231s] -- Up-to-date: /home/david/ros_humble/proyecto_ws/KIT_Phantom_X_Pincher_ROS2/phantom_ws/install/phantomx_pincher_description/share/phantomx_pincher_description/meshes/DAE/cases/caseBaseRobot/caseBaseRobot.dae
[0.231s] -- Up-to-date: /home/david/ros_humble/proyecto_ws/KIT_Phantom_X_Pincher_ROS2/phantom_ws/install/phantomx_pincher_description/share/phantomx_pincher_description/meshes/DAE/cases/caseUSB2Dynamixel
[0.232s] -- Up-to-date: /home/david/ros_humble/proyecto_ws/KIT_Phantom_X_Pincher_ROS2/phantom_ws/install/phantomx_pincher_description/share/phantomx_pincher_description/meshes/DAE/cases/caseUSB2Dynamixel/acoplePeque単o.dae
[0.232s] -- Up-to-date: /home/david/ros_humble/proyecto_ws/KIT_Phantom_X_Pincher_ROS2/phantom_ws/install/phantomx_pincher_description/share/phantomx_pincher_description/meshes/DAE/cases/caseUSB2Dynamixel/baseUBS2.dae
[0.232s] -- Up-to-date: /home/david/ros_humble/proyecto_ws/KIT_Phantom_X_Pincher_ROS2/phantom_ws/install/phantomx_pincher_description/share/phantomx_pincher_description/meshes/DAE/cases/caseUSB2Dynamixel/acopleGrande.dae
[0.232s] -- Up-to-date: /home/david/ros_humble/proyecto_ws/KIT_Phantom_X_Pincher_ROS2/phantom_ws/install/phantomx_pincher_description/share/phantomx_pincher_description/meshes/DAE/cases/cases
[0.232s] -- Up-to-date: /home/david/ros_humble/proyecto_ws/KIT_Phantom_X_Pincher_ROS2/phantom_ws/install/phantomx_pincher_description/share/phantomx_pincher_description/meshes/DAE/cases/cases/baseMicroAirPump370A.dae
[0.232s] -- Up-to-date: /home/david/ros_humble/proyecto_ws/KIT_Phantom_X_Pincher_ROS2/phantom_ws/install/phantomx_pincher_description/share/phantomx_pincher_description/meshes/DAE/cases/cases/tapaMicroAirPump370A.dae
[0.232s] -- Up-to-date: /home/david/ros_humble/proyecto_ws/KIT_Phantom_X_Pincher_ROS2/phantom_ws/install/phantomx_pincher_description/share/phantomx_pincher_description/meshes/DAE/cases/cases/caseRaspberryPi5
[0.232s] -- Up-to-date: /home/david/ros_humble/proyecto_ws/KIT_Phantom_X_Pincher_ROS2/phantom_ws/install/phantomx_pincher_description/share/phantomx_pincher_description/meshes/DAE/cases/cases/caseRaspberryPi5/baseCaseRaspberry.dae
[0.232s] -- Up-to-date: /home/david/ros_humble/proyecto_ws/KIT_Phantom_X_Pincher_ROS2/phantom_ws/install/phantomx_pincher_description/share/phantomx_pincher_description/meshes/DAE/cases/cases/caseRaspberryPi5/tapaRaspberry.dae
[0.232s] -- Up-to-date: /home/david/ros_humble/proyecto_ws/KIT_Phantom_X_Pincher_ROS2/phantom_ws/install/phantomx_pincher_description/share/phantomx_pincher_description/meshes/DAE/cases/cases/caseBaseRobot.dae
[0.232s] -- Up-to-date: /home/david/ros_humble/proyecto_ws/KIT_Phantom_X_Pincher_ROS2/phantom_ws/install/phantomx_pincher_description/share/phantomx_pincher_description/meshes/DAE/cases/casePowerHub
[0.232s] -- Up-to-date: /home/david/ros_humble/proyecto_ws/KIT_Phantom_X_Pincher_ROS2/phantom_ws/install/phantomx_pincher_description/share/phantomx_pincher_description/meshes/DAE/cases/casePowerHub/baseCasePowerHub.dae
[0.232s] -- Up-to-date: /home/david/ros_humble/proyecto_ws/KIT_Phantom_X_Pincher_ROS2/phantom_ws/install/phantomx_pincher_description/share/phantomx_pincher_description/meshes/DAE/cases/microAirpump
[0.232s] -- Up-to-date: /home/david/ros_humble/proyecto_ws/KIT_Phantom_X_Pincher_ROS2/phantom_ws/install/phantomx_pincher_description/share/phantomx_pincher_description/meshes/DAE/cases/microAirpump/caseAirpumpTop.dae
[0.232s] -- Up-to-date: /home/david/ros_humble/proyecto_ws/KIT_Phantom_X_Pincher_ROS2/phantom_ws/install/phantomx_pincher_description/share/phantomx_pincher_description/meshes/DAE/cases/microAirpump/caseAirpumpBottom.dae
[0.232s] -- Up-to-date: /home/david/ros_humble/proyecto_ws/KIT_Phantom_X_Pincher_ROS2/phantom_ws/install/phantomx_pincher_description/share/phantomx_pincher_description/meshes/DAE/cases/caseRaspberryPi5
[0.232s] -- Up-to-date: /home/david/ros_humble/proyecto_ws/KIT_Phantom_X_Pincher_ROS2/phantom_ws/install/phantomx_pincher_description/share/phantomx_pincher_description/meshes/DAE/cases/caseRaspberryPi5/baseCaseRaspberry.dae
[0.232s] -- Up-to-date: /home/david/ros_humble/proyecto_ws/KIT_Phantom_X_Pincher_ROS2/phantom_ws/install/phantomx_pincher_description/share/phantomx_pincher_description/meshes/DAE/cases/caseRaspberryPi5/tapaRaspberry.dae
[0.232s] -- Up-to-date: /home/david/ros_humble/proyecto_ws/KIT_Phantom_X_Pincher_ROS2/phantom_ws/install/phantomx_pincher_description/share/phantomx_pincher_description/meshes/DAE/cases/caseRaspberryPi5/tapaSlide.dae
[0.233s] -- Up-to-date: /home/david/ros_humble/proyecto_ws/KIT_Phantom_X_Pincher_ROS2/phantom_ws/install/phantomx_pincher_description/share/phantomx_pincher_description/meshes/DAE/anclajes
[0.233s] -- Up-to-date: /home/david/ros_humble/proyecto_ws/KIT_Phantom_X_Pincher_ROS2/phantom_ws/install/phantomx_pincher_description/share/phantomx_pincher_description/meshes/DAE/anclajes/anclajeEsquinaTapa.dae
[0.233s] -- Up-to-date: /home/david/ros_humble/proyecto_ws/KIT_Phantom_X_Pincher_ROS2/phantom_ws/install/phantomx_pincher_description/share/phantomx_pincher_description/meshes/DAE/anclajes/anclajeM10.dae
[0.233s] -- Up-to-date: /home/david/ros_humble/proyecto_ws/KIT_Phantom_X_Pincher_ROS2/phantom_ws/install/phantomx_pincher_description/share/phantomx_pincher_description/meshes/DAE/anclajes/CFFFP_anclajeEsquinaCanastilla.dae
[0.233s] -- Up-to-date: /home/david/ros_humble/proyecto_ws/KIT_Phantom_X_Pincher_ROS2/phantom_ws/install/phantomx_pincher_description/share/phantomx_pincher_description/meshes/DAE/anclajes/anclajeEsquinaCanastilla.dae
[0.233s] -- Up-to-date: /home/david/ros_humble/proyecto_ws/KIT_Phantom_X_Pincher_ROS2/phantom_ws/install/phantomx_pincher_description/share/phantomx_pincher_description/meshes/DAE/zonasDeRecoleccion
[0.233s] -- Up-to-date: /home/david/ros_humble/proyecto_ws/KIT_Phantom_X_Pincher_ROS2/phantom_ws/install/phantomx_pincher_description/share/phantomx_pincher_description/meshes/DAE/zonasDeRecoleccion/zonaCircular
[0.233s] -- Up-to-date: /home/david/ros_humble/proyecto_ws/KIT_Phantom_X_Pincher_ROS2/phantom_ws/install/phantomx_pincher_description/share/phantomx_pincher_description/meshes/DAE/zonasDeRecoleccion/zonaCircular/zonaCircular146mm.dae
[0.263s] -- Up-to-date: /home/david/ros_humble/proyecto_ws/KIT_Phantom_X_Pincher_ROS2/phantom_ws/install/phantomx_pincher_description/share/phantomx_pincher_description/meshes/collision
[0.263s] -- Up-to-date: /home/david/ros_humble/proyecto_ws/KIT_Phantom_X_Pincher_ROS2/phantom_ws/install/phantomx_pincher_description/share/phantomx_pincher_description/meshes/collision/task_board.stl
[0.263s] -- Up-to-date: /home/david/ros_humble/proyecto_ws/KIT_Phantom_X_Pincher_ROS2/phantom_ws/install/phantomx_pincher_description/share/phantomx_pincher_description/meshes/collision/finger.stl
[0.263s] -- Up-to-date: /home/david/ros_humble/proyecto_ws/KIT_Phantom_X_Pincher_ROS2/phantom_ws/install/phantomx_pincher_description/share/phantomx_pincher_description/meshes/STL
[0.263s] -- Up-to-date: /home/david/ros_humble/proyecto_ws/KIT_Phantom_X_Pincher_ROS2/phantom_ws/install/phantomx_pincher_description/share/phantomx_pincher_description/meshes/STL/objectsToPick
[0.263s] -- Up-to-date: /home/david/ros_humble/proyecto_ws/KIT_Phantom_X_Pincher_ROS2/phantom_ws/install/phantomx_pincher_description/share/phantomx_pincher_description/meshes/STL/objectsToPick/cube25x25.stl
[0.263s] -- Up-to-date: /home/david/ros_humble/proyecto_ws/KIT_Phantom_X_Pincher_ROS2/phantom_ws/install/phantomx_pincher_description/share/phantomx_pincher_description/meshes/STL/objectsToPick/cilinder25Dx25h.stl
[0.263s] -- Up-to-date: /home/david/ros_humble/proyecto_ws/KIT_Phantom_X_Pincher_ROS2/phantom_ws/install/phantomx_pincher_description/share/phantomx_pincher_description/meshes/STL/manijas
[0.264s] -- Up-to-date: /home/david/ros_humble/proyecto_ws/KIT_Phantom_X_Pincher_ROS2/phantom_ws/install/phantomx_pincher_description/share/phantomx_pincher_description/meshes/STL/manijas/pataManija.stl
[0.264s] -- Up-to-date: /home/david/ros_humble/proyecto_ws/KIT_Phantom_X_Pincher_ROS2/phantom_ws/install/phantomx_pincher_description/share/phantomx_pincher_description/meshes/STL/manijas/manija.stl
[0.264s] -- Up-to-date: /home/david/ros_humble/proyecto_ws/KIT_Phantom_X_Pincher_ROS2/phantom_ws/install/phantomx_pincher_description/share/phantomx_pincher_description/meshes/STL/bases
[0.264s] -- Up-to-date: /home/david/ros_humble/proyecto_ws/KIT_Phantom_X_Pincher_ROS2/phantom_ws/install/phantomx_pincher_description/share/phantomx_pincher_description/meshes/STL/bases/baseElementosFijos.stl
[0.264s] -- Up-to-date: /home/david/ros_humble/proyecto_ws/KIT_Phantom_X_Pincher_ROS2/phantom_ws/install/phantomx_pincher_description/share/phantomx_pincher_description/meshes/STL/patas
[0.264s] -- Up-to-date: /home/david/ros_humble/proyecto_ws/KIT_Phantom_X_Pincher_ROS2/phantom_ws/install/phantomx_pincher_description/share/phantomx_pincher_description/meshes/STL/patas/pataD15mm.stl
[0.264s] -- Up-to-date: /home/david/ros_humble/proyecto_ws/KIT_Phantom_X_Pincher_ROS2/phantom_ws/install/phantomx_pincher_description/share/phantomx_pincher_description/meshes/STL/patas/pataD20mm.stl
[0.264s] -- Up-to-date: /home/david/ros_humble/proyecto_ws/KIT_Phantom_X_Pincher_ROS2/phantom_ws/install/phantomx_pincher_description/share/phantomx_pincher_description/meshes/STL/tubosOvaladosNiquel
[0.264s] -- Up-to-date: /home/david/ros_humble/proyecto_ws/KIT_Phantom_X_Pincher_ROS2/phantom_ws/install/phantomx_pincher_description/share/phantomx_pincher_description/meshes/STL/tubosOvaladosNiquel/Angujo.stl
[0.264s] -- Up-to-date: /home/david/ros_humble/proyecto_ws/KIT_Phantom_X_Pincher_ROS2/phantom_ws/install/phantomx_pincher_description/share/phantomx_pincher_description/meshes/STL/tubosOvaladosNiquel/EncajeABaseConTornilloTuboCloset.stl
[0.264s] -- Up-to-date: /home/david/ros_humble/proyecto_ws/KIT_Phantom_X_Pincher_ROS2/phantom_ws/install/phantomx_pincher_description/share/phantomx_pincher_description/meshes/STL/tubosOvaladosNiquel/EncajeABaseTuboCloset.stl
[0.264s] -- Up-to-date: /home/david/ros_humble/proyecto_ws/KIT_Phantom_X_Pincher_ROS2/phantom_ws/install/phantomx_pincher_description/share/phantomx_pincher_description/meshes/STL/escudoUnal.dxf
[0.264s] -- Up-to-date: /home/david/ros_humble/proyecto_ws/KIT_Phantom_X_Pincher_ROS2/phantom_ws/install/phantomx_pincher_description/share/phantomx_pincher_description/meshes/STL/Canecas
[0.264s] -- Up-to-date: /home/david/ros_humble/proyecto_ws/KIT_Phantom_X_Pincher_ROS2/phantom_ws/install/phantomx_pincher_description/share/phantomx_pincher_description/meshes/STL/Canecas/CanecaGrandeConTapaSlide
[0.264s] -- Up-to-date: /home/david/ros_humble/proyecto_ws/KIT_Phantom_X_Pincher_ROS2/phantom_ws/install/phantomx_pincher_description/share/phantomx_pincher_description/meshes/STL/Canecas/CanecaGrandeConTapaSlide/ensambleCaneca.stl
[0.271s] -- Up-to-date: /home/david/ros_humble/proyecto_ws/KIT_Phantom_X_Pincher_ROS2/phantom_ws/install/phantomx_pincher_description/share/phantomx_pincher_description/meshes/STL/Canecas/CanecaGrandeConTapaSlide/elevacionCaneca.ipt
[0.273s] -- Up-to-date: /home/david/ros_humble/proyecto_ws/KIT_Phantom_X_Pincher_ROS2/phantom_ws/install/phantomx_pincher_description/share/phantomx_pincher_description/meshes/STL/Canecas/CanecaGrandeConTapaSlide/elevacionCaneca.stl
[0.273s] -- Up-to-date: /home/david/ros_humble/proyecto_ws/KIT_Phantom_X_Pincher_ROS2/phantom_ws/install/phantomx_pincher_description/share/phantomx_pincher_description/meshes/STL/Canecas/CanecaGrandeConTapaSlide/canecaGrande.stl
[0.273s] -- Up-to-date: /home/david/ros_humble/proyecto_ws/KIT_Phantom_X_Pincher_ROS2/phantom_ws/install/phantomx_pincher_description/share/phantomx_pincher_description/meshes/STL/Canecas/CanecaGrandeConTapaSlide/canecaCollision.ipt
[0.274s] -- Up-to-date: /home/david/ros_humble/proyecto_ws/KIT_Phantom_X_Pincher_ROS2/phantom_ws/install/phantomx_pincher_description/share/phantomx_pincher_description/meshes/STL/Canecas/CanecaGrandeConTapaSlide/OldVersions
[0.274s] -- Up-to-date: /home/david/ros_humble/proyecto_ws/KIT_Phantom_X_Pincher_ROS2/phantom_ws/install/phantomx_pincher_description/share/phantomx_pincher_description/meshes/STL/Canecas/CanecaGrandeConTapaSlide/OldVersions/canecaCollision.0002.ipt
[0.274s] -- Up-to-date: /home/david/ros_humble/proyecto_ws/KIT_Phantom_X_Pincher_ROS2/phantom_ws/install/phantomx_pincher_description/share/phantomx_pincher_description/meshes/STL/Canecas/CanecaGrandeConTapaSlide/CFFFP_elevacionCaneca.stl
[0.274s] -- Up-to-date: /home/david/ros_humble/proyecto_ws/KIT_Phantom_X_Pincher_ROS2/phantom_ws/install/phantomx_pincher_description/share/phantomx_pincher_description/meshes/STL/Canecas/CanecaGrandeConTapaSlide/canecaCollision.stl
[0.274s] -- Up-to-date: /home/david/ros_humble/proyecto_ws/KIT_Phantom_X_Pincher_ROS2/phantom_ws/install/phantomx_pincher_description/share/phantomx_pincher_description/meshes/STL/Canecas/CanecaGrandeConTapaSlide/tapaSlide.stl
[0.274s] -- Up-to-date: /home/david/ros_humble/proyecto_ws/KIT_Phantom_X_Pincher_ROS2/phantom_ws/install/phantomx_pincher_description/share/phantomx_pincher_description/meshes/STL/Canecas/OldVersions
[0.274s] -- Up-to-date: /home/david/ros_humble/proyecto_ws/KIT_Phantom_X_Pincher_ROS2/phantom_ws/install/phantomx_pincher_description/share/phantomx_pincher_description/meshes/STL/Canecas/OldVersions/escudoUnal.0002.ipt
[0.274s] -- Up-to-date: /home/david/ros_humble/proyecto_ws/KIT_Phantom_X_Pincher_ROS2/phantom_ws/install/phantomx_pincher_description/share/phantomx_pincher_description/meshes/STL/Canecas/escudoUnal.ipt
[0.274s] -- Up-to-date: /home/david/ros_humble/proyecto_ws/KIT_Phantom_X_Pincher_ROS2/phantom_ws/install/phantomx_pincher_description/share/phantomx_pincher_description/meshes/STL/cases
[0.274s] -- Up-to-date: /home/david/ros_humble/proyecto_ws/KIT_Phantom_X_Pincher_ROS2/phantom_ws/install/phantomx_pincher_description/share/phantomx_pincher_description/meshes/STL/cases/caseArbotixM
[0.274s] -- Up-to-date: /home/david/ros_humble/proyecto_ws/KIT_Phantom_X_Pincher_ROS2/phantom_ws/install/phantomx_pincher_description/share/phantomx_pincher_description/meshes/STL/cases/caseArbotixM/base.stl
[0.274s] -- Up-to-date: /home/david/ros_humble/proyecto_ws/KIT_Phantom_X_Pincher_ROS2/phantom_ws/install/phantomx_pincher_description/share/phantomx_pincher_description/meshes/STL/cases/caseArbotixM/tapa.stl
[0.274s] -- Up-to-date: /home/david/ros_humble/proyecto_ws/KIT_Phantom_X_Pincher_ROS2/phantom_ws/install/phantomx_pincher_description/share/phantomx_pincher_description/meshes/STL/cases/caseBaseRobot
[0.274s] -- Up-to-date: /home/david/ros_humble/proyecto_ws/KIT_Phantom_X_Pincher_ROS2/phantom_ws/install/phantomx_pincher_description/share/phantomx_pincher_description/meshes/STL/cases/caseBaseRobot/clipAnclajeNumero.stl
[0.274s] -- Up-to-date: /home/david/ros_humble/proyecto_ws/KIT_Phantom_X_Pincher_ROS2/phantom_ws/install/phantomx_pincher_description/share/phantomx_pincher_description/meshes/STL/cases/caseBaseRobot/caseBaseRobot.stl
[0.275s] -- Up-to-date: /home/david/ros_humble/proyecto_ws/KIT_Phantom_X_Pincher_ROS2/phantom_ws/install/phantomx_pincher_description/share/phantomx_pincher_description/meshes/STL/cases/caseBaseRobot/numerosBases.stl
[0.275s] -- Up-to-date: /home/david/ros_humble/proyecto_ws/KIT_Phantom_X_Pincher_ROS2/phantom_ws/install/phantomx_pincher_description/share/phantomx_pincher_description/meshes/STL/cases/caseUSB2Dynamixel
[0.275s] -- Up-to-date: /home/david/ros_humble/proyecto_ws/KIT_Phantom_X_Pincher_ROS2/phantom_ws/install/phantomx_pincher_description/share/phantomx_pincher_description/meshes/STL/cases/caseUSB2Dynamixel/baseUBS2.stl
[0.282s] -- Up-to-date: /home/david/ros_humble/proyecto_ws/KIT_Phantom_X_Pincher_ROS2/phantom_ws/install/phantomx_pincher_description/share/phantomx_pincher_description/meshes/STL/cases/caseUSB2Dynamixel/acoplePeque単o.stl
[0.283s] -- Up-to-date: /home/david/ros_humble/proyecto_ws/KIT_Phantom_X_Pincher_ROS2/phantom_ws/install/phantomx_pincher_description/share/phantomx_pincher_description/meshes/STL/cases/caseUSB2Dynamixel/OldVersions
[0.283s] -- Up-to-date: /home/david/ros_humble/proyecto_ws/KIT_Phantom_X_Pincher_ROS2/phantom_ws/install/phantomx_pincher_description/share/phantomx_pincher_description/meshes/STL/cases/caseUSB2Dynamixel/OldVersions/baseUBS2.0001.ipt
[0.283s] -- Up-to-date: /home/david/ros_humble/proyecto_ws/KIT_Phantom_X_Pincher_ROS2/phantom_ws/install/phantomx_pincher_description/share/phantomx_pincher_description/meshes/STL/cases/caseUSB2Dynamixel/OldVersions/acoplePeque単o.0002.ipt
[0.283s] -- Up-to-date: /home/david/ros_humble/proyecto_ws/KIT_Phantom_X_Pincher_ROS2/phantom_ws/install/phantomx_pincher_description/share/phantomx_pincher_description/meshes/STL/cases/caseUSB2Dynamixel/OldVersions/acopleGrande.0001.ipt
[0.283s] -- Up-to-date: /home/david/ros_humble/proyecto_ws/KIT_Phantom_X_Pincher_ROS2/phantom_ws/install/phantomx_pincher_description/share/phantomx_pincher_description/meshes/STL/cases/caseUSB2Dynamixel/acopleGrande.stl
[0.283s] -- Up-to-date: /home/david/ros_humble/proyecto_ws/KIT_Phantom_X_Pincher_ROS2/phantom_ws/install/phantomx_pincher_description/share/phantomx_pincher_description/meshes/STL/cases/cases
[0.283s] -- Up-to-date: /home/david/ros_humble/proyecto_ws/KIT_Phantom_X_Pincher_ROS2/phantom_ws/install/phantomx_pincher_description/share/phantomx_pincher_description/meshes/STL/cases/cases/baseMicroAirPump370A.stl
[0.283s] -- Up-to-date: /home/david/ros_humble/proyecto_ws/KIT_Phantom_X_Pincher_ROS2/phantom_ws/install/phantomx_pincher_description/share/phantomx_pincher_description/meshes/STL/cases/cases/caseBaseRobot.stl
[0.283s] -- Up-to-date: /home/david/ros_humble/proyecto_ws/KIT_Phantom_X_Pincher_ROS2/phantom_ws/install/phantomx_pincher_description/share/phantomx_pincher_description/meshes/STL/cases/cases/tapaMicroAirPump370A.stl
[0.283s] -- Up-to-date: /home/david/ros_humble/proyecto_ws/KIT_Phantom_X_Pincher_ROS2/phantom_ws/install/phantomx_pincher_description/share/phantomx_pincher_description/meshes/STL/cases/cases/caseRaspberryPi5
[0.283s] -- Up-to-date: /home/david/ros_humble/proyecto_ws/KIT_Phantom_X_Pincher_ROS2/phantom_ws/install/phantomx_pincher_description/share/phantomx_pincher_description/meshes/STL/cases/cases/caseRaspberryPi5/CFFFP_tapaRaspberry.3mf
[0.283s] -- Up-to-date: /home/david/ros_humble/proyecto_ws/KIT_Phantom_X_Pincher_ROS2/phantom_ws/install/phantomx_pincher_description/share/phantomx_pincher_description/meshes/STL/cases/cases/caseRaspberryPi5/baseCaseRaspberry.stl
[0.283s] -- Up-to-date: /home/david/ros_humble/proyecto_ws/KIT_Phantom_X_Pincher_ROS2/phantom_ws/install/phantomx_pincher_description/share/phantomx_pincher_description/meshes/STL/cases/cases/caseRaspberryPi5/tapaRaspberry.stl
[0.283s] -- Up-to-date: /home/david/ros_humble/proyecto_ws/KIT_Phantom_X_Pincher_ROS2/phantom_ws/install/phantomx_pincher_description/share/phantomx_pincher_description/meshes/STL/cases/casePowerHub
[0.284s] -- Up-to-date: /home/david/ros_humble/proyecto_ws/KIT_Phantom_X_Pincher_ROS2/phantom_ws/install/phantomx_pincher_description/share/phantomx_pincher_description/meshes/STL/cases/casePowerHub/baseCasePowerHub.stl
[0.284s] -- Up-to-date: /home/david/ros_humble/proyecto_ws/KIT_Phantom_X_Pincher_ROS2/phantom_ws/install/phantomx_pincher_description/share/phantomx_pincher_description/meshes/STL/cases/microAirpump
[0.284s] -- Up-to-date: /home/david/ros_humble/proyecto_ws/KIT_Phantom_X_Pincher_ROS2/phantom_ws/install/phantomx_pincher_description/share/phantomx_pincher_description/meshes/STL/cases/microAirpump/caseAirpumpTop.stl
[0.284s] -- Up-to-date: /home/david/ros_humble/proyecto_ws/KIT_Phantom_X_Pincher_ROS2/phantom_ws/install/phantomx_pincher_description/share/phantomx_pincher_description/meshes/STL/cases/microAirpump/ensambleAirpump.stl
[0.284s] -- Up-to-date: /home/david/ros_humble/proyecto_ws/KIT_Phantom_X_Pincher_ROS2/phantom_ws/install/phantomx_pincher_description/share/phantomx_pincher_description/meshes/STL/cases/microAirpump/caseAirpumpBottom.stl
[0.284s] -- Up-to-date: /home/david/ros_humble/proyecto_ws/KIT_Phantom_X_Pincher_ROS2/phantom_ws/install/phantomx_pincher_description/share/phantomx_pincher_description/meshes/STL/cases/caseRaspberryPi5
[0.284s] -- Up-to-date: /home/david/ros_humble/proyecto_ws/KIT_Phantom_X_Pincher_ROS2/phantom_ws/install/phantomx_pincher_description/share/phantomx_pincher_description/meshes/STL/cases/caseRaspberryPi5/CFFFP_baseCaseRaspberry.3mf
[0.284s] -- Up-to-date: /home/david/ros_humble/proyecto_ws/KIT_Phantom_X_Pincher_ROS2/phantom_ws/install/phantomx_pincher_description/share/phantomx_pincher_description/meshes/STL/cases/caseRaspberryPi5/baseCaseRaspberry.stl
[0.284s] -- Up-to-date: /home/david/ros_humble/proyecto_ws/KIT_Phantom_X_Pincher_ROS2/phantom_ws/install/phantomx_pincher_description/share/phantomx_pincher_description/meshes/STL/cases/caseRaspberryPi5/tapaRaspberry.stl
[0.284s] -- Up-to-date: /home/david/ros_humble/proyecto_ws/KIT_Phantom_X_Pincher_ROS2/phantom_ws/install/phantomx_pincher_description/share/phantomx_pincher_description/meshes/STL/cases/caseRaspberryPi5/tapaSlide.stl
[0.284s] -- Up-to-date: /home/david/ros_humble/proyecto_ws/KIT_Phantom_X_Pincher_ROS2/phantom_ws/install/phantomx_pincher_description/share/phantomx_pincher_description/meshes/STL/anclajes
[0.284s] -- Up-to-date: /home/david/ros_humble/proyecto_ws/KIT_Phantom_X_Pincher_ROS2/phantom_ws/install/phantomx_pincher_description/share/phantomx_pincher_description/meshes/STL/anclajes/CFFFP_anclajeEsquinaCanastilla.stl
[0.284s] -- Up-to-date: /home/david/ros_humble/proyecto_ws/KIT_Phantom_X_Pincher_ROS2/phantom_ws/install/phantomx_pincher_description/share/phantomx_pincher_description/meshes/STL/anclajes/anclajeEsquinaTapa.stl
[0.284s] -- Up-to-date: /home/david/ros_humble/proyecto_ws/KIT_Phantom_X_Pincher_ROS2/phantom_ws/install/phantomx_pincher_description/share/phantomx_pincher_description/meshes/STL/anclajes/anclajeEsquinaCanastilla.stl
[0.296s] -- Up-to-date: /home/david/ros_humble/proyecto_ws/KIT_Phantom_X_Pincher_ROS2/phantom_ws/install/phantomx_pincher_description/share/phantomx_pincher_description/meshes/STL/anclajes/anclajeM10.stl
[0.296s] -- Up-to-date: /home/david/ros_humble/proyecto_ws/KIT_Phantom_X_Pincher_ROS2/phantom_ws/install/phantomx_pincher_description/share/phantomx_pincher_description/meshes/STL/zonasDeRecoleccion
[0.296s] -- Up-to-date: /home/david/ros_humble/proyecto_ws/KIT_Phantom_X_Pincher_ROS2/phantom_ws/install/phantomx_pincher_description/share/phantomx_pincher_description/meshes/STL/zonasDeRecoleccion/zonaCircular
[0.297s] -- Up-to-date: /home/david/ros_humble/proyecto_ws/KIT_Phantom_X_Pincher_ROS2/phantom_ws/install/phantomx_pincher_description/share/phantomx_pincher_description/meshes/STL/zonasDeRecoleccion/zonaCircular/zonaCircular146mm.stl
[0.297s] -- Up-to-date: /home/david/ros_humble/proyecto_ws/KIT_Phantom_X_Pincher_ROS2/phantom_ws/install/phantomx_pincher_description/share/phantomx_pincher_description/meshes/visual
[0.297s] -- Up-to-date: /home/david/ros_humble/proyecto_ws/KIT_Phantom_X_Pincher_ROS2/phantom_ws/install/phantomx_pincher_description/share/phantomx_pincher_description/meshes/visual/f4.dae
[0.297s] -- Up-to-date: /home/david/ros_humble/proyecto_ws/KIT_Phantom_X_Pincher_ROS2/phantom_ws/install/phantomx_pincher_description/share/phantomx_pincher_description/meshes/visual/f3.dae
[0.297s] -- Up-to-date: /home/david/ros_humble/proyecto_ws/KIT_Phantom_X_Pincher_ROS2/phantom_ws/install/phantomx_pincher_description/share/phantomx_pincher_description/meshes/visual/task_board.dae
[0.297s] -- Up-to-date: /home/david/ros_humble/proyecto_ws/KIT_Phantom_X_Pincher_ROS2/phantom_ws/install/phantomx_pincher_description/share/phantomx_pincher_description/meshes/visual/ax12.dae
[0.297s] -- Up-to-date: /home/david/ros_humble/proyecto_ws/KIT_Phantom_X_Pincher_ROS2/phantom_ws/install/phantomx_pincher_description/share/phantomx_pincher_description/meshes/visual/f10.dae
[0.297s] -- Up-to-date: /home/david/ros_humble/proyecto_ws/KIT_Phantom_X_Pincher_ROS2/phantom_ws/install/phantomx_pincher_description/share/phantomx_pincher_description/meshes/visual/task_board_module_phantomx_pincher_mount.dae
[0.297s] -- Up-to-date: /home/david/ros_humble/proyecto_ws/KIT_Phantom_X_Pincher_ROS2/phantom_ws/install/phantomx_pincher_description/share/phantomx_pincher_description/meshes/visual/finger.dae
[0.297s] -- Up-to-date: /home/david/ros_humble/proyecto_ws/KIT_Phantom_X_Pincher_ROS2/phantom_ws/install/phantomx_pincher_description/share/phantomx_pincher_description/meshes/visual/phantomx_pincher_mount.dae
[0.297s] -- Up-to-date: /home/david/ros_humble/proyecto_ws/KIT_Phantom_X_Pincher_ROS2/phantom_ws/install/phantomx_pincher_description/share/phantomx_pincher_description/meshes/visual/gripper_base.dae
[0.298s] -- Up-to-date: /home/david/ros_humble/proyecto_ws/KIT_Phantom_X_Pincher_ROS2/phantom_ws/install/phantomx_pincher_description/share/phantomx_pincher_description/meshes/visual/f2.dae
[0.298s] -- Up-to-date: /home/david/ros_humble/proyecto_ws/KIT_Phantom_X_Pincher_ROS2/phantom_ws/install/phantomx_pincher_description/share/phantomx_pincher_description/rviz
[0.298s] -- Up-to-date: /home/david/ros_humble/proyecto_ws/KIT_Phantom_X_Pincher_ROS2/phantom_ws/install/phantomx_pincher_description/share/phantomx_pincher_description/rviz/view.rviz
[0.298s] -- Up-to-date: /home/david/ros_humble/proyecto_ws/KIT_Phantom_X_Pincher_ROS2/phantom_ws/install/phantomx_pincher_description/share/phantomx_pincher_description/urdf
[0.298s] -- Up-to-date: /home/david/ros_humble/proyecto_ws/KIT_Phantom_X_Pincher_ROS2/phantom_ws/install/phantomx_pincher_description/share/phantomx_pincher_description/urdf/phantomx_pincher_mounting.xacro
[0.298s] -- Up-to-date: /home/david/ros_humble/proyecto_ws/KIT_Phantom_X_Pincher_ROS2/phantom_ws/install/phantomx_pincher_description/share/phantomx_pincher_description/urdf/phantomx_pincher.urdf
[0.298s] -- Up-to-date: /home/david/ros_humble/proyecto_ws/KIT_Phantom_X_Pincher_ROS2/phantom_ws/install/phantomx_pincher_description/share/phantomx_pincher_description/urdf/kit.xacro
[0.298s] -- Up-to-date: /home/david/ros_humble/proyecto_ws/KIT_Phantom_X_Pincher_ROS2/phantom_ws/install/phantomx_pincher_description/share/phantomx_pincher_description/urdf/phantomx_pincher_inertial.xacro
[0.299s] -- Installing: /home/david/ros_humble/proyecto_ws/KIT_Phantom_X_Pincher_ROS2/phantom_ws/install/phantomx_pincher_description/share/phantomx_pincher_description/urdf/phantomx_pincher_arm.xacro
[0.299s] -- Up-to-date: /home/david/ros_humble/proyecto_ws/KIT_Phantom_X_Pincher_ROS2/phantom_ws/install/phantomx_pincher_description/share/phantomx_pincher_description/urdf/phantomx_pincher.ros2_control
[0.299s] -- Up-to-date: /home/david/ros_humble/proyecto_ws/KIT_Phantom_X_Pincher_ROS2/phantom_ws/install/phantomx_pincher_description/share/phantomx_pincher_description/urdf/phantomx_pincher.gazebo
[0.299s] -- Up-to-date: /home/david/ros_humble/proyecto_ws/KIT_Phantom_X_Pincher_ROS2/phantom_ws/install/phantomx_pincher_description/share/phantomx_pincher_description/urdf/phantomx_pincher.urdf.xacro
[0.299s] -- Up-to-date: /home/david/ros_humble/proyecto_ws/KIT_Phantom_X_Pincher_ROS2/phantom_ws/install/phantomx_pincher_description/share/phantomx_pincher_description/urdf/phantomx_pincher_hardware.xacro
[0.299s] -- Up-to-date: /home/david/ros_humble/proyecto_ws/KIT_Phantom_X_Pincher_ROS2/phantom_ws/install/phantomx_pincher_description/share/phantomx_pincher_description/urdf/phantomx_pincher_utils.xacro
[0.299s] -- Up-to-date: /home/david/ros_humble/proyecto_ws/KIT_Phantom_X_Pincher_ROS2/phantom_ws/install/phantomx_pincher_description/share/phantomx_pincher_description/meshes
[0.299s] -- Up-to-date: /home/david/ros_humble/proyecto_ws/KIT_Phantom_X_Pincher_ROS2/phantom_ws/install/phantomx_pincher_description/share/phantomx_pincher_description/meshes/DAE
[0.299s] -- Up-to-date: /home/david/ros_humble/proyecto_ws/KIT_Phantom_X_Pincher_ROS2/phantom_ws/install/phantomx_pincher_description/share/phantomx_pincher_description/meshes/DAE/objectsToPick
[0.299s] -- Up-to-date: /home/david/ros_humble/proyecto_ws/KIT_Phantom_X_Pincher_ROS2/phantom_ws/install/phantomx_pincher_description/share/phantomx_pincher_description/meshes/DAE/objectsToPick/cube25x25.dae
[0.316s] -- Up-to-date: /home/david/ros_humble/proyecto_ws/KIT_Phantom_X_Pincher_ROS2/phantom_ws/install/phantomx_pincher_description/share/phantomx_pincher_description/meshes/DAE/objectsToPick/cilinder25Dx25h.dae
[0.317s] -- Up-to-date: /home/david/ros_humble/proyecto_ws/KIT_Phantom_X_Pincher_ROS2/phantom_ws/install/phantomx_pincher_description/share/phantomx_pincher_description/meshes/DAE/manijas
[0.317s] -- Up-to-date: /home/david/ros_humble/proyecto_ws/KIT_Phantom_X_Pincher_ROS2/phantom_ws/install/phantomx_pincher_description/share/phantomx_pincher_description/meshes/DAE/manijas/pataManija.dae
[0.317s] -- Up-to-date: /home/david/ros_humble/proyecto_ws/KIT_Phantom_X_Pincher_ROS2/phantom_ws/install/phantomx_pincher_description/share/phantomx_pincher_description/meshes/DAE/manijas/manija.dae
[0.317s] -- Up-to-date: /home/david/ros_humble/proyecto_ws/KIT_Phantom_X_Pincher_ROS2/phantom_ws/install/phantomx_pincher_description/share/phantomx_pincher_description/meshes/DAE/bases
[0.317s] -- Up-to-date: /home/david/ros_humble/proyecto_ws/KIT_Phantom_X_Pincher_ROS2/phantom_ws/install/phantomx_pincher_description/share/phantomx_pincher_description/meshes/DAE/bases/baseElementosFijos.dae
[0.317s] -- Up-to-date: /home/david/ros_humble/proyecto_ws/KIT_Phantom_X_Pincher_ROS2/phantom_ws/install/phantomx_pincher_description/share/phantomx_pincher_description/meshes/DAE/patas
[0.317s] -- Up-to-date: /home/david/ros_humble/proyecto_ws/KIT_Phantom_X_Pincher_ROS2/phantom_ws/install/phantomx_pincher_description/share/phantomx_pincher_description/meshes/DAE/patas/pataD15mm.dae
[0.317s] -- Up-to-date: /home/david/ros_humble/proyecto_ws/KIT_Phantom_X_Pincher_ROS2/phantom_ws/install/phantomx_pincher_description/share/phantomx_pincher_description/meshes/DAE/patas/pataD20mm.dae
[0.317s] -- Up-to-date: /home/david/ros_humble/proyecto_ws/KIT_Phantom_X_Pincher_ROS2/phantom_ws/install/phantomx_pincher_description/share/phantomx_pincher_description/meshes/DAE/tubosOvaladosNiquel
[0.317s] -- Up-to-date: /home/david/ros_humble/proyecto_ws/KIT_Phantom_X_Pincher_ROS2/phantom_ws/install/phantomx_pincher_description/share/phantomx_pincher_description/meshes/DAE/tubosOvaladosNiquel/Angujo.dae
[0.317s] -- Up-to-date: /home/david/ros_humble/proyecto_ws/KIT_Phantom_X_Pincher_ROS2/phantom_ws/install/phantomx_pincher_description/share/phantomx_pincher_description/meshes/DAE/tubosOvaladosNiquel/EncajeABaseTuboCloset.dae
[0.320s] -- Up-to-date: /home/david/ros_humble/proyecto_ws/KIT_Phantom_X_Pincher_ROS2/phantom_ws/install/phantomx_pincher_description/share/phantomx_pincher_description/meshes/DAE/Canecas
[0.321s] -- Up-to-date: /home/david/ros_humble/proyecto_ws/KIT_Phantom_X_Pincher_ROS2/phantom_ws/install/phantomx_pincher_description/share/phantomx_pincher_description/meshes/DAE/Canecas/CanecaGrandeConTapaSlide
[0.321s] -- Up-to-date: /home/david/ros_humble/proyecto_ws/KIT_Phantom_X_Pincher_ROS2/phantom_ws/install/phantomx_pincher_description/share/phantomx_pincher_description/meshes/DAE/Canecas/CanecaGrandeConTapaSlide/canecaGrande.dae
[0.331s] -- Up-to-date: /home/david/ros_humble/proyecto_ws/KIT_Phantom_X_Pincher_ROS2/phantom_ws/install/phantomx_pincher_description/share/phantomx_pincher_description/meshes/DAE/Canecas/CanecaGrandeConTapaSlide/CFFFP_elevacionCaneca.dae
[0.331s] -- Up-to-date: /home/david/ros_humble/proyecto_ws/KIT_Phantom_X_Pincher_ROS2/phantom_ws/install/phantomx_pincher_description/share/phantomx_pincher_description/meshes/DAE/Canecas/CanecaGrandeConTapaSlide/elevacionCaneca.dae
[0.331s] -- Up-to-date: /home/david/ros_humble/proyecto_ws/KIT_Phantom_X_Pincher_ROS2/phantom_ws/install/phantomx_pincher_description/share/phantomx_pincher_description/meshes/DAE/Canecas/CanecaGrandeConTapaSlide/tapaSlide.dae
[0.331s] -- Up-to-date: /home/david/ros_humble/proyecto_ws/KIT_Phantom_X_Pincher_ROS2/phantom_ws/install/phantomx_pincher_description/share/phantomx_pincher_description/meshes/DAE/cases
[0.331s] -- Up-to-date: /home/david/ros_humble/proyecto_ws/KIT_Phantom_X_Pincher_ROS2/phantom_ws/install/phantomx_pincher_description/share/phantomx_pincher_description/meshes/DAE/cases/caseArbotixM
[0.331s] -- Up-to-date: /home/david/ros_humble/proyecto_ws/KIT_Phantom_X_Pincher_ROS2/phantom_ws/install/phantomx_pincher_description/share/phantomx_pincher_description/meshes/DAE/cases/caseArbotixM/base.dae
[0.331s] -- Up-to-date: /home/david/ros_humble/proyecto_ws/KIT_Phantom_X_Pincher_ROS2/phantom_ws/install/phantomx_pincher_description/share/phantomx_pincher_description/meshes/DAE/cases/caseArbotixM/tapa.dae
[0.331s] -- Up-to-date: /home/david/ros_humble/proyecto_ws/KIT_Phantom_X_Pincher_ROS2/phantom_ws/install/phantomx_pincher_description/share/phantomx_pincher_description/meshes/DAE/cases/caseBaseRobot
[0.331s] -- Up-to-date: /home/david/ros_humble/proyecto_ws/KIT_Phantom_X_Pincher_ROS2/phantom_ws/install/phantomx_pincher_description/share/phantomx_pincher_description/meshes/DAE/cases/caseBaseRobot/numerosBases.dae
[0.331s] -- Up-to-date: /home/david/ros_humble/proyecto_ws/KIT_Phantom_X_Pincher_ROS2/phantom_ws/install/phantomx_pincher_description/share/phantomx_pincher_description/meshes/DAE/cases/caseBaseRobot/clipAnclajeNumero.dae
[0.331s] -- Up-to-date: /home/david/ros_humble/proyecto_ws/KIT_Phantom_X_Pincher_ROS2/phantom_ws/install/phantomx_pincher_description/share/phantomx_pincher_description/meshes/DAE/cases/caseBaseRobot/caseBaseRobot.dae
[0.331s] -- Up-to-date: /home/david/ros_humble/proyecto_ws/KIT_Phantom_X_Pincher_ROS2/phantom_ws/install/phantomx_pincher_description/share/phantomx_pincher_description/meshes/DAE/cases/caseUSB2Dynamixel
[0.333s] -- Up-to-date: /home/david/ros_humble/proyecto_ws/KIT_Phantom_X_Pincher_ROS2/phantom_ws/install/phantomx_pincher_description/share/phantomx_pincher_description/meshes/DAE/cases/caseUSB2Dynamixel/acoplePeque単o.dae
[0.334s] -- Up-to-date: /home/david/ros_humble/proyecto_ws/KIT_Phantom_X_Pincher_ROS2/phantom_ws/install/phantomx_pincher_description/share/phantomx_pincher_description/meshes/DAE/cases/caseUSB2Dynamixel/baseUBS2.dae
[0.334s] -- Up-to-date: /home/david/ros_humble/proyecto_ws/KIT_Phantom_X_Pincher_ROS2/phantom_ws/install/phantomx_pincher_description/share/phantomx_pincher_description/meshes/DAE/cases/caseUSB2Dynamixel/acopleGrande.dae
[0.334s] -- Up-to-date: /home/david/ros_humble/proyecto_ws/KIT_Phantom_X_Pincher_ROS2/phantom_ws/install/phantomx_pincher_description/share/phantomx_pincher_description/meshes/DAE/cases/cases
[0.334s] -- Up-to-date: /home/david/ros_humble/proyecto_ws/KIT_Phantom_X_Pincher_ROS2/phantom_ws/install/phantomx_pincher_description/share/phantomx_pincher_description/meshes/DAE/cases/cases/baseMicroAirPump370A.dae
[0.334s] -- Up-to-date: /home/david/ros_humble/proyecto_ws/KIT_Phantom_X_Pincher_ROS2/phantom_ws/install/phantomx_pincher_description/share/phantomx_pincher_description/meshes/DAE/cases/cases/tapaMicroAirPump370A.dae
[0.334s] -- Up-to-date: /home/david/ros_humble/proyecto_ws/KIT_Phantom_X_Pincher_ROS2/phantom_ws/install/phantomx_pincher_description/share/phantomx_pincher_description/meshes/DAE/cases/cases/caseRaspberryPi5
[0.334s] -- Up-to-date: /home/david/ros_humble/proyecto_ws/KIT_Phantom_X_Pincher_ROS2/phantom_ws/install/phantomx_pincher_description/share/phantomx_pincher_description/meshes/DAE/cases/cases/caseRaspberryPi5/baseCaseRaspberry.dae
[0.334s] -- Up-to-date: /home/david/ros_humble/proyecto_ws/KIT_Phantom_X_Pincher_ROS2/phantom_ws/install/phantomx_pincher_description/share/phantomx_pincher_description/meshes/DAE/cases/cases/caseRaspberryPi5/tapaRaspberry.dae
[0.334s] -- Up-to-date: /home/david/ros_humble/proyecto_ws/KIT_Phantom_X_Pincher_ROS2/phantom_ws/install/phantomx_pincher_description/share/phantomx_pincher_description/meshes/DAE/cases/cases/caseBaseRobot.dae
[0.334s] -- Up-to-date: /home/david/ros_humble/proyecto_ws/KIT_Phantom_X_Pincher_ROS2/phantom_ws/install/phantomx_pincher_description/share/phantomx_pincher_description/meshes/DAE/cases/casePowerHub
[0.334s] -- Up-to-date: /home/david/ros_humble/proyecto_ws/KIT_Phantom_X_Pincher_ROS2/phantom_ws/install/phantomx_pincher_description/share/phantomx_pincher_description/meshes/DAE/cases/casePowerHub/baseCasePowerHub.dae
[0.334s] -- Up-to-date: /home/david/ros_humble/proyecto_ws/KIT_Phantom_X_Pincher_ROS2/phantom_ws/install/phantomx_pincher_description/share/phantomx_pincher_description/meshes/DAE/cases/microAirpump
[0.337s] -- Up-to-date: /home/david/ros_humble/proyecto_ws/KIT_Phantom_X_Pincher_ROS2/phantom_ws/install/phantomx_pincher_description/share/phantomx_pincher_description/meshes/DAE/cases/microAirpump/caseAirpumpTop.dae
[0.337s] -- Up-to-date: /home/david/ros_humble/proyecto_ws/KIT_Phantom_X_Pincher_ROS2/phantom_ws/install/phantomx_pincher_description/share/phantomx_pincher_description/meshes/DAE/cases/microAirpump/caseAirpumpBottom.dae
[0.337s] -- Up-to-date: /home/david/ros_humble/proyecto_ws/KIT_Phantom_X_Pincher_ROS2/phantom_ws/install/phantomx_pincher_description/share/phantomx_pincher_description/meshes/DAE/cases/caseRaspberryPi5
[0.337s] -- Up-to-date: /home/david/ros_humble/proyecto_ws/KIT_Phantom_X_Pincher_ROS2/phantom_ws/install/phantomx_pincher_description/share/phantomx_pincher_description/meshes/DAE/cases/caseRaspberryPi5/baseCaseRaspberry.dae
[0.337s] -- Up-to-date: /home/david/ros_humble/proyecto_ws/KIT_Phantom_X_Pincher_ROS2/phantom_ws/install/phantomx_pincher_description/share/phantomx_pincher_description/meshes/DAE/cases/caseRaspberryPi5/tapaRaspberry.dae
[0.337s] -- Up-to-date: /home/david/ros_humble/proyecto_ws/KIT_Phantom_X_Pincher_ROS2/phantom_ws/install/phantomx_pincher_description/share/phantomx_pincher_description/meshes/DAE/cases/caseRaspberryPi5/tapaSlide.dae
[0.337s] -- Up-to-date: /home/david/ros_humble/proyecto_ws/KIT_Phantom_X_Pincher_ROS2/phantom_ws/install/phantomx_pincher_description/share/phantomx_pincher_description/meshes/DAE/anclajes
[0.337s] -- Up-to-date: /home/david/ros_humble/proyecto_ws/KIT_Phantom_X_Pincher_ROS2/phantom_ws/install/phantomx_pincher_description/share/phantomx_pincher_description/meshes/DAE/anclajes/anclajeEsquinaTapa.dae
[0.337s] -- Up-to-date: /home/david/ros_humble/proyecto_ws/KIT_Phantom_X_Pincher_ROS2/phantom_ws/install/phantomx_pincher_description/share/phantomx_pincher_description/meshes/DAE/anclajes/anclajeM10.dae
[0.337s] -- Up-to-date: /home/david/ros_humble/proyecto_ws/KIT_Phantom_X_Pincher_ROS2/phantom_ws/install/phantomx_pincher_description/share/phantomx_pincher_description/meshes/DAE/anclajes/CFFFP_anclajeEsquinaCanastilla.dae
[0.337s] -- Up-to-date: /home/david/ros_humble/proyecto_ws/KIT_Phantom_X_Pincher_ROS2/phantom_ws/install/phantomx_pincher_description/share/phantomx_pincher_description/meshes/DAE/anclajes/anclajeEsquinaCanastilla.dae
[0.337s] -- Up-to-date: /home/david/ros_humble/proyecto_ws/KIT_Phantom_X_Pincher_ROS2/phantom_ws/install/phantomx_pincher_description/share/phantomx_pincher_description/meshes/DAE/zonasDeRecoleccion
[0.337s] -- Up-to-date: /home/david/ros_humble/proyecto_ws/KIT_Phantom_X_Pincher_ROS2/phantom_ws/install/phantomx_pincher_description/share/phantomx_pincher_description/meshes/DAE/zonasDeRecoleccion/zonaCircular
[0.337s] -- Up-to-date: /home/david/ros_humble/proyecto_ws/KIT_Phantom_X_Pincher_ROS2/phantom_ws/install/phantomx_pincher_description/share/phantomx_pincher_description/meshes/DAE/zonasDeRecoleccion/zonaCircular/zonaCircular146mm.dae
[0.337s] -- Up-to-date: /home/david/ros_humble/proyecto_ws/KIT_Phantom_X_Pincher_ROS2/phantom_ws/install/phantomx_pincher_description/share/phantomx_pincher_description/meshes/collision
[0.337s] -- Up-to-date: /home/david/ros_humble/proyecto_ws/KIT_Phantom_X_Pincher_ROS2/phantom_ws/install/phantomx_pincher_description/share/phantomx_pincher_description/meshes/collision/task_board.stl
[0.337s] -- Up-to-date: /home/david/ros_humble/proyecto_ws/KIT_Phantom_X_Pincher_ROS2/phantom_ws/install/phantomx_pincher_description/share/phantomx_pincher_description/meshes/collision/finger.stl
[0.340s] -- Up-to-date: /home/david/ros_humble/proyecto_ws/KIT_Phantom_X_Pincher_ROS2/phantom_ws/install/phantomx_pincher_description/share/phantomx_pincher_description/meshes/STL
[0.340s] -- Up-to-date: /home/david/ros_humble/proyecto_ws/KIT_Phantom_X_Pincher_ROS2/phantom_ws/install/phantomx_pincher_description/share/phantomx_pincher_description/meshes/STL/ensambleCaneca.stl
[0.340s] -- Up-to-date: /home/david/ros_humble/proyecto_ws/KIT_Phantom_X_Pincher_ROS2/phantom_ws/install/phantomx_pincher_description/share/phantomx_pincher_description/meshes/STL/ensambleSoporteCamara.stl
[0.340s] -- Up-to-date: /home/david/ros_humble/proyecto_ws/KIT_Phantom_X_Pincher_ROS2/phantom_ws/install/phantomx_pincher_description/share/phantomx_pincher_description/meshes/STL/ensambleAirpump.stl
[0.340s] -- Up-to-date: /home/david/ros_humble/proyecto_ws/KIT_Phantom_X_Pincher_ROS2/phantom_ws/install/phantomx_pincher_description/share/phantomx_pincher_description/meshes/STL/canecaGrande.stl
[0.340s] -- Up-to-date: /home/david/ros_humble/proyecto_ws/KIT_Phantom_X_Pincher_ROS2/phantom_ws/install/phantomx_pincher_description/share/phantomx_pincher_description/meshes/STL/canastilla.stl
[0.340s] -- Up-to-date: /home/david/ros_humble/proyecto_ws/KIT_Phantom_X_Pincher_ROS2/phantom_ws/install/phantomx_pincher_description/share/phantomx_pincher_description/meshes/STL/caseBaseRobot.stl
[0.340s] -- Up-to-date: /home/david/ros_humble/proyecto_ws/KIT_Phantom_X_Pincher_ROS2/phantom_ws/install/phantomx_pincher_description/share/phantomx_pincher_description/meshes/STL/manija.stl
[0.340s] -- Up-to-date: /home/david/ros_humble/proyecto_ws/KIT_Phantom_X_Pincher_ROS2/phantom_ws/install/phantomx_pincher_description/share/phantomx_pincher_description/meshes/STL/zonaCircular146mm.stl
[0.341s] -- Up-to-date: /home/david/ros_humble/proyecto_ws/KIT_Phantom_X_Pincher_ROS2/phantom_ws/install/phantomx_pincher_description/share/phantomx_pincher_description/meshes/STL/baseElementosFijos.stl
[0.341s] -- Up-to-date: /home/david/ros_humble/proyecto_ws/KIT_Phantom_X_Pincher_ROS2/phantom_ws/install/phantomx_pincher_description/share/phantomx_pincher_description/meshes/visual
[0.341s] -- Up-to-date: /home/david/ros_humble/proyecto_ws/KIT_Phantom_X_Pincher_ROS2/phantom_ws/install/phantomx_pincher_description/share/phantomx_pincher_description/meshes/visual/f4.dae
[0.341s] -- Up-to-date: /home/david/ros_humble/proyecto_ws/KIT_Phantom_X_Pincher_ROS2/phantom_ws/install/phantomx_pincher_description/share/phantomx_pincher_description/meshes/visual/f3.dae
[0.341s] -- Up-to-date: /home/david/ros_humble/proyecto_ws/KIT_Phantom_X_Pincher_ROS2/phantom_ws/install/phantomx_pincher_description/share/phantomx_pincher_description/meshes/visual/task_board.dae
[0.341s] -- Up-to-date: /home/david/ros_humble/proyecto_ws/KIT_Phantom_X_Pincher_ROS2/phantom_ws/install/phantomx_pincher_description/share/phantomx_pincher_description/meshes/visual/ax12.dae
[0.341s] -- Up-to-date: /home/david/ros_humble/proyecto_ws/KIT_Phantom_X_Pincher_ROS2/phantom_ws/install/phantomx_pincher_description/share/phantomx_pincher_description/meshes/visual/f10.dae
[0.341s] -- Up-to-date: /home/david/ros_humble/proyecto_ws/KIT_Phantom_X_Pincher_ROS2/phantom_ws/install/phantomx_pincher_description/share/phantomx_pincher_description/meshes/visual/task_board_module_phantomx_pincher_mount.dae
[0.341s] -- Up-to-date: /home/david/ros_humble/proyecto_ws/KIT_Phantom_X_Pincher_ROS2/phantom_ws/install/phantomx_pincher_description/share/phantomx_pincher_description/meshes/visual/finger.dae
[0.341s] -- Up-to-date: /home/david/ros_humble/proyecto_ws/KIT_Phantom_X_Pincher_ROS2/phantom_ws/install/phantomx_pincher_description/share/phantomx_pincher_description/meshes/visual/phantomx_pincher_mount.dae
[0.341s] -- Up-to-date: /home/david/ros_humble/proyecto_ws/KIT_Phantom_X_Pincher_ROS2/phantom_ws/install/phantomx_pincher_description/share/phantomx_pincher_description/meshes/visual/gripper_base.dae
[0.341s] -- Up-to-date: /home/david/ros_humble/proyecto_ws/KIT_Phantom_X_Pincher_ROS2/phantom_ws/install/phantomx_pincher_description/share/phantomx_pincher_description/meshes/visual/f2.dae
[0.341s] -- Up-to-date: /home/david/ros_humble/proyecto_ws/KIT_Phantom_X_Pincher_ROS2/phantom_ws/install/phantomx_pincher_description/share/phantomx_pincher_description/environment/phantomx_pincher_description.dsv
[0.341s] -- Up-to-date: /home/david/ros_humble/proyecto_ws/KIT_Phantom_X_Pincher_ROS2/phantom_ws/install/phantomx_pincher_description/share/phantomx_pincher_description/environment/phantomx_pincher_description.sh
[0.341s] -- Up-to-date: /home/david/ros_humble/proyecto_ws/KIT_Phantom_X_Pincher_ROS2/phantom_ws/install/phantomx_pincher_description/share/ament_index/resource_index/package_run_dependencies/phantomx_pincher_description
[0.343s] -- Up-to-date: /home/david/ros_humble/proyecto_ws/KIT_Phantom_X_Pincher_ROS2/phantom_ws/install/phantomx_pincher_description/share/ament_index/resource_index/parent_prefix_path/phantomx_pincher_description
[0.350s] -- Up-to-date: /home/david/ros_humble/proyecto_ws/KIT_Phantom_X_Pincher_ROS2/phantom_ws/install/phantomx_pincher_description/share/phantomx_pincher_description/environment/ament_prefix_path.sh
[0.350s] -- Up-to-date: /home/david/ros_humble/proyecto_ws/KIT_Phantom_X_Pincher_ROS2/phantom_ws/install/phantomx_pincher_description/share/phantomx_pincher_description/environment/ament_prefix_path.dsv
[0.350s] -- Up-to-date: /home/david/ros_humble/proyecto_ws/KIT_Phantom_X_Pincher_ROS2/phantom_ws/install/phantomx_pincher_description/share/phantomx_pincher_description/environment/path.sh
[0.350s] -- Up-to-date: /home/david/ros_humble/proyecto_ws/KIT_Phantom_X_Pincher_ROS2/phantom_ws/install/phantomx_pincher_description/share/phantomx_pincher_description/environment/path.dsv
[0.350s] -- Up-to-date: /home/david/ros_humble/proyecto_ws/KIT_Phantom_X_Pincher_ROS2/phantom_ws/install/phantomx_pincher_description/share/phantomx_pincher_description/local_setup.bash
[0.350s] -- Up-to-date: /home/david/ros_humble/proyecto_ws/KIT_Phantom_X_Pincher_ROS2/phantom_ws/install/phantomx_pincher_description/share/phantomx_pincher_description/local_setup.sh
[0.350s] -- Up-to-date: /home/david/ros_humble/proyecto_ws/KIT_Phantom_X_Pincher_ROS2/phantom_ws/install/phantomx_pincher_description/share/phantomx_pincher_description/local_setup.zsh
[0.350s] -- Up-to-date: /home/david/ros_humble/proyecto_ws/KIT_Phantom_X_Pincher_ROS2/phantom_ws/install/phantomx_pincher_description/share/phantomx_pincher_description/local_setup.dsv
[0.351s] -- Installing: /home/david/ros_humble/proyecto_ws/KIT_Phantom_X_Pincher_ROS2/phantom_ws/install/phantomx_pincher_description/share/phantomx_pincher_description/package.dsv
[0.351s] -- Up-to-date: /home/david/ros_humble/proyecto_ws/KIT_Phantom_X_Pincher_ROS2/phantom_ws/install/phantomx_pincher_description/share/ament_index/resource_index/packages/phantomx_pincher_description
[0.351s] -- Up-to-date: /home/david/ros_humble/proyecto_ws/KIT_Phantom_X_Pincher_ROS2/phantom_ws/install/phantomx_pincher_description/share/phantomx_pincher_description/cmake/phantomx_pincher_descriptionConfig.cmake
[0.351s] -- Up-to-date: /home/david/ros_humble/proyecto_ws/KIT_Phantom_X_Pincher_ROS2/phantom_ws/install/phantomx_pincher_description/share/phantomx_pincher_description/cmake/phantomx_pincher_descriptionConfig-version.cmake
[0.351s] -- Up-to-date: /home/david/ros_humble/proyecto_ws/KIT_Phantom_X_Pincher_ROS2/phantom_ws/install/phantomx_pincher_description/share/phantomx_pincher_description/package.xml
[0.380s] Invoked command in '/home/david/ros_humble/proyecto_ws/KIT_Phantom_X_Pincher_ROS2/phantom_ws/build/phantomx_pincher_description' returned '0': CMAKE_PREFIX_PATH=${CMAKE_PREFIX_PATH}:/home/david/ros_humble/proyecto_ws/KIT_Phantom_X_Pincher_ROS2/phantom_ws/install/pincher_cproyect:/home/david/ros_humble/proyecto_ws/KIT_Phantom_X_Pincher_ROS2/phantom_ws/install/pincher_control:/opt/ros/humble /usr/bin/cmake --install /home/david/ros_humble/proyecto_ws/KIT_Phantom_X_Pincher_ROS2/phantom_ws/build/phantomx_pincher_description
