[0.009s] Invoking command in '/home/david/ros_humble/proyecto_ws/KIT_Phantom_X_Pincher_ROS2/phantom_ws/build/phantomx_pincher_commander_cpp': AMENT_PREFIX_PATH=/home/david/ros_humble/proyecto_ws/KIT_Phantom_X_Pincher_ROS2/phantom_ws/install/phantomx_pincher_interfaces CMAKE_PREFIX_PATH=/home/david/ros_humble/proyecto_ws/KIT_Phantom_X_Pincher_ROS2/phantom_ws/install/phantomx_pincher_interfaces LD_LIBRARY_PATH=/home/david/ros_humble/proyecto_ws/KIT_Phantom_X_Pincher_ROS2/phantom_ws/install/phantomx_pincher_interfaces/lib PYTHONPATH=/home/david/ros_humble/proyecto_ws/KIT_Phantom_X_Pincher_ROS2/phantom_ws/install/phantomx_pincher_interfaces/local/lib/python3.10/dist-packages /usr/bin/cmake --build /home/david/ros_humble/proyecto_ws/KIT_Phantom_X_Pincher_ROS2/phantom_ws/build/phantomx_pincher_commander_cpp -- -j2 -l2
[0.109s] [ 50%] Built target test_moveit
[0.110s] [100%] Built target commander
[0.122s] Invoked command in '/home/david/ros_humble/proyecto_ws/KIT_Phantom_X_Pincher_ROS2/phantom_ws/build/phantomx_pincher_commander_cpp' returned '0': AMENT_PREFIX_PATH=/home/david/ros_humble/proyecto_ws/KIT_Phantom_X_Pincher_ROS2/phantom_ws/install/phantomx_pincher_interfaces CMAKE_PREFIX_PATH=/home/david/ros_humble/proyecto_ws/KIT_Phantom_X_Pincher_ROS2/phantom_ws/install/phantomx_pincher_interfaces LD_LIBRARY_PATH=/home/david/ros_humble/proyecto_ws/KIT_Phantom_X_Pincher_ROS2/phantom_ws/install/phantomx_pincher_interfaces/lib PYTHONPATH=/home/david/ros_humble/proyecto_ws/KIT_Phantom_X_Pincher_ROS2/phantom_ws/install/phantomx_pincher_interfaces/local/lib/python3.10/dist-packages /usr/bin/cmake --build /home/david/ros_humble/proyecto_ws/KIT_Phantom_X_Pincher_ROS2/phantom_ws/build/phantomx_pincher_commander_cpp -- -j2 -l2
[0.129s] Invoking command in '/home/david/ros_humble/proyecto_ws/KIT_Phantom_X_Pincher_ROS2/phantom_ws/build/phantomx_pincher_commander_cpp': AMENT_PREFIX_PATH=/home/david/ros_humble/proyecto_ws/KIT_Phantom_X_Pincher_ROS2/phantom_ws/install/phantomx_pincher_interfaces CMAKE_PREFIX_PATH=/home/david/ros_humble/proyecto_ws/KIT_Phantom_X_Pincher_ROS2/phantom_ws/install/phantomx_pincher_interfaces LD_LIBRARY_PATH=/home/david/ros_humble/proyecto_ws/KIT_Phantom_X_Pincher_ROS2/phantom_ws/install/phantomx_pincher_interfaces/lib PYTHONPATH=/home/david/ros_humble/proyecto_ws/KIT_Phantom_X_Pincher_ROS2/phantom_ws/install/phantomx_pincher_interfaces/local/lib/python3.10/dist-packages /usr/bin/cmake --install /home/david/ros_humble/proyecto_ws/KIT_Phantom_X_Pincher_ROS2/phantom_ws/build/phantomx_pincher_commander_cpp
[0.133s] -- Install configuration: ""
[0.136s] -- Up-to-date: /home/david/ros_humble/proyecto_ws/KIT_Phantom_X_Pincher_ROS2/phantom_ws/install/phantomx_pincher_commander_cpp/lib/phantomx_pincher_commander_cpp/test_moveit
[0.136s] -- Up-to-date: /home/david/ros_humble/proyecto_ws/KIT_Phantom_X_Pincher_ROS2/phantom_ws/install/phantomx_pincher_commander_cpp/lib/phantomx_pincher_commander_cpp/commander
[0.136s] -- Up-to-date: /home/david/ros_humble/proyecto_ws/KIT_Phantom_X_Pincher_ROS2/phantom_ws/install/phantomx_pincher_commander_cpp/share/ament_index/resource_index/package_run_dependencies/phantomx_pincher_commander_cpp
[0.136s] -- Up-to-date: /home/david/ros_humble/proyecto_ws/KIT_Phantom_X_Pincher_ROS2/phantom_ws/install/phantomx_pincher_commander_cpp/share/ament_index/resource_index/parent_prefix_path/phantomx_pincher_commander_cpp
[0.136s] -- Up-to-date: /home/david/ros_humble/proyecto_ws/KIT_Phantom_X_Pincher_ROS2/phantom_ws/install/phantomx_pincher_commander_cpp/share/phantomx_pincher_commander_cpp/environment/ament_prefix_path.sh
[0.136s] -- Up-to-date: /home/david/ros_humble/proyecto_ws/KIT_Phantom_X_Pincher_ROS2/phantom_ws/install/phantomx_pincher_commander_cpp/share/phantomx_pincher_commander_cpp/environment/ament_prefix_path.dsv
[0.136s] -- Up-to-date: /home/david/ros_humble/proyecto_ws/KIT_Phantom_X_Pincher_ROS2/phantom_ws/install/phantomx_pincher_commander_cpp/share/phantomx_pincher_commander_cpp/environment/path.sh
[0.136s] -- Up-to-date: /home/david/ros_humble/proyecto_ws/KIT_Phantom_X_Pincher_ROS2/phantom_ws/install/phantomx_pincher_commander_cpp/share/phantomx_pincher_commander_cpp/environment/path.dsv
[0.136s] -- Up-to-date: /home/david/ros_humble/proyecto_ws/KIT_Phantom_X_Pincher_ROS2/phantom_ws/install/phantomx_pincher_commander_cpp/share/phantomx_pincher_commander_cpp/local_setup.bash
[0.136s] -- Up-to-date: /home/david/ros_humble/proyecto_ws/KIT_Phantom_X_Pincher_ROS2/phantom_ws/install/phantomx_pincher_commander_cpp/share/phantomx_pincher_commander_cpp/local_setup.sh
[0.136s] -- Up-to-date: /home/david/ros_humble/proyecto_ws/KIT_Phantom_X_Pincher_ROS2/phantom_ws/install/phantomx_pincher_commander_cpp/share/phantomx_pincher_commander_cpp/local_setup.zsh
[0.136s] -- Up-to-date: /home/david/ros_humble/proyecto_ws/KIT_Phantom_X_Pincher_ROS2/phantom_ws/install/phantomx_pincher_commander_cpp/share/phantomx_pincher_commander_cpp/local_setup.dsv
[0.136s] -- Installing: /home/david/ros_humble/proyecto_ws/KIT_Phantom_X_Pincher_ROS2/phantom_ws/install/phantomx_pincher_commander_cpp/share/phantomx_pincher_commander_cpp/package.dsv
[0.137s] -- Up-to-date: /home/david/ros_humble/proyecto_ws/KIT_Phantom_X_Pincher_ROS2/phantom_ws/install/phantomx_pincher_commander_cpp/share/ament_index/resource_index/packages/phantomx_pincher_commander_cpp
[0.137s] -- Up-to-date: /home/david/ros_humble/proyecto_ws/KIT_Phantom_X_Pincher_ROS2/phantom_ws/install/phantomx_pincher_commander_cpp/share/phantomx_pincher_commander_cpp/cmake/phantomx_pincher_commander_cppConfig.cmake
[0.137s] -- Up-to-date: /home/david/ros_humble/proyecto_ws/KIT_Phantom_X_Pincher_ROS2/phantom_ws/install/phantomx_pincher_commander_cpp/share/phantomx_pincher_commander_cpp/cmake/phantomx_pincher_commander_cppConfig-version.cmake
[0.137s] -- Up-to-date: /home/david/ros_humble/proyecto_ws/KIT_Phantom_X_Pincher_ROS2/phantom_ws/install/phantomx_pincher_commander_cpp/share/phantomx_pincher_commander_cpp/package.xml
[0.139s] Invoked command in '/home/david/ros_humble/proyecto_ws/KIT_Phantom_X_Pincher_ROS2/phantom_ws/build/phantomx_pincher_commander_cpp' returned '0': AMENT_PREFIX_PATH=/home/david/ros_humble/proyecto_ws/KIT_Phantom_X_Pincher_ROS2/phantom_ws/install/phantomx_pincher_interfaces CMAKE_PREFIX_PATH=/home/david/ros_humble/proyecto_ws/KIT_Phantom_X_Pincher_ROS2/phantom_ws/install/phantomx_pincher_interfaces LD_LIBRARY_PATH=/home/david/ros_humble/proyecto_ws/KIT_Phantom_X_Pincher_ROS2/phantom_ws/install/phantomx_pincher_interfaces/lib PYTHONPATH=/home/david/ros_humble/proyecto_ws/KIT_Phantom_X_Pincher_ROS2/phantom_ws/install/phantomx_pincher_interfaces/local/lib/python3.10/dist-packages /usr/bin/cmake --install /home/david/ros_humble/proyecto_ws/KIT_Phantom_X_Pincher_ROS2/phantom_ws/build/phantomx_pincher_commander_cpp
