[0.019s] Invoking command in '/home/david/ros_humble/proyecto_ws/KIT_Phantom_X_Pincher_ROS2/phantom_ws/build/phantomx_pincher_interfaces': CMAKE_PREFIX_PATH=${CMAKE_PREFIX_PATH}:/home/david/ros_humble/proyecto_ws/KIT_Phantom_X_Pincher_ROS2/phantom_ws/install/pincher_cproyect:/home/david/ros_humble/proyecto_ws/KIT_Phantom_X_Pincher_ROS2/phantom_ws/install/pincher_control:/opt/ros/humble /usr/bin/cmake --build /home/david/ros_humble/proyecto_ws/KIT_Phantom_X_Pincher_ROS2/phantom_ws/build/phantomx_pincher_interfaces -- -j2 -l2
[0.079s] [  3%] Built target phantomx_pincher_interfaces__cpp
[0.120s] [ 12%] Built target phantomx_pincher_interfaces__rosidl_generator_c
[0.212s] [ 12%] Built target ament_cmake_python_copy_phantomx_pincher_interfaces
[0.263s] [ 22%] Built target phantomx_pincher_interfaces__rosidl_typesupport_introspection_cpp
[0.363s] [ 32%] Built target phantomx_pincher_interfaces__rosidl_typesupport_fastrtps_c
[0.485s] [ 41%] Built target phantomx_pincher_interfaces__rosidl_typesupport_cpp
[0.526s] [ 51%] Built target phantomx_pincher_interfaces__rosidl_typesupport_introspection_c
[0.579s] [ 61%] Built target phantomx_pincher_interfaces__rosidl_typesupport_c
[0.627s] [ 70%] Built target phantomx_pincher_interfaces__rosidl_typesupport_fastrtps_cpp
[1.376s] running egg_info
[1.380s] writing phantomx_pincher_interfaces.egg-info/PKG-INFO
[1.380s] writing dependency_links to phantomx_pincher_interfaces.egg-info/dependency_links.txt
[1.380s] writing top-level names to phantomx_pincher_interfaces.egg-info/top_level.txt
[1.388s] reading manifest file 'phantomx_pincher_interfaces.egg-info/SOURCES.txt'
[1.389s] writing manifest file 'phantomx_pincher_interfaces.egg-info/SOURCES.txt'
[1.487s] [ 70%] Built target ament_cmake_python_build_phantomx_pincher_interfaces_egg
[1.521s] [ 70%] Built target phantomx_pincher_interfaces
[1.614s] [ 74%] Built target phantomx_pincher_interfaces__py
[1.694s] [ 80%] Built target phantomx_pincher_interfaces__rosidl_generator_py
[1.737s] [ 87%] Built target phantomx_pincher_interfaces__rosidl_typesupport_fastrtps_c__pyext
[1.772s] [ 93%] Built target phantomx_pincher_interfaces__rosidl_typesupport_introspection_c__pyext
[1.820s] [100%] Built target phantomx_pincher_interfaces__rosidl_typesupport_c__pyext
[1.848s] Invoked command in '/home/david/ros_humble/proyecto_ws/KIT_Phantom_X_Pincher_ROS2/phantom_ws/build/phantomx_pincher_interfaces' returned '0': CMAKE_PREFIX_PATH=${CMAKE_PREFIX_PATH}:/home/david/ros_humble/proyecto_ws/KIT_Phantom_X_Pincher_ROS2/phantom_ws/install/pincher_cproyect:/home/david/ros_humble/proyecto_ws/KIT_Phantom_X_Pincher_ROS2/phantom_ws/install/pincher_control:/opt/ros/humble /usr/bin/cmake --build /home/david/ros_humble/proyecto_ws/KIT_Phantom_X_Pincher_ROS2/phantom_ws/build/phantomx_pincher_interfaces -- -j2 -l2
[1.849s] Invoking command in '/home/david/ros_humble/proyecto_ws/KIT_Phantom_X_Pincher_ROS2/phantom_ws/build/phantomx_pincher_interfaces': CMAKE_PREFIX_PATH=${CMAKE_PREFIX_PATH}:/home/david/ros_humble/proyecto_ws/KIT_Phantom_X_Pincher_ROS2/phantom_ws/install/pincher_cproyect:/home/david/ros_humble/proyecto_ws/KIT_Phantom_X_Pincher_ROS2/phantom_ws/install/pincher_control:/opt/ros/humble /usr/bin/cmake --install /home/david/ros_humble/proyecto_ws/KIT_Phantom_X_Pincher_ROS2/phantom_ws/build/phantomx_pincher_interfaces
[1.874s] -- Install configuration: ""
[1.874s] -- Up-to-date: /home/david/ros_humble/proyecto_ws/KIT_Phantom_X_Pincher_ROS2/phantom_ws/install/phantomx_pincher_interfaces/share/ament_index/resource_index/rosidl_interfaces/phantomx_pincher_interfaces
[1.874s] -- Up-to-date: /home/david/ros_humble/proyecto_ws/KIT_Phantom_X_Pincher_ROS2/phantom_ws/install/phantomx_pincher_interfaces/include/phantomx_pincher_interfaces/phantomx_pincher_interfaces
[1.874s] -- Up-to-date: /home/david/ros_humble/proyecto_ws/KIT_Phantom_X_Pincher_ROS2/phantom_ws/install/phantomx_pincher_interfaces/include/phantomx_pincher_interfaces/phantomx_pincher_interfaces/msg
[1.874s] -- Up-to-date: /home/david/ros_humble/proyecto_ws/KIT_Phantom_X_Pincher_ROS2/phantom_ws/install/phantomx_pincher_interfaces/include/phantomx_pincher_interfaces/phantomx_pincher_interfaces/msg/rosidl_generator_c__visibility_control.h
[1.874s] -- Up-to-date: /home/david/ros_humble/proyecto_ws/KIT_Phantom_X_Pincher_ROS2/phantom_ws/install/phantomx_pincher_interfaces/include/phantomx_pincher_interfaces/phantomx_pincher_interfaces/msg/pose_command.h
[1.874s] -- Up-to-date: /home/david/ros_humble/proyecto_ws/KIT_Phantom_X_Pincher_ROS2/phantom_ws/install/phantomx_pincher_interfaces/include/phantomx_pincher_interfaces/phantomx_pincher_interfaces/msg/detail
[1.874s] -- Up-to-date: /home/david/ros_humble/proyecto_ws/KIT_Phantom_X_Pincher_ROS2/phantom_ws/install/phantomx_pincher_interfaces/include/phantomx_pincher_interfaces/phantomx_pincher_interfaces/msg/detail/pose_command__functions.c
[1.874s] -- Up-to-date: /home/david/ros_humble/proyecto_ws/KIT_Phantom_X_Pincher_ROS2/phantom_ws/install/phantomx_pincher_interfaces/include/phantomx_pincher_interfaces/phantomx_pincher_interfaces/msg/detail/pose_command__struct.h
[1.874s] -- Up-to-date: /home/david/ros_humble/proyecto_ws/KIT_Phantom_X_Pincher_ROS2/phantom_ws/install/phantomx_pincher_interfaces/include/phantomx_pincher_interfaces/phantomx_pincher_interfaces/msg/detail/pose_command__type_support.h
[1.874s] -- Up-to-date: /home/david/ros_humble/proyecto_ws/KIT_Phantom_X_Pincher_ROS2/phantom_ws/install/phantomx_pincher_interfaces/include/phantomx_pincher_interfaces/phantomx_pincher_interfaces/msg/detail/pose_command__functions.h
[1.874s] -- Up-to-date: /home/david/ros_humble/proyecto_ws/KIT_Phantom_X_Pincher_ROS2/phantom_ws/install/phantomx_pincher_interfaces/share/phantomx_pincher_interfaces/environment/library_path.sh
[1.874s] -- Up-to-date: /home/david/ros_humble/proyecto_ws/KIT_Phantom_X_Pincher_ROS2/phantom_ws/install/phantomx_pincher_interfaces/share/phantomx_pincher_interfaces/environment/library_path.dsv
[1.874s] -- Up-to-date: /home/david/ros_humble/proyecto_ws/KIT_Phantom_X_Pincher_ROS2/phantom_ws/install/phantomx_pincher_interfaces/lib/libphantomx_pincher_interfaces__rosidl_generator_c.so
[1.875s] -- Up-to-date: /home/david/ros_humble/proyecto_ws/KIT_Phantom_X_Pincher_ROS2/phantom_ws/install/phantomx_pincher_interfaces/include/phantomx_pincher_interfaces/phantomx_pincher_interfaces
[1.875s] -- Up-to-date: /home/david/ros_humble/proyecto_ws/KIT_Phantom_X_Pincher_ROS2/phantom_ws/install/phantomx_pincher_interfaces/include/phantomx_pincher_interfaces/phantomx_pincher_interfaces/msg
[1.875s] -- Up-to-date: /home/david/ros_humble/proyecto_ws/KIT_Phantom_X_Pincher_ROS2/phantom_ws/install/phantomx_pincher_interfaces/include/phantomx_pincher_interfaces/phantomx_pincher_interfaces/msg/rosidl_typesupport_fastrtps_c__visibility_control.h
[1.875s] -- Up-to-date: /home/david/ros_humble/proyecto_ws/KIT_Phantom_X_Pincher_ROS2/phantom_ws/install/phantomx_pincher_interfaces/include/phantomx_pincher_interfaces/phantomx_pincher_interfaces/msg/detail
[1.880s] -- Up-to-date: /home/david/ros_humble/proyecto_ws/KIT_Phantom_X_Pincher_ROS2/phantom_ws/install/phantomx_pincher_interfaces/include/phantomx_pincher_interfaces/phantomx_pincher_interfaces/msg/detail/pose_command__rosidl_typesupport_fastrtps_c.h
[1.882s] -- Up-to-date: /home/david/ros_humble/proyecto_ws/KIT_Phantom_X_Pincher_ROS2/phantom_ws/install/phantomx_pincher_interfaces/lib/libphantomx_pincher_interfaces__rosidl_typesupport_fastrtps_c.so
[1.882s] -- Up-to-date: /home/david/ros_humble/proyecto_ws/KIT_Phantom_X_Pincher_ROS2/phantom_ws/install/phantomx_pincher_interfaces/include/phantomx_pincher_interfaces/phantomx_pincher_interfaces
[1.882s] -- Up-to-date: /home/david/ros_humble/proyecto_ws/KIT_Phantom_X_Pincher_ROS2/phantom_ws/install/phantomx_pincher_interfaces/include/phantomx_pincher_interfaces/phantomx_pincher_interfaces/msg
[1.882s] -- Up-to-date: /home/david/ros_humble/proyecto_ws/KIT_Phantom_X_Pincher_ROS2/phantom_ws/install/phantomx_pincher_interfaces/include/phantomx_pincher_interfaces/phantomx_pincher_interfaces/msg/rosidl_typesupport_introspection_c__visibility_control.h
[1.882s] -- Up-to-date: /home/david/ros_humble/proyecto_ws/KIT_Phantom_X_Pincher_ROS2/phantom_ws/install/phantomx_pincher_interfaces/include/phantomx_pincher_interfaces/phantomx_pincher_interfaces/msg/detail
[1.882s] -- Up-to-date: /home/david/ros_humble/proyecto_ws/KIT_Phantom_X_Pincher_ROS2/phantom_ws/install/phantomx_pincher_interfaces/include/phantomx_pincher_interfaces/phantomx_pincher_interfaces/msg/detail/pose_command__type_support.c
[1.882s] -- Up-to-date: /home/david/ros_humble/proyecto_ws/KIT_Phantom_X_Pincher_ROS2/phantom_ws/install/phantomx_pincher_interfaces/include/phantomx_pincher_interfaces/phantomx_pincher_interfaces/msg/detail/pose_command__rosidl_typesupport_introspection_c.h
[1.882s] -- Up-to-date: /home/david/ros_humble/proyecto_ws/KIT_Phantom_X_Pincher_ROS2/phantom_ws/install/phantomx_pincher_interfaces/lib/libphantomx_pincher_interfaces__rosidl_typesupport_introspection_c.so
[1.883s] -- Up-to-date: /home/david/ros_humble/proyecto_ws/KIT_Phantom_X_Pincher_ROS2/phantom_ws/install/phantomx_pincher_interfaces/lib/libphantomx_pincher_interfaces__rosidl_typesupport_c.so
[1.883s] -- Up-to-date: /home/david/ros_humble/proyecto_ws/KIT_Phantom_X_Pincher_ROS2/phantom_ws/install/phantomx_pincher_interfaces/include/phantomx_pincher_interfaces/phantomx_pincher_interfaces
[1.883s] -- Up-to-date: /home/david/ros_humble/proyecto_ws/KIT_Phantom_X_Pincher_ROS2/phantom_ws/install/phantomx_pincher_interfaces/include/phantomx_pincher_interfaces/phantomx_pincher_interfaces/msg
[1.883s] -- Up-to-date: /home/david/ros_humble/proyecto_ws/KIT_Phantom_X_Pincher_ROS2/phantom_ws/install/phantomx_pincher_interfaces/include/phantomx_pincher_interfaces/phantomx_pincher_interfaces/msg/pose_command.hpp
[1.883s] -- Up-to-date: /home/david/ros_humble/proyecto_ws/KIT_Phantom_X_Pincher_ROS2/phantom_ws/install/phantomx_pincher_interfaces/include/phantomx_pincher_interfaces/phantomx_pincher_interfaces/msg/rosidl_generator_cpp__visibility_control.hpp
[1.883s] -- Up-to-date: /home/david/ros_humble/proyecto_ws/KIT_Phantom_X_Pincher_ROS2/phantom_ws/install/phantomx_pincher_interfaces/include/phantomx_pincher_interfaces/phantomx_pincher_interfaces/msg/detail
[1.883s] -- Up-to-date: /home/david/ros_humble/proyecto_ws/KIT_Phantom_X_Pincher_ROS2/phantom_ws/install/phantomx_pincher_interfaces/include/phantomx_pincher_interfaces/phantomx_pincher_interfaces/msg/detail/pose_command__type_support.hpp
[1.883s] -- Up-to-date: /home/david/ros_humble/proyecto_ws/KIT_Phantom_X_Pincher_ROS2/phantom_ws/install/phantomx_pincher_interfaces/include/phantomx_pincher_interfaces/phantomx_pincher_interfaces/msg/detail/pose_command__builder.hpp
[1.885s] -- Up-to-date: /home/david/ros_humble/proyecto_ws/KIT_Phantom_X_Pincher_ROS2/phantom_ws/install/phantomx_pincher_interfaces/include/phantomx_pincher_interfaces/phantomx_pincher_interfaces/msg/detail/pose_command__struct.hpp
[1.885s] -- Up-to-date: /home/david/ros_humble/proyecto_ws/KIT_Phantom_X_Pincher_ROS2/phantom_ws/install/phantomx_pincher_interfaces/include/phantomx_pincher_interfaces/phantomx_pincher_interfaces/msg/detail/pose_command__traits.hpp
[1.885s] -- Up-to-date: /home/david/ros_humble/proyecto_ws/KIT_Phantom_X_Pincher_ROS2/phantom_ws/install/phantomx_pincher_interfaces/include/phantomx_pincher_interfaces/phantomx_pincher_interfaces
[1.885s] -- Up-to-date: /home/david/ros_humble/proyecto_ws/KIT_Phantom_X_Pincher_ROS2/phantom_ws/install/phantomx_pincher_interfaces/include/phantomx_pincher_interfaces/phantomx_pincher_interfaces/msg
[1.885s] -- Up-to-date: /home/david/ros_humble/proyecto_ws/KIT_Phantom_X_Pincher_ROS2/phantom_ws/install/phantomx_pincher_interfaces/include/phantomx_pincher_interfaces/phantomx_pincher_interfaces/msg/rosidl_typesupport_fastrtps_cpp__visibility_control.h
[1.885s] -- Up-to-date: /home/david/ros_humble/proyecto_ws/KIT_Phantom_X_Pincher_ROS2/phantom_ws/install/phantomx_pincher_interfaces/include/phantomx_pincher_interfaces/phantomx_pincher_interfaces/msg/detail
[1.885s] -- Up-to-date: /home/david/ros_humble/proyecto_ws/KIT_Phantom_X_Pincher_ROS2/phantom_ws/install/phantomx_pincher_interfaces/include/phantomx_pincher_interfaces/phantomx_pincher_interfaces/msg/detail/pose_command__rosidl_typesupport_fastrtps_cpp.hpp
[1.885s] -- Up-to-date: /home/david/ros_humble/proyecto_ws/KIT_Phantom_X_Pincher_ROS2/phantom_ws/install/phantomx_pincher_interfaces/include/phantomx_pincher_interfaces/phantomx_pincher_interfaces/msg/detail/dds_fastrtps
[1.888s] -- Up-to-date: /home/david/ros_humble/proyecto_ws/KIT_Phantom_X_Pincher_ROS2/phantom_ws/install/phantomx_pincher_interfaces/lib/libphantomx_pincher_interfaces__rosidl_typesupport_fastrtps_cpp.so
[1.888s] -- Up-to-date: /home/david/ros_humble/proyecto_ws/KIT_Phantom_X_Pincher_ROS2/phantom_ws/install/phantomx_pincher_interfaces/include/phantomx_pincher_interfaces/phantomx_pincher_interfaces
[1.888s] -- Up-to-date: /home/david/ros_humble/proyecto_ws/KIT_Phantom_X_Pincher_ROS2/phantom_ws/install/phantomx_pincher_interfaces/include/phantomx_pincher_interfaces/phantomx_pincher_interfaces/msg
[1.889s] -- Up-to-date: /home/david/ros_humble/proyecto_ws/KIT_Phantom_X_Pincher_ROS2/phantom_ws/install/phantomx_pincher_interfaces/include/phantomx_pincher_interfaces/phantomx_pincher_interfaces/msg/detail
[1.889s] -- Up-to-date: /home/david/ros_humble/proyecto_ws/KIT_Phantom_X_Pincher_ROS2/phantom_ws/install/phantomx_pincher_interfaces/include/phantomx_pincher_interfaces/phantomx_pincher_interfaces/msg/detail/pose_command__type_support.cpp
[1.889s] -- Up-to-date: /home/david/ros_humble/proyecto_ws/KIT_Phantom_X_Pincher_ROS2/phantom_ws/install/phantomx_pincher_interfaces/include/phantomx_pincher_interfaces/phantomx_pincher_interfaces/msg/detail/pose_command__rosidl_typesupport_introspection_cpp.hpp
[1.889s] -- Up-to-date: /home/david/ros_humble/proyecto_ws/KIT_Phantom_X_Pincher_ROS2/phantom_ws/install/phantomx_pincher_interfaces/lib/libphantomx_pincher_interfaces__rosidl_typesupport_introspection_cpp.so
[1.893s] -- Up-to-date: /home/david/ros_humble/proyecto_ws/KIT_Phantom_X_Pincher_ROS2/phantom_ws/install/phantomx_pincher_interfaces/lib/libphantomx_pincher_interfaces__rosidl_typesupport_cpp.so
[1.893s] -- Up-to-date: /home/david/ros_humble/proyecto_ws/KIT_Phantom_X_Pincher_ROS2/phantom_ws/install/phantomx_pincher_interfaces/share/phantomx_pincher_interfaces/environment/pythonpath.sh
[1.893s] -- Up-to-date: /home/david/ros_humble/proyecto_ws/KIT_Phantom_X_Pincher_ROS2/phantom_ws/install/phantomx_pincher_interfaces/share/phantomx_pincher_interfaces/environment/pythonpath.dsv
[1.893s] -- Up-to-date: /home/david/ros_humble/proyecto_ws/KIT_Phantom_X_Pincher_ROS2/phantom_ws/install/phantomx_pincher_interfaces/local/lib/python3.10/dist-packages/phantomx_pincher_interfaces-0.0.0-py3.10.egg-info
[1.893s] -- Installing: /home/david/ros_humble/proyecto_ws/KIT_Phantom_X_Pincher_ROS2/phantom_ws/install/phantomx_pincher_interfaces/local/lib/python3.10/dist-packages/phantomx_pincher_interfaces-0.0.0-py3.10.egg-info/SOURCES.txt
[1.893s] -- Installing: /home/david/ros_humble/proyecto_ws/KIT_Phantom_X_Pincher_ROS2/phantom_ws/install/phantomx_pincher_interfaces/local/lib/python3.10/dist-packages/phantomx_pincher_interfaces-0.0.0-py3.10.egg-info/PKG-INFO
[1.893s] -- Installing: /home/david/ros_humble/proyecto_ws/KIT_Phantom_X_Pincher_ROS2/phantom_ws/install/phantomx_pincher_interfaces/local/lib/python3.10/dist-packages/phantomx_pincher_interfaces-0.0.0-py3.10.egg-info/top_level.txt
[1.893s] -- Installing: /home/david/ros_humble/proyecto_ws/KIT_Phantom_X_Pincher_ROS2/phantom_ws/install/phantomx_pincher_interfaces/local/lib/python3.10/dist-packages/phantomx_pincher_interfaces-0.0.0-py3.10.egg-info/dependency_links.txt
[1.893s] -- Up-to-date: /home/david/ros_humble/proyecto_ws/KIT_Phantom_X_Pincher_ROS2/phantom_ws/install/phantomx_pincher_interfaces/local/lib/python3.10/dist-packages/phantomx_pincher_interfaces
[1.893s] -- Up-to-date: /home/david/ros_humble/proyecto_ws/KIT_Phantom_X_Pincher_ROS2/phantom_ws/install/phantomx_pincher_interfaces/local/lib/python3.10/dist-packages/phantomx_pincher_interfaces/phantomx_pincher_interfaces_s__rosidl_typesupport_introspection_c.cpython-310-x86_64-linux-gnu.so
[1.893s] -- Up-to-date: /home/david/ros_humble/proyecto_ws/KIT_Phantom_X_Pincher_ROS2/phantom_ws/install/phantomx_pincher_interfaces/local/lib/python3.10/dist-packages/phantomx_pincher_interfaces/_phantomx_pincher_interfaces_s.ep.rosidl_typesupport_fastrtps_c.c
[1.893s] -- Up-to-date: /home/david/ros_humble/proyecto_ws/KIT_Phantom_X_Pincher_ROS2/phantom_ws/install/phantomx_pincher_interfaces/local/lib/python3.10/dist-packages/phantomx_pincher_interfaces/_phantomx_pincher_interfaces_s.ep.rosidl_typesupport_introspection_c.c
[1.894s] -- Up-to-date: /home/david/ros_humble/proyecto_ws/KIT_Phantom_X_Pincher_ROS2/phantom_ws/install/phantomx_pincher_interfaces/local/lib/python3.10/dist-packages/phantomx_pincher_interfaces/msg
[1.894s] -- Up-to-date: /home/david/ros_humble/proyecto_ws/KIT_Phantom_X_Pincher_ROS2/phantom_ws/install/phantomx_pincher_interfaces/local/lib/python3.10/dist-packages/phantomx_pincher_interfaces/msg/_pose_command_s.c
[1.894s] -- Up-to-date: /home/david/ros_humble/proyecto_ws/KIT_Phantom_X_Pincher_ROS2/phantom_ws/install/phantomx_pincher_interfaces/local/lib/python3.10/dist-packages/phantomx_pincher_interfaces/msg/__init__.py
[1.894s] -- Up-to-date: /home/david/ros_humble/proyecto_ws/KIT_Phantom_X_Pincher_ROS2/phantom_ws/install/phantomx_pincher_interfaces/local/lib/python3.10/dist-packages/phantomx_pincher_interfaces/msg/_pose_command.py
[1.894s] -- Up-to-date: /home/david/ros_humble/proyecto_ws/KIT_Phantom_X_Pincher_ROS2/phantom_ws/install/phantomx_pincher_interfaces/local/lib/python3.10/dist-packages/phantomx_pincher_interfaces/_phantomx_pincher_interfaces_s.ep.rosidl_typesupport_c.c
[1.894s] -- Up-to-date: /home/david/ros_humble/proyecto_ws/KIT_Phantom_X_Pincher_ROS2/phantom_ws/install/phantomx_pincher_interfaces/local/lib/python3.10/dist-packages/phantomx_pincher_interfaces/__init__.py
[1.894s] -- Up-to-date: /home/david/ros_humble/proyecto_ws/KIT_Phantom_X_Pincher_ROS2/phantom_ws/install/phantomx_pincher_interfaces/local/lib/python3.10/dist-packages/phantomx_pincher_interfaces/libphantomx_pincher_interfaces__rosidl_generator_py.so
[1.894s] -- Up-to-date: /home/david/ros_humble/proyecto_ws/KIT_Phantom_X_Pincher_ROS2/phantom_ws/install/phantomx_pincher_interfaces/local/lib/python3.10/dist-packages/phantomx_pincher_interfaces/phantomx_pincher_interfaces_s__rosidl_typesupport_c.cpython-310-x86_64-linux-gnu.so
[1.894s] -- Up-to-date: /home/david/ros_humble/proyecto_ws/KIT_Phantom_X_Pincher_ROS2/phantom_ws/install/phantomx_pincher_interfaces/local/lib/python3.10/dist-packages/phantomx_pincher_interfaces/phantomx_pincher_interfaces_s__rosidl_typesupport_fastrtps_c.cpython-310-x86_64-linux-gnu.so
[2.043s] Listing '/home/david/ros_humble/proyecto_ws/KIT_Phantom_X_Pincher_ROS2/phantom_ws/install/phantomx_pincher_interfaces/local/lib/python3.10/dist-packages/phantomx_pincher_interfaces'...
[2.043s] Listing '/home/david/ros_humble/proyecto_ws/KIT_Phantom_X_Pincher_ROS2/phantom_ws/install/phantomx_pincher_interfaces/local/lib/python3.10/dist-packages/phantomx_pincher_interfaces/msg'...
[2.056s] -- Up-to-date: /home/david/ros_humble/proyecto_ws/KIT_Phantom_X_Pincher_ROS2/phantom_ws/install/phantomx_pincher_interfaces/local/lib/python3.10/dist-packages/phantomx_pincher_interfaces/phantomx_pincher_interfaces_s__rosidl_typesupport_fastrtps_c.cpython-310-x86_64-linux-gnu.so
[2.056s] -- Up-to-date: /home/david/ros_humble/proyecto_ws/KIT_Phantom_X_Pincher_ROS2/phantom_ws/install/phantomx_pincher_interfaces/local/lib/python3.10/dist-packages/phantomx_pincher_interfaces/phantomx_pincher_interfaces_s__rosidl_typesupport_introspection_c.cpython-310-x86_64-linux-gnu.so
[2.056s] -- Up-to-date: /home/david/ros_humble/proyecto_ws/KIT_Phantom_X_Pincher_ROS2/phantom_ws/install/phantomx_pincher_interfaces/local/lib/python3.10/dist-packages/phantomx_pincher_interfaces/phantomx_pincher_interfaces_s__rosidl_typesupport_c.cpython-310-x86_64-linux-gnu.so
[2.057s] -- Up-to-date: /home/david/ros_humble/proyecto_ws/KIT_Phantom_X_Pincher_ROS2/phantom_ws/install/phantomx_pincher_interfaces/lib/libphantomx_pincher_interfaces__rosidl_generator_py.so
[2.057s] -- Up-to-date: /home/david/ros_humble/proyecto_ws/KIT_Phantom_X_Pincher_ROS2/phantom_ws/install/phantomx_pincher_interfaces/share/phantomx_pincher_interfaces/msg/PoseCommand.idl
[2.057s] -- Up-to-date: /home/david/ros_humble/proyecto_ws/KIT_Phantom_X_Pincher_ROS2/phantom_ws/install/phantomx_pincher_interfaces/share/phantomx_pincher_interfaces/msg/PoseCommand.msg
[2.057s] -- Up-to-date: /home/david/ros_humble/proyecto_ws/KIT_Phantom_X_Pincher_ROS2/phantom_ws/install/phantomx_pincher_interfaces/share/ament_index/resource_index/package_run_dependencies/phantomx_pincher_interfaces
[2.059s] -- Up-to-date: /home/david/ros_humble/proyecto_ws/KIT_Phantom_X_Pincher_ROS2/phantom_ws/install/phantomx_pincher_interfaces/share/ament_index/resource_index/parent_prefix_path/phantomx_pincher_interfaces
[2.059s] -- Up-to-date: /home/david/ros_humble/proyecto_ws/KIT_Phantom_X_Pincher_ROS2/phantom_ws/install/phantomx_pincher_interfaces/share/phantomx_pincher_interfaces/environment/ament_prefix_path.sh
[2.059s] -- Up-to-date: /home/david/ros_humble/proyecto_ws/KIT_Phantom_X_Pincher_ROS2/phantom_ws/install/phantomx_pincher_interfaces/share/phantomx_pincher_interfaces/environment/ament_prefix_path.dsv
[2.059s] -- Up-to-date: /home/david/ros_humble/proyecto_ws/KIT_Phantom_X_Pincher_ROS2/phantom_ws/install/phantomx_pincher_interfaces/share/phantomx_pincher_interfaces/environment/path.sh
[2.059s] -- Up-to-date: /home/david/ros_humble/proyecto_ws/KIT_Phantom_X_Pincher_ROS2/phantom_ws/install/phantomx_pincher_interfaces/share/phantomx_pincher_interfaces/environment/path.dsv
[2.060s] -- Up-to-date: /home/david/ros_humble/proyecto_ws/KIT_Phantom_X_Pincher_ROS2/phantom_ws/install/phantomx_pincher_interfaces/share/phantomx_pincher_interfaces/local_setup.bash
[2.060s] -- Up-to-date: /home/david/ros_humble/proyecto_ws/KIT_Phantom_X_Pincher_ROS2/phantom_ws/install/phantomx_pincher_interfaces/share/phantomx_pincher_interfaces/local_setup.sh
[2.060s] -- Up-to-date: /home/david/ros_humble/proyecto_ws/KIT_Phantom_X_Pincher_ROS2/phantom_ws/install/phantomx_pincher_interfaces/share/phantomx_pincher_interfaces/local_setup.zsh
[2.060s] -- Up-to-date: /home/david/ros_humble/proyecto_ws/KIT_Phantom_X_Pincher_ROS2/phantom_ws/install/phantomx_pincher_interfaces/share/phantomx_pincher_interfaces/local_setup.dsv
[2.060s] -- Installing: /home/david/ros_humble/proyecto_ws/KIT_Phantom_X_Pincher_ROS2/phantom_ws/install/phantomx_pincher_interfaces/share/phantomx_pincher_interfaces/package.dsv
[2.062s] -- Up-to-date: /home/david/ros_humble/proyecto_ws/KIT_Phantom_X_Pincher_ROS2/phantom_ws/install/phantomx_pincher_interfaces/share/ament_index/resource_index/packages/phantomx_pincher_interfaces
[2.063s] -- Up-to-date: /home/david/ros_humble/proyecto_ws/KIT_Phantom_X_Pincher_ROS2/phantom_ws/install/phantomx_pincher_interfaces/share/phantomx_pincher_interfaces/cmake/export_phantomx_pincher_interfaces__rosidl_generator_cExport.cmake
[2.064s] -- Up-to-date: /home/david/ros_humble/proyecto_ws/KIT_Phantom_X_Pincher_ROS2/phantom_ws/install/phantomx_pincher_interfaces/share/phantomx_pincher_interfaces/cmake/export_phantomx_pincher_interfaces__rosidl_generator_cExport-noconfig.cmake
[2.064s] -- Up-to-date: /home/david/ros_humble/proyecto_ws/KIT_Phantom_X_Pincher_ROS2/phantom_ws/install/phantomx_pincher_interfaces/share/phantomx_pincher_interfaces/cmake/export_phantomx_pincher_interfaces__rosidl_typesupport_fastrtps_cExport.cmake
[2.064s] -- Up-to-date: /home/david/ros_humble/proyecto_ws/KIT_Phantom_X_Pincher_ROS2/phantom_ws/install/phantomx_pincher_interfaces/share/phantomx_pincher_interfaces/cmake/export_phantomx_pincher_interfaces__rosidl_typesupport_fastrtps_cExport-noconfig.cmake
[2.064s] -- Up-to-date: /home/david/ros_humble/proyecto_ws/KIT_Phantom_X_Pincher_ROS2/phantom_ws/install/phantomx_pincher_interfaces/share/phantomx_pincher_interfaces/cmake/phantomx_pincher_interfaces__rosidl_typesupport_introspection_cExport.cmake
[2.064s] -- Up-to-date: /home/david/ros_humble/proyecto_ws/KIT_Phantom_X_Pincher_ROS2/phantom_ws/install/phantomx_pincher_interfaces/share/phantomx_pincher_interfaces/cmake/phantomx_pincher_interfaces__rosidl_typesupport_introspection_cExport-noconfig.cmake
[2.064s] -- Up-to-date: /home/david/ros_humble/proyecto_ws/KIT_Phantom_X_Pincher_ROS2/phantom_ws/install/phantomx_pincher_interfaces/share/phantomx_pincher_interfaces/cmake/phantomx_pincher_interfaces__rosidl_typesupport_cExport.cmake
[2.064s] -- Up-to-date: /home/david/ros_humble/proyecto_ws/KIT_Phantom_X_Pincher_ROS2/phantom_ws/install/phantomx_pincher_interfaces/share/phantomx_pincher_interfaces/cmake/phantomx_pincher_interfaces__rosidl_typesupport_cExport-noconfig.cmake
[2.064s] -- Up-to-date: /home/david/ros_humble/proyecto_ws/KIT_Phantom_X_Pincher_ROS2/phantom_ws/install/phantomx_pincher_interfaces/share/phantomx_pincher_interfaces/cmake/export_phantomx_pincher_interfaces__rosidl_generator_cppExport.cmake
[2.064s] -- Up-to-date: /home/david/ros_humble/proyecto_ws/KIT_Phantom_X_Pincher_ROS2/phantom_ws/install/phantomx_pincher_interfaces/share/phantomx_pincher_interfaces/cmake/export_phantomx_pincher_interfaces__rosidl_typesupport_fastrtps_cppExport.cmake
[2.064s] -- Up-to-date: /home/david/ros_humble/proyecto_ws/KIT_Phantom_X_Pincher_ROS2/phantom_ws/install/phantomx_pincher_interfaces/share/phantomx_pincher_interfaces/cmake/export_phantomx_pincher_interfaces__rosidl_typesupport_fastrtps_cppExport-noconfig.cmake
[2.064s] -- Up-to-date: /home/david/ros_humble/proyecto_ws/KIT_Phantom_X_Pincher_ROS2/phantom_ws/install/phantomx_pincher_interfaces/share/phantomx_pincher_interfaces/cmake/phantomx_pincher_interfaces__rosidl_typesupport_introspection_cppExport.cmake
[2.064s] -- Up-to-date: /home/david/ros_humble/proyecto_ws/KIT_Phantom_X_Pincher_ROS2/phantom_ws/install/phantomx_pincher_interfaces/share/phantomx_pincher_interfaces/cmake/phantomx_pincher_interfaces__rosidl_typesupport_introspection_cppExport-noconfig.cmake
[2.064s] -- Up-to-date: /home/david/ros_humble/proyecto_ws/KIT_Phantom_X_Pincher_ROS2/phantom_ws/install/phantomx_pincher_interfaces/share/phantomx_pincher_interfaces/cmake/phantomx_pincher_interfaces__rosidl_typesupport_cppExport.cmake
[2.064s] -- Up-to-date: /home/david/ros_humble/proyecto_ws/KIT_Phantom_X_Pincher_ROS2/phantom_ws/install/phantomx_pincher_interfaces/share/phantomx_pincher_interfaces/cmake/phantomx_pincher_interfaces__rosidl_typesupport_cppExport-noconfig.cmake
[2.064s] -- Up-to-date: /home/david/ros_humble/proyecto_ws/KIT_Phantom_X_Pincher_ROS2/phantom_ws/install/phantomx_pincher_interfaces/share/phantomx_pincher_interfaces/cmake/export_phantomx_pincher_interfaces__rosidl_generator_pyExport.cmake
[2.064s] -- Up-to-date: /home/david/ros_humble/proyecto_ws/KIT_Phantom_X_Pincher_ROS2/phantom_ws/install/phantomx_pincher_interfaces/share/phantomx_pincher_interfaces/cmake/export_phantomx_pincher_interfaces__rosidl_generator_pyExport-noconfig.cmake
[2.070s] -- Up-to-date: /home/david/ros_humble/proyecto_ws/KIT_Phantom_X_Pincher_ROS2/phantom_ws/install/phantomx_pincher_interfaces/share/phantomx_pincher_interfaces/cmake/rosidl_cmake-extras.cmake
[2.070s] -- Up-to-date: /home/david/ros_humble/proyecto_ws/KIT_Phantom_X_Pincher_ROS2/phantom_ws/install/phantomx_pincher_interfaces/share/phantomx_pincher_interfaces/cmake/ament_cmake_export_include_directories-extras.cmake
[2.070s] -- Up-to-date: /home/david/ros_humble/proyecto_ws/KIT_Phantom_X_Pincher_ROS2/phantom_ws/install/phantomx_pincher_interfaces/share/phantomx_pincher_interfaces/cmake/ament_cmake_export_libraries-extras.cmake
[2.070s] -- Up-to-date: /home/david/ros_humble/proyecto_ws/KIT_Phantom_X_Pincher_ROS2/phantom_ws/install/phantomx_pincher_interfaces/share/phantomx_pincher_interfaces/cmake/ament_cmake_export_targets-extras.cmake
[2.071s] -- Up-to-date: /home/david/ros_humble/proyecto_ws/KIT_Phantom_X_Pincher_ROS2/phantom_ws/install/phantomx_pincher_interfaces/share/phantomx_pincher_interfaces/cmake/rosidl_cmake_export_typesupport_targets-extras.cmake
[2.071s] -- Up-to-date: /home/david/ros_humble/proyecto_ws/KIT_Phantom_X_Pincher_ROS2/phantom_ws/install/phantomx_pincher_interfaces/share/phantomx_pincher_interfaces/cmake/ament_cmake_export_dependencies-extras.cmake
[2.071s] -- Up-to-date: /home/david/ros_humble/proyecto_ws/KIT_Phantom_X_Pincher_ROS2/phantom_ws/install/phantomx_pincher_interfaces/share/phantomx_pincher_interfaces/cmake/rosidl_cmake_export_typesupport_libraries-extras.cmake
[2.071s] -- Up-to-date: /home/david/ros_humble/proyecto_ws/KIT_Phantom_X_Pincher_ROS2/phantom_ws/install/phantomx_pincher_interfaces/share/phantomx_pincher_interfaces/cmake/phantomx_pincher_interfacesConfig.cmake
[2.071s] -- Up-to-date: /home/david/ros_humble/proyecto_ws/KIT_Phantom_X_Pincher_ROS2/phantom_ws/install/phantomx_pincher_interfaces/share/phantomx_pincher_interfaces/cmake/phantomx_pincher_interfacesConfig-version.cmake
[2.071s] -- Up-to-date: /home/david/ros_humble/proyecto_ws/KIT_Phantom_X_Pincher_ROS2/phantom_ws/install/phantomx_pincher_interfaces/share/phantomx_pincher_interfaces/package.xml
[2.078s] Invoked command in '/home/david/ros_humble/proyecto_ws/KIT_Phantom_X_Pincher_ROS2/phantom_ws/build/phantomx_pincher_interfaces' returned '0': CMAKE_PREFIX_PATH=${CMAKE_PREFIX_PATH}:/home/david/ros_humble/proyecto_ws/KIT_Phantom_X_Pincher_ROS2/phantom_ws/install/pincher_cproyect:/home/david/ros_humble/proyecto_ws/KIT_Phantom_X_Pincher_ROS2/phantom_ws/install/pincher_control:/opt/ros/humble /usr/bin/cmake --install /home/david/ros_humble/proyecto_ws/KIT_Phantom_X_Pincher_ROS2/phantom_ws/build/phantomx_pincher_interfaces
