[0.033s] Invoking command in '/home/david/ros_humble/proyecto_ws/Proyecto-Final-Robotica/Codigos/phantom_ws/build/phantomx_pincher_interfaces': CMAKE_PREFIX_PATH=${CMAKE_PREFIX_PATH}:/home/david/ros_humble/proyecto_ws/Proyecto-Final-Robotica/Codigos/phantom_ws/install/pincher_cproyect:/home/david/ros_humble/proyecto_ws/Proyecto-Final-Robotica/Codigos/phantom_ws/install/pincher_control:/home/david/ros_humble/proyecto_ws/KIT_Phantom_X_Pincher_ROS2/phantom_ws/install/pincher_cproyect:/home/david/ros_humble/proyecto_ws/KIT_Phantom_X_Pincher_ROS2/phantom_ws/install/pincher_control:/opt/ros/humble /usr/bin/cmake --build /home/david/ros_humble/proyecto_ws/Proyecto-Final-Robotica/Codigos/phantom_ws/build/phantomx_pincher_interfaces -- -j2 -l2
[0.042s] [0mCMake Error: The current CMakeCache.txt directory /home/david/ros_humble/proyecto_ws/Proyecto-Final-Robotica/Codigos/phantom_ws/build/phantomx_pincher_interfaces/CMakeCache.txt is different than the directory /home/david/ros_humble/proyecto_ws/KIT_Phantom_X_Pincher_ROS2/phantom_ws/build/phantomx_pincher_interfaces where CMakeCache.txt was created. This may result in binaries being created in the wrong place. If you are not sure, reedit the CMakeCache.txt[0m
[0.122s] [  3%] Built target phantomx_pincher_interfaces__cpp
[0.193s] [ 12%] Built target phantomx_pincher_interfaces__rosidl_generator_c
[0.227s] [ 22%] Built target phantomx_pincher_interfaces__rosidl_typesupport_introspection_cpp
[0.250s] [ 22%] Built target ament_cmake_python_copy_phantomx_pincher_interfaces
[0.291s] [ 32%] Built target phantomx_pincher_interfaces__rosidl_typesupport_fastrtps_c
[0.362s] [ 41%] Built target phantomx_pincher_interfaces__rosidl_typesupport_cpp
[0.434s] [ 51%] Built target phantomx_pincher_interfaces__rosidl_typesupport_introspection_c
[0.479s] [ 61%] Built target phantomx_pincher_interfaces__rosidl_typesupport_c
[0.504s] [ 70%] Built target phantomx_pincher_interfaces__rosidl_typesupport_fastrtps_cpp
[0.582s] [ 70%] Built target phantomx_pincher_interfaces
[0.659s] [ 74%] Built target phantomx_pincher_interfaces__py
[0.739s] [ 80%] Built target phantomx_pincher_interfaces__rosidl_generator_py
[0.764s] [ 87%] Built target phantomx_pincher_interfaces__rosidl_typesupport_fastrtps_c__pyext
[0.836s] [ 93%] Built target phantomx_pincher_interfaces__rosidl_typesupport_introspection_c__pyext
[0.915s] [100%] Built target phantomx_pincher_interfaces__rosidl_typesupport_c__pyext
[1.032s] running egg_info
[1.033s] writing phantomx_pincher_interfaces.egg-info/PKG-INFO
[1.033s] writing dependency_links to phantomx_pincher_interfaces.egg-info/dependency_links.txt
[1.034s] writing top-level names to phantomx_pincher_interfaces.egg-info/top_level.txt
[1.036s] reading manifest file 'phantomx_pincher_interfaces.egg-info/SOURCES.txt'
[1.037s] writing manifest file 'phantomx_pincher_interfaces.egg-info/SOURCES.txt'
[1.064s] [100%] Built target ament_cmake_python_build_phantomx_pincher_interfaces_egg
[1.172s] Invoked command in '/home/david/ros_humble/proyecto_ws/Proyecto-Final-Robotica/Codigos/phantom_ws/build/phantomx_pincher_interfaces' returned '0': CMAKE_PREFIX_PATH=${CMAKE_PREFIX_PATH}:/home/david/ros_humble/proyecto_ws/Proyecto-Final-Robotica/Codigos/phantom_ws/install/pincher_cproyect:/home/david/ros_humble/proyecto_ws/Proyecto-Final-Robotica/Codigos/phantom_ws/install/pincher_control:/home/david/ros_humble/proyecto_ws/KIT_Phantom_X_Pincher_ROS2/phantom_ws/install/pincher_cproyect:/home/david/ros_humble/proyecto_ws/KIT_Phantom_X_Pincher_ROS2/phantom_ws/install/pincher_control:/opt/ros/humble /usr/bin/cmake --build /home/david/ros_humble/proyecto_ws/Proyecto-Final-Robotica/Codigos/phantom_ws/build/phantomx_pincher_interfaces -- -j2 -l2
[1.173s] Invoking command in '/home/david/ros_humble/proyecto_ws/Proyecto-Final-Robotica/Codigos/phantom_ws/build/phantomx_pincher_interfaces': CMAKE_PREFIX_PATH=${CMAKE_PREFIX_PATH}:/home/david/ros_humble/proyecto_ws/Proyecto-Final-Robotica/Codigos/phantom_ws/install/pincher_cproyect:/home/david/ros_humble/proyecto_ws/Proyecto-Final-Robotica/Codigos/phantom_ws/install/pincher_control:/home/david/ros_humble/proyecto_ws/KIT_Phantom_X_Pincher_ROS2/phantom_ws/install/pincher_cproyect:/home/david/ros_humble/proyecto_ws/KIT_Phantom_X_Pincher_ROS2/phantom_ws/install/pincher_control:/opt/ros/humble /usr/bin/cmake --install /home/david/ros_humble/proyecto_ws/Proyecto-Final-Robotica/Codigos/phantom_ws/build/phantomx_pincher_interfaces
[1.185s] -- Install configuration: ""
[1.186s] -- Up-to-date: /home/david/ros_humble/proyecto_ws/KIT_Phantom_X_Pincher_ROS2/phantom_ws/install/phantomx_pincher_interfaces/share/ament_index/resource_index/rosidl_interfaces/phantomx_pincher_interfaces
[1.186s] -- Up-to-date: /home/david/ros_humble/proyecto_ws/KIT_Phantom_X_Pincher_ROS2/phantom_ws/install/phantomx_pincher_interfaces/include/phantomx_pincher_interfaces/phantomx_pincher_interfaces
[1.186s] -- Up-to-date: /home/david/ros_humble/proyecto_ws/KIT_Phantom_X_Pincher_ROS2/phantom_ws/install/phantomx_pincher_interfaces/include/phantomx_pincher_interfaces/phantomx_pincher_interfaces/msg
[1.186s] -- Up-to-date: /home/david/ros_humble/proyecto_ws/KIT_Phantom_X_Pincher_ROS2/phantom_ws/install/phantomx_pincher_interfaces/include/phantomx_pincher_interfaces/phantomx_pincher_interfaces/msg/rosidl_generator_c__visibility_control.h
[1.187s] -- Up-to-date: /home/david/ros_humble/proyecto_ws/KIT_Phantom_X_Pincher_ROS2/phantom_ws/install/phantomx_pincher_interfaces/include/phantomx_pincher_interfaces/phantomx_pincher_interfaces/msg/pose_command.h
[1.187s] -- Up-to-date: /home/david/ros_humble/proyecto_ws/KIT_Phantom_X_Pincher_ROS2/phantom_ws/install/phantomx_pincher_interfaces/include/phantomx_pincher_interfaces/phantomx_pincher_interfaces/msg/detail
[1.187s] -- Up-to-date: /home/david/ros_humble/proyecto_ws/KIT_Phantom_X_Pincher_ROS2/phantom_ws/install/phantomx_pincher_interfaces/include/phantomx_pincher_interfaces/phantomx_pincher_interfaces/msg/detail/pose_command__functions.c
[1.187s] -- Up-to-date: /home/david/ros_humble/proyecto_ws/KIT_Phantom_X_Pincher_ROS2/phantom_ws/install/phantomx_pincher_interfaces/include/phantomx_pincher_interfaces/phantomx_pincher_interfaces/msg/detail/pose_command__struct.h
[1.187s] -- Up-to-date: /home/david/ros_humble/proyecto_ws/KIT_Phantom_X_Pincher_ROS2/phantom_ws/install/phantomx_pincher_interfaces/include/phantomx_pincher_interfaces/phantomx_pincher_interfaces/msg/detail/pose_command__type_support.h
[1.187s] -- Up-to-date: /home/david/ros_humble/proyecto_ws/KIT_Phantom_X_Pincher_ROS2/phantom_ws/install/phantomx_pincher_interfaces/include/phantomx_pincher_interfaces/phantomx_pincher_interfaces/msg/detail/pose_command__functions.h
[1.187s] -- Up-to-date: /home/david/ros_humble/proyecto_ws/KIT_Phantom_X_Pincher_ROS2/phantom_ws/install/phantomx_pincher_interfaces/share/phantomx_pincher_interfaces/environment/library_path.sh
[1.187s] -- Up-to-date: /home/david/ros_humble/proyecto_ws/KIT_Phantom_X_Pincher_ROS2/phantom_ws/install/phantomx_pincher_interfaces/share/phantomx_pincher_interfaces/environment/library_path.dsv
[1.189s] -- Up-to-date: /home/david/ros_humble/proyecto_ws/KIT_Phantom_X_Pincher_ROS2/phantom_ws/install/phantomx_pincher_interfaces/lib/libphantomx_pincher_interfaces__rosidl_generator_c.so
[1.189s] -- Up-to-date: /home/david/ros_humble/proyecto_ws/KIT_Phantom_X_Pincher_ROS2/phantom_ws/install/phantomx_pincher_interfaces/include/phantomx_pincher_interfaces/phantomx_pincher_interfaces
[1.189s] -- Up-to-date: /home/david/ros_humble/proyecto_ws/KIT_Phantom_X_Pincher_ROS2/phantom_ws/install/phantomx_pincher_interfaces/include/phantomx_pincher_interfaces/phantomx_pincher_interfaces/msg
[1.189s] -- Up-to-date: /home/david/ros_humble/proyecto_ws/KIT_Phantom_X_Pincher_ROS2/phantom_ws/install/phantomx_pincher_interfaces/include/phantomx_pincher_interfaces/phantomx_pincher_interfaces/msg/rosidl_typesupport_fastrtps_c__visibility_control.h
[1.189s] -- Up-to-date: /home/david/ros_humble/proyecto_ws/KIT_Phantom_X_Pincher_ROS2/phantom_ws/install/phantomx_pincher_interfaces/include/phantomx_pincher_interfaces/phantomx_pincher_interfaces/msg/detail
[1.189s] -- Up-to-date: /home/david/ros_humble/proyecto_ws/KIT_Phantom_X_Pincher_ROS2/phantom_ws/install/phantomx_pincher_interfaces/include/phantomx_pincher_interfaces/phantomx_pincher_interfaces/msg/detail/pose_command__rosidl_typesupport_fastrtps_c.h
[1.189s] -- Up-to-date: /home/david/ros_humble/proyecto_ws/KIT_Phantom_X_Pincher_ROS2/phantom_ws/install/phantomx_pincher_interfaces/lib/libphantomx_pincher_interfaces__rosidl_typesupport_fastrtps_c.so
[1.189s] -- Up-to-date: /home/david/ros_humble/proyecto_ws/KIT_Phantom_X_Pincher_ROS2/phantom_ws/install/phantomx_pincher_interfaces/include/phantomx_pincher_interfaces/phantomx_pincher_interfaces
[1.189s] -- Up-to-date: /home/david/ros_humble/proyecto_ws/KIT_Phantom_X_Pincher_ROS2/phantom_ws/install/phantomx_pincher_interfaces/include/phantomx_pincher_interfaces/phantomx_pincher_interfaces/msg
[1.189s] -- Up-to-date: /home/david/ros_humble/proyecto_ws/KIT_Phantom_X_Pincher_ROS2/phantom_ws/install/phantomx_pincher_interfaces/include/phantomx_pincher_interfaces/phantomx_pincher_interfaces/msg/rosidl_typesupport_introspection_c__visibility_control.h
[1.189s] -- Up-to-date: /home/david/ros_humble/proyecto_ws/KIT_Phantom_X_Pincher_ROS2/phantom_ws/install/phantomx_pincher_interfaces/include/phantomx_pincher_interfaces/phantomx_pincher_interfaces/msg/detail
[1.189s] -- Up-to-date: /home/david/ros_humble/proyecto_ws/KIT_Phantom_X_Pincher_ROS2/phantom_ws/install/phantomx_pincher_interfaces/include/phantomx_pincher_interfaces/phantomx_pincher_interfaces/msg/detail/pose_command__type_support.c
[1.189s] -- Up-to-date: /home/david/ros_humble/proyecto_ws/KIT_Phantom_X_Pincher_ROS2/phantom_ws/install/phantomx_pincher_interfaces/include/phantomx_pincher_interfaces/phantomx_pincher_interfaces/msg/detail/pose_command__rosidl_typesupport_introspection_c.h
[1.189s] -- Up-to-date: /home/david/ros_humble/proyecto_ws/KIT_Phantom_X_Pincher_ROS2/phantom_ws/install/phantomx_pincher_interfaces/lib/libphantomx_pincher_interfaces__rosidl_typesupport_introspection_c.so
[1.191s] -- Up-to-date: /home/david/ros_humble/proyecto_ws/KIT_Phantom_X_Pincher_ROS2/phantom_ws/install/phantomx_pincher_interfaces/lib/libphantomx_pincher_interfaces__rosidl_typesupport_c.so
[1.191s] -- Up-to-date: /home/david/ros_humble/proyecto_ws/KIT_Phantom_X_Pincher_ROS2/phantom_ws/install/phantomx_pincher_interfaces/include/phantomx_pincher_interfaces/phantomx_pincher_interfaces
[1.191s] -- Up-to-date: /home/david/ros_humble/proyecto_ws/KIT_Phantom_X_Pincher_ROS2/phantom_ws/install/phantomx_pincher_interfaces/include/phantomx_pincher_interfaces/phantomx_pincher_interfaces/msg
[1.191s] -- Up-to-date: /home/david/ros_humble/proyecto_ws/KIT_Phantom_X_Pincher_ROS2/phantom_ws/install/phantomx_pincher_interfaces/include/phantomx_pincher_interfaces/phantomx_pincher_interfaces/msg/pose_command.hpp
[1.191s] -- Up-to-date: /home/david/ros_humble/proyecto_ws/KIT_Phantom_X_Pincher_ROS2/phantom_ws/install/phantomx_pincher_interfaces/include/phantomx_pincher_interfaces/phantomx_pincher_interfaces/msg/rosidl_generator_cpp__visibility_control.hpp
[1.192s] -- Up-to-date: /home/david/ros_humble/proyecto_ws/KIT_Phantom_X_Pincher_ROS2/phantom_ws/install/phantomx_pincher_interfaces/include/phantomx_pincher_interfaces/phantomx_pincher_interfaces/msg/detail
[1.192s] -- Up-to-date: /home/david/ros_humble/proyecto_ws/KIT_Phantom_X_Pincher_ROS2/phantom_ws/install/phantomx_pincher_interfaces/include/phantomx_pincher_interfaces/phantomx_pincher_interfaces/msg/detail/pose_command__type_support.hpp
[1.192s] -- Up-to-date: /home/david/ros_humble/proyecto_ws/KIT_Phantom_X_Pincher_ROS2/phantom_ws/install/phantomx_pincher_interfaces/include/phantomx_pincher_interfaces/phantomx_pincher_interfaces/msg/detail/pose_command__builder.hpp
[1.192s] -- Up-to-date: /home/david/ros_humble/proyecto_ws/KIT_Phantom_X_Pincher_ROS2/phantom_ws/install/phantomx_pincher_interfaces/include/phantomx_pincher_interfaces/phantomx_pincher_interfaces/msg/detail/pose_command__struct.hpp
[1.192s] -- Up-to-date: /home/david/ros_humble/proyecto_ws/KIT_Phantom_X_Pincher_ROS2/phantom_ws/install/phantomx_pincher_interfaces/include/phantomx_pincher_interfaces/phantomx_pincher_interfaces/msg/detail/pose_command__traits.hpp
[1.192s] -- Up-to-date: /home/david/ros_humble/proyecto_ws/KIT_Phantom_X_Pincher_ROS2/phantom_ws/install/phantomx_pincher_interfaces/include/phantomx_pincher_interfaces/phantomx_pincher_interfaces
[1.192s] -- Up-to-date: /home/david/ros_humble/proyecto_ws/KIT_Phantom_X_Pincher_ROS2/phantom_ws/install/phantomx_pincher_interfaces/include/phantomx_pincher_interfaces/phantomx_pincher_interfaces/msg
[1.192s] -- Up-to-date: /home/david/ros_humble/proyecto_ws/KIT_Phantom_X_Pincher_ROS2/phantom_ws/install/phantomx_pincher_interfaces/include/phantomx_pincher_interfaces/phantomx_pincher_interfaces/msg/rosidl_typesupport_fastrtps_cpp__visibility_control.h
[1.192s] -- Up-to-date: /home/david/ros_humble/proyecto_ws/KIT_Phantom_X_Pincher_ROS2/phantom_ws/install/phantomx_pincher_interfaces/include/phantomx_pincher_interfaces/phantomx_pincher_interfaces/msg/detail
[1.192s] -- Up-to-date: /home/david/ros_humble/proyecto_ws/KIT_Phantom_X_Pincher_ROS2/phantom_ws/install/phantomx_pincher_interfaces/include/phantomx_pincher_interfaces/phantomx_pincher_interfaces/msg/detail/pose_command__rosidl_typesupport_fastrtps_cpp.hpp
[1.192s] -- Up-to-date: /home/david/ros_humble/proyecto_ws/KIT_Phantom_X_Pincher_ROS2/phantom_ws/install/phantomx_pincher_interfaces/include/phantomx_pincher_interfaces/phantomx_pincher_interfaces/msg/detail/dds_fastrtps
[1.192s] -- Up-to-date: /home/david/ros_humble/proyecto_ws/KIT_Phantom_X_Pincher_ROS2/phantom_ws/install/phantomx_pincher_interfaces/lib/libphantomx_pincher_interfaces__rosidl_typesupport_fastrtps_cpp.so
[1.192s] -- Up-to-date: /home/david/ros_humble/proyecto_ws/KIT_Phantom_X_Pincher_ROS2/phantom_ws/install/phantomx_pincher_interfaces/include/phantomx_pincher_interfaces/phantomx_pincher_interfaces
[1.192s] -- Up-to-date: /home/david/ros_humble/proyecto_ws/KIT_Phantom_X_Pincher_ROS2/phantom_ws/install/phantomx_pincher_interfaces/include/phantomx_pincher_interfaces/phantomx_pincher_interfaces/msg
[1.192s] -- Up-to-date: /home/david/ros_humble/proyecto_ws/KIT_Phantom_X_Pincher_ROS2/phantom_ws/install/phantomx_pincher_interfaces/include/phantomx_pincher_interfaces/phantomx_pincher_interfaces/msg/detail
[1.192s] -- Up-to-date: /home/david/ros_humble/proyecto_ws/KIT_Phantom_X_Pincher_ROS2/phantom_ws/install/phantomx_pincher_interfaces/include/phantomx_pincher_interfaces/phantomx_pincher_interfaces/msg/detail/pose_command__type_support.cpp
[1.192s] -- Up-to-date: /home/david/ros_humble/proyecto_ws/KIT_Phantom_X_Pincher_ROS2/phantom_ws/install/phantomx_pincher_interfaces/include/phantomx_pincher_interfaces/phantomx_pincher_interfaces/msg/detail/pose_command__rosidl_typesupport_introspection_cpp.hpp
[1.192s] -- Up-to-date: /home/david/ros_humble/proyecto_ws/KIT_Phantom_X_Pincher_ROS2/phantom_ws/install/phantomx_pincher_interfaces/lib/libphantomx_pincher_interfaces__rosidl_typesupport_introspection_cpp.so
[1.192s] -- Up-to-date: /home/david/ros_humble/proyecto_ws/KIT_Phantom_X_Pincher_ROS2/phantom_ws/install/phantomx_pincher_interfaces/lib/libphantomx_pincher_interfaces__rosidl_typesupport_cpp.so
[1.192s] -- Up-to-date: /home/david/ros_humble/proyecto_ws/KIT_Phantom_X_Pincher_ROS2/phantom_ws/install/phantomx_pincher_interfaces/share/phantomx_pincher_interfaces/environment/pythonpath.sh
[1.192s] -- Up-to-date: /home/david/ros_humble/proyecto_ws/KIT_Phantom_X_Pincher_ROS2/phantom_ws/install/phantomx_pincher_interfaces/share/phantomx_pincher_interfaces/environment/pythonpath.dsv
[1.192s] -- Up-to-date: /home/david/ros_humble/proyecto_ws/KIT_Phantom_X_Pincher_ROS2/phantom_ws/install/phantomx_pincher_interfaces/local/lib/python3.10/dist-packages/phantomx_pincher_interfaces-0.0.0-py3.10.egg-info
[1.192s] -- Installing: /home/david/ros_humble/proyecto_ws/KIT_Phantom_X_Pincher_ROS2/phantom_ws/install/phantomx_pincher_interfaces/local/lib/python3.10/dist-packages/phantomx_pincher_interfaces-0.0.0-py3.10.egg-info/SOURCES.txt
[1.192s] -- Installing: /home/david/ros_humble/proyecto_ws/KIT_Phantom_X_Pincher_ROS2/phantom_ws/install/phantomx_pincher_interfaces/local/lib/python3.10/dist-packages/phantomx_pincher_interfaces-0.0.0-py3.10.egg-info/PKG-INFO
[1.192s] -- Installing: /home/david/ros_humble/proyecto_ws/KIT_Phantom_X_Pincher_ROS2/phantom_ws/install/phantomx_pincher_interfaces/local/lib/python3.10/dist-packages/phantomx_pincher_interfaces-0.0.0-py3.10.egg-info/top_level.txt
[1.192s] -- Installing: /home/david/ros_humble/proyecto_ws/KIT_Phantom_X_Pincher_ROS2/phantom_ws/install/phantomx_pincher_interfaces/local/lib/python3.10/dist-packages/phantomx_pincher_interfaces-0.0.0-py3.10.egg-info/dependency_links.txt
[1.192s] -- Up-to-date: /home/david/ros_humble/proyecto_ws/KIT_Phantom_X_Pincher_ROS2/phantom_ws/install/phantomx_pincher_interfaces/local/lib/python3.10/dist-packages/phantomx_pincher_interfaces
[1.193s] -- Up-to-date: /home/david/ros_humble/proyecto_ws/KIT_Phantom_X_Pincher_ROS2/phantom_ws/install/phantomx_pincher_interfaces/local/lib/python3.10/dist-packages/phantomx_pincher_interfaces/phantomx_pincher_interfaces_s__rosidl_typesupport_introspection_c.cpython-310-x86_64-linux-gnu.so
[1.193s] -- Up-to-date: /home/david/ros_humble/proyecto_ws/KIT_Phantom_X_Pincher_ROS2/phantom_ws/install/phantomx_pincher_interfaces/local/lib/python3.10/dist-packages/phantomx_pincher_interfaces/_phantomx_pincher_interfaces_s.ep.rosidl_typesupport_fastrtps_c.c
[1.193s] -- Up-to-date: /home/david/ros_humble/proyecto_ws/KIT_Phantom_X_Pincher_ROS2/phantom_ws/install/phantomx_pincher_interfaces/local/lib/python3.10/dist-packages/phantomx_pincher_interfaces/_phantomx_pincher_interfaces_s.ep.rosidl_typesupport_introspection_c.c
[1.193s] -- Up-to-date: /home/david/ros_humble/proyecto_ws/KIT_Phantom_X_Pincher_ROS2/phantom_ws/install/phantomx_pincher_interfaces/local/lib/python3.10/dist-packages/phantomx_pincher_interfaces/msg
[1.193s] -- Up-to-date: /home/david/ros_humble/proyecto_ws/KIT_Phantom_X_Pincher_ROS2/phantom_ws/install/phantomx_pincher_interfaces/local/lib/python3.10/dist-packages/phantomx_pincher_interfaces/msg/_pose_command_s.c
[1.193s] -- Up-to-date: /home/david/ros_humble/proyecto_ws/KIT_Phantom_X_Pincher_ROS2/phantom_ws/install/phantomx_pincher_interfaces/local/lib/python3.10/dist-packages/phantomx_pincher_interfaces/msg/__init__.py
[1.193s] -- Up-to-date: /home/david/ros_humble/proyecto_ws/KIT_Phantom_X_Pincher_ROS2/phantom_ws/install/phantomx_pincher_interfaces/local/lib/python3.10/dist-packages/phantomx_pincher_interfaces/msg/_pose_command.py
[1.193s] -- Up-to-date: /home/david/ros_humble/proyecto_ws/KIT_Phantom_X_Pincher_ROS2/phantom_ws/install/phantomx_pincher_interfaces/local/lib/python3.10/dist-packages/phantomx_pincher_interfaces/_phantomx_pincher_interfaces_s.ep.rosidl_typesupport_c.c
[1.193s] -- Up-to-date: /home/david/ros_humble/proyecto_ws/KIT_Phantom_X_Pincher_ROS2/phantom_ws/install/phantomx_pincher_interfaces/local/lib/python3.10/dist-packages/phantomx_pincher_interfaces/__init__.py
[1.193s] -- Up-to-date: /home/david/ros_humble/proyecto_ws/KIT_Phantom_X_Pincher_ROS2/phantom_ws/install/phantomx_pincher_interfaces/local/lib/python3.10/dist-packages/phantomx_pincher_interfaces/libphantomx_pincher_interfaces__rosidl_generator_py.so
[1.193s] -- Up-to-date: /home/david/ros_humble/proyecto_ws/KIT_Phantom_X_Pincher_ROS2/phantom_ws/install/phantomx_pincher_interfaces/local/lib/python3.10/dist-packages/phantomx_pincher_interfaces/phantomx_pincher_interfaces_s__rosidl_typesupport_c.cpython-310-x86_64-linux-gnu.so
[1.193s] -- Up-to-date: /home/david/ros_humble/proyecto_ws/KIT_Phantom_X_Pincher_ROS2/phantom_ws/install/phantomx_pincher_interfaces/local/lib/python3.10/dist-packages/phantomx_pincher_interfaces/phantomx_pincher_interfaces_s__rosidl_typesupport_fastrtps_c.cpython-310-x86_64-linux-gnu.so
[1.218s] Listing '/home/david/ros_humble/proyecto_ws/KIT_Phantom_X_Pincher_ROS2/phantom_ws/install/phantomx_pincher_interfaces/local/lib/python3.10/dist-packages/phantomx_pincher_interfaces'...
[1.218s] Listing '/home/david/ros_humble/proyecto_ws/KIT_Phantom_X_Pincher_ROS2/phantom_ws/install/phantomx_pincher_interfaces/local/lib/python3.10/dist-packages/phantomx_pincher_interfaces/msg'...
[1.222s] -- Up-to-date: /home/david/ros_humble/proyecto_ws/KIT_Phantom_X_Pincher_ROS2/phantom_ws/install/phantomx_pincher_interfaces/local/lib/python3.10/dist-packages/phantomx_pincher_interfaces/phantomx_pincher_interfaces_s__rosidl_typesupport_fastrtps_c.cpython-310-x86_64-linux-gnu.so
[1.223s] -- Up-to-date: /home/david/ros_humble/proyecto_ws/KIT_Phantom_X_Pincher_ROS2/phantom_ws/install/phantomx_pincher_interfaces/local/lib/python3.10/dist-packages/phantomx_pincher_interfaces/phantomx_pincher_interfaces_s__rosidl_typesupport_introspection_c.cpython-310-x86_64-linux-gnu.so
[1.223s] -- Up-to-date: /home/david/ros_humble/proyecto_ws/KIT_Phantom_X_Pincher_ROS2/phantom_ws/install/phantomx_pincher_interfaces/local/lib/python3.10/dist-packages/phantomx_pincher_interfaces/phantomx_pincher_interfaces_s__rosidl_typesupport_c.cpython-310-x86_64-linux-gnu.so
[1.224s] -- Up-to-date: /home/david/ros_humble/proyecto_ws/KIT_Phantom_X_Pincher_ROS2/phantom_ws/install/phantomx_pincher_interfaces/lib/libphantomx_pincher_interfaces__rosidl_generator_py.so
[1.224s] -- Up-to-date: /home/david/ros_humble/proyecto_ws/KIT_Phantom_X_Pincher_ROS2/phantom_ws/install/phantomx_pincher_interfaces/share/phantomx_pincher_interfaces/msg/PoseCommand.idl
[1.224s] -- Up-to-date: /home/david/ros_humble/proyecto_ws/KIT_Phantom_X_Pincher_ROS2/phantom_ws/install/phantomx_pincher_interfaces/share/phantomx_pincher_interfaces/msg/PoseCommand.msg
[1.224s] -- Up-to-date: /home/david/ros_humble/proyecto_ws/KIT_Phantom_X_Pincher_ROS2/phantom_ws/install/phantomx_pincher_interfaces/share/ament_index/resource_index/package_run_dependencies/phantomx_pincher_interfaces
[1.224s] -- Up-to-date: /home/david/ros_humble/proyecto_ws/KIT_Phantom_X_Pincher_ROS2/phantom_ws/install/phantomx_pincher_interfaces/share/ament_index/resource_index/parent_prefix_path/phantomx_pincher_interfaces
[1.224s] -- Up-to-date: /home/david/ros_humble/proyecto_ws/KIT_Phantom_X_Pincher_ROS2/phantom_ws/install/phantomx_pincher_interfaces/share/phantomx_pincher_interfaces/environment/ament_prefix_path.sh
[1.224s] -- Up-to-date: /home/david/ros_humble/proyecto_ws/KIT_Phantom_X_Pincher_ROS2/phantom_ws/install/phantomx_pincher_interfaces/share/phantomx_pincher_interfaces/environment/ament_prefix_path.dsv
[1.224s] -- Up-to-date: /home/david/ros_humble/proyecto_ws/KIT_Phantom_X_Pincher_ROS2/phantom_ws/install/phantomx_pincher_interfaces/share/phantomx_pincher_interfaces/environment/path.sh
[1.224s] -- Up-to-date: /home/david/ros_humble/proyecto_ws/KIT_Phantom_X_Pincher_ROS2/phantom_ws/install/phantomx_pincher_interfaces/share/phantomx_pincher_interfaces/environment/path.dsv
[1.224s] -- Up-to-date: /home/david/ros_humble/proyecto_ws/KIT_Phantom_X_Pincher_ROS2/phantom_ws/install/phantomx_pincher_interfaces/share/phantomx_pincher_interfaces/local_setup.bash
[1.224s] -- Up-to-date: /home/david/ros_humble/proyecto_ws/KIT_Phantom_X_Pincher_ROS2/phantom_ws/install/phantomx_pincher_interfaces/share/phantomx_pincher_interfaces/local_setup.sh
[1.226s] -- Up-to-date: /home/david/ros_humble/proyecto_ws/KIT_Phantom_X_Pincher_ROS2/phantom_ws/install/phantomx_pincher_interfaces/share/phantomx_pincher_interfaces/local_setup.zsh
[1.226s] -- Up-to-date: /home/david/ros_humble/proyecto_ws/KIT_Phantom_X_Pincher_ROS2/phantom_ws/install/phantomx_pincher_interfaces/share/phantomx_pincher_interfaces/local_setup.dsv
[1.226s] -- Up-to-date: /home/david/ros_humble/proyecto_ws/KIT_Phantom_X_Pincher_ROS2/phantom_ws/install/phantomx_pincher_interfaces/share/phantomx_pincher_interfaces/package.dsv
[1.226s] -- Up-to-date: /home/david/ros_humble/proyecto_ws/KIT_Phantom_X_Pincher_ROS2/phantom_ws/install/phantomx_pincher_interfaces/share/ament_index/resource_index/packages/phantomx_pincher_interfaces
[1.226s] -- Up-to-date: /home/david/ros_humble/proyecto_ws/KIT_Phantom_X_Pincher_ROS2/phantom_ws/install/phantomx_pincher_interfaces/share/phantomx_pincher_interfaces/cmake/export_phantomx_pincher_interfaces__rosidl_generator_cExport.cmake
[1.226s] -- Up-to-date: /home/david/ros_humble/proyecto_ws/KIT_Phantom_X_Pincher_ROS2/phantom_ws/install/phantomx_pincher_interfaces/share/phantomx_pincher_interfaces/cmake/export_phantomx_pincher_interfaces__rosidl_generator_cExport-noconfig.cmake
[1.226s] -- Up-to-date: /home/david/ros_humble/proyecto_ws/KIT_Phantom_X_Pincher_ROS2/phantom_ws/install/phantomx_pincher_interfaces/share/phantomx_pincher_interfaces/cmake/export_phantomx_pincher_interfaces__rosidl_typesupport_fastrtps_cExport.cmake
[1.226s] -- Up-to-date: /home/david/ros_humble/proyecto_ws/KIT_Phantom_X_Pincher_ROS2/phantom_ws/install/phantomx_pincher_interfaces/share/phantomx_pincher_interfaces/cmake/export_phantomx_pincher_interfaces__rosidl_typesupport_fastrtps_cExport-noconfig.cmake
[1.226s] -- Up-to-date: /home/david/ros_humble/proyecto_ws/KIT_Phantom_X_Pincher_ROS2/phantom_ws/install/phantomx_pincher_interfaces/share/phantomx_pincher_interfaces/cmake/phantomx_pincher_interfaces__rosidl_typesupport_introspection_cExport.cmake
[1.226s] -- Up-to-date: /home/david/ros_humble/proyecto_ws/KIT_Phantom_X_Pincher_ROS2/phantom_ws/install/phantomx_pincher_interfaces/share/phantomx_pincher_interfaces/cmake/phantomx_pincher_interfaces__rosidl_typesupport_introspection_cExport-noconfig.cmake
[1.226s] -- Up-to-date: /home/david/ros_humble/proyecto_ws/KIT_Phantom_X_Pincher_ROS2/phantom_ws/install/phantomx_pincher_interfaces/share/phantomx_pincher_interfaces/cmake/phantomx_pincher_interfaces__rosidl_typesupport_cExport.cmake
[1.226s] -- Up-to-date: /home/david/ros_humble/proyecto_ws/KIT_Phantom_X_Pincher_ROS2/phantom_ws/install/phantomx_pincher_interfaces/share/phantomx_pincher_interfaces/cmake/phantomx_pincher_interfaces__rosidl_typesupport_cExport-noconfig.cmake
[1.226s] -- Up-to-date: /home/david/ros_humble/proyecto_ws/KIT_Phantom_X_Pincher_ROS2/phantom_ws/install/phantomx_pincher_interfaces/share/phantomx_pincher_interfaces/cmake/export_phantomx_pincher_interfaces__rosidl_generator_cppExport.cmake
[1.226s] -- Up-to-date: /home/david/ros_humble/proyecto_ws/KIT_Phantom_X_Pincher_ROS2/phantom_ws/install/phantomx_pincher_interfaces/share/phantomx_pincher_interfaces/cmake/export_phantomx_pincher_interfaces__rosidl_typesupport_fastrtps_cppExport.cmake
[1.226s] -- Up-to-date: /home/david/ros_humble/proyecto_ws/KIT_Phantom_X_Pincher_ROS2/phantom_ws/install/phantomx_pincher_interfaces/share/phantomx_pincher_interfaces/cmake/export_phantomx_pincher_interfaces__rosidl_typesupport_fastrtps_cppExport-noconfig.cmake
[1.228s] -- Up-to-date: /home/david/ros_humble/proyecto_ws/KIT_Phantom_X_Pincher_ROS2/phantom_ws/install/phantomx_pincher_interfaces/share/phantomx_pincher_interfaces/cmake/phantomx_pincher_interfaces__rosidl_typesupport_introspection_cppExport.cmake
[1.229s] -- Up-to-date: /home/david/ros_humble/proyecto_ws/KIT_Phantom_X_Pincher_ROS2/phantom_ws/install/phantomx_pincher_interfaces/share/phantomx_pincher_interfaces/cmake/phantomx_pincher_interfaces__rosidl_typesupport_introspection_cppExport-noconfig.cmake
[1.229s] -- Up-to-date: /home/david/ros_humble/proyecto_ws/KIT_Phantom_X_Pincher_ROS2/phantom_ws/install/phantomx_pincher_interfaces/share/phantomx_pincher_interfaces/cmake/phantomx_pincher_interfaces__rosidl_typesupport_cppExport.cmake
[1.234s] -- Up-to-date: /home/david/ros_humble/proyecto_ws/KIT_Phantom_X_Pincher_ROS2/phantom_ws/install/phantomx_pincher_interfaces/share/phantomx_pincher_interfaces/cmake/phantomx_pincher_interfaces__rosidl_typesupport_cppExport-noconfig.cmake
[1.234s] -- Up-to-date: /home/david/ros_humble/proyecto_ws/KIT_Phantom_X_Pincher_ROS2/phantom_ws/install/phantomx_pincher_interfaces/share/phantomx_pincher_interfaces/cmake/export_phantomx_pincher_interfaces__rosidl_generator_pyExport.cmake
[1.234s] -- Up-to-date: /home/david/ros_humble/proyecto_ws/KIT_Phantom_X_Pincher_ROS2/phantom_ws/install/phantomx_pincher_interfaces/share/phantomx_pincher_interfaces/cmake/export_phantomx_pincher_interfaces__rosidl_generator_pyExport-noconfig.cmake
[1.234s] -- Up-to-date: /home/david/ros_humble/proyecto_ws/KIT_Phantom_X_Pincher_ROS2/phantom_ws/install/phantomx_pincher_interfaces/share/phantomx_pincher_interfaces/cmake/rosidl_cmake-extras.cmake
[1.234s] -- Up-to-date: /home/david/ros_humble/proyecto_ws/KIT_Phantom_X_Pincher_ROS2/phantom_ws/install/phantomx_pincher_interfaces/share/phantomx_pincher_interfaces/cmake/ament_cmake_export_include_directories-extras.cmake
[1.234s] -- Up-to-date: /home/david/ros_humble/proyecto_ws/KIT_Phantom_X_Pincher_ROS2/phantom_ws/install/phantomx_pincher_interfaces/share/phantomx_pincher_interfaces/cmake/ament_cmake_export_libraries-extras.cmake
[1.235s] -- Up-to-date: /home/david/ros_humble/proyecto_ws/KIT_Phantom_X_Pincher_ROS2/phantom_ws/install/phantomx_pincher_interfaces/share/phantomx_pincher_interfaces/cmake/ament_cmake_export_targets-extras.cmake
[1.235s] -- Up-to-date: /home/david/ros_humble/proyecto_ws/KIT_Phantom_X_Pincher_ROS2/phantom_ws/install/phantomx_pincher_interfaces/share/phantomx_pincher_interfaces/cmake/rosidl_cmake_export_typesupport_targets-extras.cmake
[1.235s] -- Up-to-date: /home/david/ros_humble/proyecto_ws/KIT_Phantom_X_Pincher_ROS2/phantom_ws/install/phantomx_pincher_interfaces/share/phantomx_pincher_interfaces/cmake/ament_cmake_export_dependencies-extras.cmake
[1.235s] -- Up-to-date: /home/david/ros_humble/proyecto_ws/KIT_Phantom_X_Pincher_ROS2/phantom_ws/install/phantomx_pincher_interfaces/share/phantomx_pincher_interfaces/cmake/rosidl_cmake_export_typesupport_libraries-extras.cmake
[1.235s] -- Up-to-date: /home/david/ros_humble/proyecto_ws/KIT_Phantom_X_Pincher_ROS2/phantom_ws/install/phantomx_pincher_interfaces/share/phantomx_pincher_interfaces/cmake/phantomx_pincher_interfacesConfig.cmake
[1.235s] -- Up-to-date: /home/david/ros_humble/proyecto_ws/KIT_Phantom_X_Pincher_ROS2/phantom_ws/install/phantomx_pincher_interfaces/share/phantomx_pincher_interfaces/cmake/phantomx_pincher_interfacesConfig-version.cmake
[1.235s] -- Up-to-date: /home/david/ros_humble/proyecto_ws/KIT_Phantom_X_Pincher_ROS2/phantom_ws/install/phantomx_pincher_interfaces/share/phantomx_pincher_interfaces/package.xml
[1.235s] Invoked command in '/home/david/ros_humble/proyecto_ws/Proyecto-Final-Robotica/Codigos/phantom_ws/build/phantomx_pincher_interfaces' returned '0': CMAKE_PREFIX_PATH=${CMAKE_PREFIX_PATH}:/home/david/ros_humble/proyecto_ws/Proyecto-Final-Robotica/Codigos/phantom_ws/install/pincher_cproyect:/home/david/ros_humble/proyecto_ws/Proyecto-Final-Robotica/Codigos/phantom_ws/install/pincher_control:/home/david/ros_humble/proyecto_ws/KIT_Phantom_X_Pincher_ROS2/phantom_ws/install/pincher_cproyect:/home/david/ros_humble/proyecto_ws/KIT_Phantom_X_Pincher_ROS2/phantom_ws/install/pincher_control:/opt/ros/humble /usr/bin/cmake --install /home/david/ros_humble/proyecto_ws/Proyecto-Final-Robotica/Codigos/phantom_ws/build/phantomx_pincher_interfaces
