[2.161s] Invoking command in '/home/david/ros_humble/proyecto_ws/KIT_Phantom_X_Pincher_ROS2/phantom_ws/src/pincher_control': PYTHONPATH=/home/david/ros_humble/proyecto_ws/KIT_Phantom_X_Pincher_ROS2/phantom_ws/build/pincher_control/prefix_override:/usr/lib/python3/dist-packages/colcon_core/task/python/colcon_distutils_commands:/home/david/ros_humble/proyecto_ws/KIT_Phantom_X_Pincher_ROS2/phantom_ws/install/pincher_control/lib/python3.10/site-packages:${PYTHONPATH} /usr/bin/python3 -W ignore:setup.py install is deprecated -W ignore:easy_install command is deprecated setup.py egg_info --egg-base ../../build/pincher_control build --build-base /home/david/ros_humble/proyecto_ws/KIT_Phantom_X_Pincher_ROS2/phantom_ws/build/pincher_control/build install --record /home/david/ros_humble/proyecto_ws/KIT_Phantom_X_Pincher_ROS2/phantom_ws/build/pincher_control/install.log --single-version-externally-managed install_data
[2.946s] running egg_info
[2.947s] writing ../../build/pincher_control/pincher_control.egg-info/PKG-INFO
[2.947s] writing dependency_links to ../../build/pincher_control/pincher_control.egg-info/dependency_links.txt
[2.947s] writing entry points to ../../build/pincher_control/pincher_control.egg-info/entry_points.txt
[2.947s] writing requirements to ../../build/pincher_control/pincher_control.egg-info/requires.txt
[2.947s] writing top-level names to ../../build/pincher_control/pincher_control.egg-info/top_level.txt
[2.955s] reading manifest file '../../build/pincher_control/pincher_control.egg-info/SOURCES.txt'
[2.966s] writing manifest file '../../build/pincher_control/pincher_control.egg-info/SOURCES.txt'
[2.966s] running build
[2.966s] running build_py
[2.966s] running install
[2.966s] running install_lib
[2.966s] running install_data
[2.966s] running install_egg_info
[2.974s] removing '/home/david/ros_humble/proyecto_ws/KIT_Phantom_X_Pincher_ROS2/phantom_ws/install/pincher_control/lib/python3.10/site-packages/pincher_control-0.0.0-py3.10.egg-info' (and everything under it)
[2.978s] Copying ../../build/pincher_control/pincher_control.egg-info to /home/david/ros_humble/proyecto_ws/KIT_Phantom_X_Pincher_ROS2/phantom_ws/install/pincher_control/lib/python3.10/site-packages/pincher_control-0.0.0-py3.10.egg-info
[2.982s] running install_scripts
[3.023s] Installing control_servo script to /home/david/ros_humble/proyecto_ws/KIT_Phantom_X_Pincher_ROS2/phantom_ws/install/pincher_control/lib/pincher_control
[3.023s] Installing follow_joint_trajectory script to /home/david/ros_humble/proyecto_ws/KIT_Phantom_X_Pincher_ROS2/phantom_ws/install/pincher_control/lib/pincher_control
[3.027s] Installing template_control_servo script to /home/david/ros_humble/proyecto_ws/KIT_Phantom_X_Pincher_ROS2/phantom_ws/install/pincher_control/lib/pincher_control
[3.031s] writing list of installed files to '/home/david/ros_humble/proyecto_ws/KIT_Phantom_X_Pincher_ROS2/phantom_ws/build/pincher_control/install.log'
[3.107s] Invoked command in '/home/david/ros_humble/proyecto_ws/KIT_Phantom_X_Pincher_ROS2/phantom_ws/src/pincher_control' returned '0': PYTHONPATH=/home/david/ros_humble/proyecto_ws/KIT_Phantom_X_Pincher_ROS2/phantom_ws/build/pincher_control/prefix_override:/usr/lib/python3/dist-packages/colcon_core/task/python/colcon_distutils_commands:/home/david/ros_humble/proyecto_ws/KIT_Phantom_X_Pincher_ROS2/phantom_ws/install/pincher_control/lib/python3.10/site-packages:${PYTHONPATH} /usr/bin/python3 -W ignore:setup.py install is deprecated -W ignore:easy_install command is deprecated setup.py egg_info --egg-base ../../build/pincher_control build --build-base /home/david/ros_humble/proyecto_ws/KIT_Phantom_X_Pincher_ROS2/phantom_ws/build/pincher_control/build install --record /home/david/ros_humble/proyecto_ws/KIT_Phantom_X_Pincher_ROS2/phantom_ws/build/pincher_control/install.log --single-version-externally-managed install_data
