[0.038s] Invoking command in '/home/david/ros_humble/proyecto_ws/KIT_Phantom_X_Pincher_ROS2/phantom_ws/build/phantomx_pincher_interfaces': CMAKE_PREFIX_PATH=/opt/ros/humble /usr/bin/cmake --build /home/david/ros_humble/proyecto_ws/KIT_Phantom_X_Pincher_ROS2/phantom_ws/build/phantomx_pincher_interfaces -- -j2 -l2
[0.461s] [  3%] Built target phantomx_pincher_interfaces__cpp
[0.555s] [ 12%] Built target phantomx_pincher_interfaces__rosidl_generator_c
[0.694s] [ 12%] Built target ament_cmake_python_copy_phantomx_pincher_interfaces
[0.815s] [ 22%] Built target phantomx_pincher_interfaces__rosidl_typesupport_introspection_cpp
[0.914s] [ 32%] Built target phantomx_pincher_interfaces__rosidl_typesupport_fastrtps_c
[1.122s] [ 41%] Built target phantomx_pincher_interfaces__rosidl_typesupport_cpp
[1.232s] [ 51%] Built target phantomx_pincher_interfaces__rosidl_typesupport_introspection_c
[1.309s] [ 61%] Built target phantomx_pincher_interfaces__rosidl_typesupport_c
[1.464s] [ 70%] Built target phantomx_pincher_interfaces__rosidl_typesupport_fastrtps_cpp
[2.699s] running egg_info
[2.712s] writing phantomx_pincher_interfaces.egg-info/PKG-INFO
[2.712s] writing dependency_links to phantomx_pincher_interfaces.egg-info/dependency_links.txt
[2.712s] writing top-level names to phantomx_pincher_interfaces.egg-info/top_level.txt
[2.732s] reading manifest file 'phantomx_pincher_interfaces.egg-info/SOURCES.txt'
[2.739s] writing manifest file 'phantomx_pincher_interfaces.egg-info/SOURCES.txt'
[2.888s] [ 70%] Built target ament_cmake_python_build_phantomx_pincher_interfaces_egg
[2.978s] [ 70%] Built target phantomx_pincher_interfaces
[3.038s] [ 74%] Built target phantomx_pincher_interfaces__py
[3.097s] [ 80%] Built target phantomx_pincher_interfaces__rosidl_generator_py
[3.154s] [ 87%] Built target phantomx_pincher_interfaces__rosidl_typesupport_fastrtps_c__pyext
[3.209s] [ 93%] Built target phantomx_pincher_interfaces__rosidl_typesupport_introspection_c__pyext
[3.259s] [100%] Built target phantomx_pincher_interfaces__rosidl_typesupport_c__pyext
[3.301s] Invoked command in '/home/david/ros_humble/proyecto_ws/KIT_Phantom_X_Pincher_ROS2/phantom_ws/build/phantomx_pincher_interfaces' returned '0': CMAKE_PREFIX_PATH=/opt/ros/humble /usr/bin/cmake --build /home/david/ros_humble/proyecto_ws/KIT_Phantom_X_Pincher_ROS2/phantom_ws/build/phantomx_pincher_interfaces -- -j2 -l2
[3.314s] Invoking command in '/home/david/ros_humble/proyecto_ws/KIT_Phantom_X_Pincher_ROS2/phantom_ws/build/phantomx_pincher_interfaces': CMAKE_PREFIX_PATH=/opt/ros/humble /usr/bin/cmake --install /home/david/ros_humble/proyecto_ws/KIT_Phantom_X_Pincher_ROS2/phantom_ws/build/phantomx_pincher_interfaces
[3.357s] -- Install configuration: ""
[3.357s] -- Up-to-date: /home/david/ros_humble/proyecto_ws/KIT_Phantom_X_Pincher_ROS2/phantom_ws/install/phantomx_pincher_interfaces/share/ament_index/resource_index/rosidl_interfaces/phantomx_pincher_interfaces
[3.357s] -- Up-to-date: /home/david/ros_humble/proyecto_ws/KIT_Phantom_X_Pincher_ROS2/phantom_ws/install/phantomx_pincher_interfaces/include/phantomx_pincher_interfaces/phantomx_pincher_interfaces
[3.357s] -- Up-to-date: /home/david/ros_humble/proyecto_ws/KIT_Phantom_X_Pincher_ROS2/phantom_ws/install/phantomx_pincher_interfaces/include/phantomx_pincher_interfaces/phantomx_pincher_interfaces/msg
[3.357s] -- Up-to-date: /home/david/ros_humble/proyecto_ws/KIT_Phantom_X_Pincher_ROS2/phantom_ws/install/phantomx_pincher_interfaces/include/phantomx_pincher_interfaces/phantomx_pincher_interfaces/msg/rosidl_generator_c__visibility_control.h
[3.357s] -- Up-to-date: /home/david/ros_humble/proyecto_ws/KIT_Phantom_X_Pincher_ROS2/phantom_ws/install/phantomx_pincher_interfaces/include/phantomx_pincher_interfaces/phantomx_pincher_interfaces/msg/pose_command.h
[3.357s] -- Up-to-date: /home/david/ros_humble/proyecto_ws/KIT_Phantom_X_Pincher_ROS2/phantom_ws/install/phantomx_pincher_interfaces/include/phantomx_pincher_interfaces/phantomx_pincher_interfaces/msg/detail
[3.357s] -- Up-to-date: /home/david/ros_humble/proyecto_ws/KIT_Phantom_X_Pincher_ROS2/phantom_ws/install/phantomx_pincher_interfaces/include/phantomx_pincher_interfaces/phantomx_pincher_interfaces/msg/detail/pose_command__functions.c
[3.357s] -- Up-to-date: /home/david/ros_humble/proyecto_ws/KIT_Phantom_X_Pincher_ROS2/phantom_ws/install/phantomx_pincher_interfaces/include/phantomx_pincher_interfaces/phantomx_pincher_interfaces/msg/detail/pose_command__struct.h
[3.357s] -- Up-to-date: /home/david/ros_humble/proyecto_ws/KIT_Phantom_X_Pincher_ROS2/phantom_ws/install/phantomx_pincher_interfaces/include/phantomx_pincher_interfaces/phantomx_pincher_interfaces/msg/detail/pose_command__type_support.h
[3.357s] -- Up-to-date: /home/david/ros_humble/proyecto_ws/KIT_Phantom_X_Pincher_ROS2/phantom_ws/install/phantomx_pincher_interfaces/include/phantomx_pincher_interfaces/phantomx_pincher_interfaces/msg/detail/pose_command__functions.h
[3.358s] -- Up-to-date: /home/david/ros_humble/proyecto_ws/KIT_Phantom_X_Pincher_ROS2/phantom_ws/install/phantomx_pincher_interfaces/share/phantomx_pincher_interfaces/environment/library_path.sh
[3.358s] -- Up-to-date: /home/david/ros_humble/proyecto_ws/KIT_Phantom_X_Pincher_ROS2/phantom_ws/install/phantomx_pincher_interfaces/share/phantomx_pincher_interfaces/environment/library_path.dsv
[3.358s] -- Up-to-date: /home/david/ros_humble/proyecto_ws/KIT_Phantom_X_Pincher_ROS2/phantom_ws/install/phantomx_pincher_interfaces/lib/libphantomx_pincher_interfaces__rosidl_generator_c.so
[3.358s] -- Up-to-date: /home/david/ros_humble/proyecto_ws/KIT_Phantom_X_Pincher_ROS2/phantom_ws/install/phantomx_pincher_interfaces/include/phantomx_pincher_interfaces/phantomx_pincher_interfaces
[3.358s] -- Up-to-date: /home/david/ros_humble/proyecto_ws/KIT_Phantom_X_Pincher_ROS2/phantom_ws/install/phantomx_pincher_interfaces/include/phantomx_pincher_interfaces/phantomx_pincher_interfaces/msg
[3.370s] -- Up-to-date: /home/david/ros_humble/proyecto_ws/KIT_Phantom_X_Pincher_ROS2/phantom_ws/install/phantomx_pincher_interfaces/include/phantomx_pincher_interfaces/phantomx_pincher_interfaces/msg/rosidl_typesupport_fastrtps_c__visibility_control.h
[3.370s] -- Up-to-date: /home/david/ros_humble/proyecto_ws/KIT_Phantom_X_Pincher_ROS2/phantom_ws/install/phantomx_pincher_interfaces/include/phantomx_pincher_interfaces/phantomx_pincher_interfaces/msg/detail
[3.370s] -- Up-to-date: /home/david/ros_humble/proyecto_ws/KIT_Phantom_X_Pincher_ROS2/phantom_ws/install/phantomx_pincher_interfaces/include/phantomx_pincher_interfaces/phantomx_pincher_interfaces/msg/detail/pose_command__rosidl_typesupport_fastrtps_c.h
[3.370s] -- Up-to-date: /home/david/ros_humble/proyecto_ws/KIT_Phantom_X_Pincher_ROS2/phantom_ws/install/phantomx_pincher_interfaces/lib/libphantomx_pincher_interfaces__rosidl_typesupport_fastrtps_c.so
[3.370s] -- Up-to-date: /home/david/ros_humble/proyecto_ws/KIT_Phantom_X_Pincher_ROS2/phantom_ws/install/phantomx_pincher_interfaces/include/phantomx_pincher_interfaces/phantomx_pincher_interfaces
[3.370s] -- Up-to-date: /home/david/ros_humble/proyecto_ws/KIT_Phantom_X_Pincher_ROS2/phantom_ws/install/phantomx_pincher_interfaces/include/phantomx_pincher_interfaces/phantomx_pincher_interfaces/msg
[3.371s] -- Up-to-date: /home/david/ros_humble/proyecto_ws/KIT_Phantom_X_Pincher_ROS2/phantom_ws/install/phantomx_pincher_interfaces/include/phantomx_pincher_interfaces/phantomx_pincher_interfaces/msg/rosidl_typesupport_introspection_c__visibility_control.h
[3.371s] -- Up-to-date: /home/david/ros_humble/proyecto_ws/KIT_Phantom_X_Pincher_ROS2/phantom_ws/install/phantomx_pincher_interfaces/include/phantomx_pincher_interfaces/phantomx_pincher_interfaces/msg/detail
[3.371s] -- Up-to-date: /home/david/ros_humble/proyecto_ws/KIT_Phantom_X_Pincher_ROS2/phantom_ws/install/phantomx_pincher_interfaces/include/phantomx_pincher_interfaces/phantomx_pincher_interfaces/msg/detail/pose_command__type_support.c
[3.371s] -- Up-to-date: /home/david/ros_humble/proyecto_ws/KIT_Phantom_X_Pincher_ROS2/phantom_ws/install/phantomx_pincher_interfaces/include/phantomx_pincher_interfaces/phantomx_pincher_interfaces/msg/detail/pose_command__rosidl_typesupport_introspection_c.h
[3.371s] -- Up-to-date: /home/david/ros_humble/proyecto_ws/KIT_Phantom_X_Pincher_ROS2/phantom_ws/install/phantomx_pincher_interfaces/lib/libphantomx_pincher_interfaces__rosidl_typesupport_introspection_c.so
[3.371s] -- Up-to-date: /home/david/ros_humble/proyecto_ws/KIT_Phantom_X_Pincher_ROS2/phantom_ws/install/phantomx_pincher_interfaces/lib/libphantomx_pincher_interfaces__rosidl_typesupport_c.so
[3.371s] -- Up-to-date: /home/david/ros_humble/proyecto_ws/KIT_Phantom_X_Pincher_ROS2/phantom_ws/install/phantomx_pincher_interfaces/include/phantomx_pincher_interfaces/phantomx_pincher_interfaces
[3.371s] -- Up-to-date: /home/david/ros_humble/proyecto_ws/KIT_Phantom_X_Pincher_ROS2/phantom_ws/install/phantomx_pincher_interfaces/include/phantomx_pincher_interfaces/phantomx_pincher_interfaces/msg
[3.371s] -- Up-to-date: /home/david/ros_humble/proyecto_ws/KIT_Phantom_X_Pincher_ROS2/phantom_ws/install/phantomx_pincher_interfaces/include/phantomx_pincher_interfaces/phantomx_pincher_interfaces/msg/pose_command.hpp
[3.371s] -- Up-to-date: /home/david/ros_humble/proyecto_ws/KIT_Phantom_X_Pincher_ROS2/phantom_ws/install/phantomx_pincher_interfaces/include/phantomx_pincher_interfaces/phantomx_pincher_interfaces/msg/rosidl_generator_cpp__visibility_control.hpp
[3.371s] -- Up-to-date: /home/david/ros_humble/proyecto_ws/KIT_Phantom_X_Pincher_ROS2/phantom_ws/install/phantomx_pincher_interfaces/include/phantomx_pincher_interfaces/phantomx_pincher_interfaces/msg/detail
[3.371s] -- Up-to-date: /home/david/ros_humble/proyecto_ws/KIT_Phantom_X_Pincher_ROS2/phantom_ws/install/phantomx_pincher_interfaces/include/phantomx_pincher_interfaces/phantomx_pincher_interfaces/msg/detail/pose_command__type_support.hpp
[3.371s] -- Up-to-date: /home/david/ros_humble/proyecto_ws/KIT_Phantom_X_Pincher_ROS2/phantom_ws/install/phantomx_pincher_interfaces/include/phantomx_pincher_interfaces/phantomx_pincher_interfaces/msg/detail/pose_command__builder.hpp
[3.371s] -- Up-to-date: /home/david/ros_humble/proyecto_ws/KIT_Phantom_X_Pincher_ROS2/phantom_ws/install/phantomx_pincher_interfaces/include/phantomx_pincher_interfaces/phantomx_pincher_interfaces/msg/detail/pose_command__struct.hpp
[3.371s] -- Up-to-date: /home/david/ros_humble/proyecto_ws/KIT_Phantom_X_Pincher_ROS2/phantom_ws/install/phantomx_pincher_interfaces/include/phantomx_pincher_interfaces/phantomx_pincher_interfaces/msg/detail/pose_command__traits.hpp
[3.371s] -- Up-to-date: /home/david/ros_humble/proyecto_ws/KIT_Phantom_X_Pincher_ROS2/phantom_ws/install/phantomx_pincher_interfaces/include/phantomx_pincher_interfaces/phantomx_pincher_interfaces
[3.371s] -- Up-to-date: /home/david/ros_humble/proyecto_ws/KIT_Phantom_X_Pincher_ROS2/phantom_ws/install/phantomx_pincher_interfaces/include/phantomx_pincher_interfaces/phantomx_pincher_interfaces/msg
[3.371s] -- Up-to-date: /home/david/ros_humble/proyecto_ws/KIT_Phantom_X_Pincher_ROS2/phantom_ws/install/phantomx_pincher_interfaces/include/phantomx_pincher_interfaces/phantomx_pincher_interfaces/msg/rosidl_typesupport_fastrtps_cpp__visibility_control.h
[3.378s] -- Up-to-date: /home/david/ros_humble/proyecto_ws/KIT_Phantom_X_Pincher_ROS2/phantom_ws/install/phantomx_pincher_interfaces/include/phantomx_pincher_interfaces/phantomx_pincher_interfaces/msg/detail
[3.378s] -- Up-to-date: /home/david/ros_humble/proyecto_ws/KIT_Phantom_X_Pincher_ROS2/phantom_ws/install/phantomx_pincher_interfaces/include/phantomx_pincher_interfaces/phantomx_pincher_interfaces/msg/detail/pose_command__rosidl_typesupport_fastrtps_cpp.hpp
[3.378s] -- Up-to-date: /home/david/ros_humble/proyecto_ws/KIT_Phantom_X_Pincher_ROS2/phantom_ws/install/phantomx_pincher_interfaces/include/phantomx_pincher_interfaces/phantomx_pincher_interfaces/msg/detail/dds_fastrtps
[3.378s] -- Up-to-date: /home/david/ros_humble/proyecto_ws/KIT_Phantom_X_Pincher_ROS2/phantom_ws/install/phantomx_pincher_interfaces/lib/libphantomx_pincher_interfaces__rosidl_typesupport_fastrtps_cpp.so
[3.379s] -- Up-to-date: /home/david/ros_humble/proyecto_ws/KIT_Phantom_X_Pincher_ROS2/phantom_ws/install/phantomx_pincher_interfaces/include/phantomx_pincher_interfaces/phantomx_pincher_interfaces
[3.379s] -- Up-to-date: /home/david/ros_humble/proyecto_ws/KIT_Phantom_X_Pincher_ROS2/phantom_ws/install/phantomx_pincher_interfaces/include/phantomx_pincher_interfaces/phantomx_pincher_interfaces/msg
[3.379s] -- Up-to-date: /home/david/ros_humble/proyecto_ws/KIT_Phantom_X_Pincher_ROS2/phantom_ws/install/phantomx_pincher_interfaces/include/phantomx_pincher_interfaces/phantomx_pincher_interfaces/msg/detail
[3.379s] -- Up-to-date: /home/david/ros_humble/proyecto_ws/KIT_Phantom_X_Pincher_ROS2/phantom_ws/install/phantomx_pincher_interfaces/include/phantomx_pincher_interfaces/phantomx_pincher_interfaces/msg/detail/pose_command__type_support.cpp
[3.379s] -- Up-to-date: /home/david/ros_humble/proyecto_ws/KIT_Phantom_X_Pincher_ROS2/phantom_ws/install/phantomx_pincher_interfaces/include/phantomx_pincher_interfaces/phantomx_pincher_interfaces/msg/detail/pose_command__rosidl_typesupport_introspection_cpp.hpp
[3.379s] -- Up-to-date: /home/david/ros_humble/proyecto_ws/KIT_Phantom_X_Pincher_ROS2/phantom_ws/install/phantomx_pincher_interfaces/lib/libphantomx_pincher_interfaces__rosidl_typesupport_introspection_cpp.so
[3.379s] -- Up-to-date: /home/david/ros_humble/proyecto_ws/KIT_Phantom_X_Pincher_ROS2/phantom_ws/install/phantomx_pincher_interfaces/lib/libphantomx_pincher_interfaces__rosidl_typesupport_cpp.so
[3.379s] -- Up-to-date: /home/david/ros_humble/proyecto_ws/KIT_Phantom_X_Pincher_ROS2/phantom_ws/install/phantomx_pincher_interfaces/share/phantomx_pincher_interfaces/environment/pythonpath.sh
[3.379s] -- Up-to-date: /home/david/ros_humble/proyecto_ws/KIT_Phantom_X_Pincher_ROS2/phantom_ws/install/phantomx_pincher_interfaces/share/phantomx_pincher_interfaces/environment/pythonpath.dsv
[3.379s] -- Up-to-date: /home/david/ros_humble/proyecto_ws/KIT_Phantom_X_Pincher_ROS2/phantom_ws/install/phantomx_pincher_interfaces/local/lib/python3.10/dist-packages/phantomx_pincher_interfaces-0.0.0-py3.10.egg-info
[3.379s] -- Installing: /home/david/ros_humble/proyecto_ws/KIT_Phantom_X_Pincher_ROS2/phantom_ws/install/phantomx_pincher_interfaces/local/lib/python3.10/dist-packages/phantomx_pincher_interfaces-0.0.0-py3.10.egg-info/SOURCES.txt
[3.379s] -- Installing: /home/david/ros_humble/proyecto_ws/KIT_Phantom_X_Pincher_ROS2/phantom_ws/install/phantomx_pincher_interfaces/local/lib/python3.10/dist-packages/phantomx_pincher_interfaces-0.0.0-py3.10.egg-info/PKG-INFO
[3.380s] -- Installing: /home/david/ros_humble/proyecto_ws/KIT_Phantom_X_Pincher_ROS2/phantom_ws/install/phantomx_pincher_interfaces/local/lib/python3.10/dist-packages/phantomx_pincher_interfaces-0.0.0-py3.10.egg-info/top_level.txt
[3.380s] -- Installing: /home/david/ros_humble/proyecto_ws/KIT_Phantom_X_Pincher_ROS2/phantom_ws/install/phantomx_pincher_interfaces/local/lib/python3.10/dist-packages/phantomx_pincher_interfaces-0.0.0-py3.10.egg-info/dependency_links.txt
[3.380s] -- Up-to-date: /home/david/ros_humble/proyecto_ws/KIT_Phantom_X_Pincher_ROS2/phantom_ws/install/phantomx_pincher_interfaces/local/lib/python3.10/dist-packages/phantomx_pincher_interfaces
[3.380s] -- Up-to-date: /home/david/ros_humble/proyecto_ws/KIT_Phantom_X_Pincher_ROS2/phantom_ws/install/phantomx_pincher_interfaces/local/lib/python3.10/dist-packages/phantomx_pincher_interfaces/phantomx_pincher_interfaces_s__rosidl_typesupport_introspection_c.cpython-310-x86_64-linux-gnu.so
[3.380s] -- Up-to-date: /home/david/ros_humble/proyecto_ws/KIT_Phantom_X_Pincher_ROS2/phantom_ws/install/phantomx_pincher_interfaces/local/lib/python3.10/dist-packages/phantomx_pincher_interfaces/_phantomx_pincher_interfaces_s.ep.rosidl_typesupport_fastrtps_c.c
[3.380s] -- Up-to-date: /home/david/ros_humble/proyecto_ws/KIT_Phantom_X_Pincher_ROS2/phantom_ws/install/phantomx_pincher_interfaces/local/lib/python3.10/dist-packages/phantomx_pincher_interfaces/_phantomx_pincher_interfaces_s.ep.rosidl_typesupport_introspection_c.c
[3.380s] -- Up-to-date: /home/david/ros_humble/proyecto_ws/KIT_Phantom_X_Pincher_ROS2/phantom_ws/install/phantomx_pincher_interfaces/local/lib/python3.10/dist-packages/phantomx_pincher_interfaces/msg
[3.380s] -- Up-to-date: /home/david/ros_humble/proyecto_ws/KIT_Phantom_X_Pincher_ROS2/phantom_ws/install/phantomx_pincher_interfaces/local/lib/python3.10/dist-packages/phantomx_pincher_interfaces/msg/_pose_command_s.c
[3.380s] -- Up-to-date: /home/david/ros_humble/proyecto_ws/KIT_Phantom_X_Pincher_ROS2/phantom_ws/install/phantomx_pincher_interfaces/local/lib/python3.10/dist-packages/phantomx_pincher_interfaces/msg/__init__.py
[3.380s] -- Up-to-date: /home/david/ros_humble/proyecto_ws/KIT_Phantom_X_Pincher_ROS2/phantom_ws/install/phantomx_pincher_interfaces/local/lib/python3.10/dist-packages/phantomx_pincher_interfaces/msg/_pose_command.py
[3.380s] -- Up-to-date: /home/david/ros_humble/proyecto_ws/KIT_Phantom_X_Pincher_ROS2/phantom_ws/install/phantomx_pincher_interfaces/local/lib/python3.10/dist-packages/phantomx_pincher_interfaces/_phantomx_pincher_interfaces_s.ep.rosidl_typesupport_c.c
[3.380s] -- Up-to-date: /home/david/ros_humble/proyecto_ws/KIT_Phantom_X_Pincher_ROS2/phantom_ws/install/phantomx_pincher_interfaces/local/lib/python3.10/dist-packages/phantomx_pincher_interfaces/__init__.py
[3.381s] -- Up-to-date: /home/david/ros_humble/proyecto_ws/KIT_Phantom_X_Pincher_ROS2/phantom_ws/install/phantomx_pincher_interfaces/local/lib/python3.10/dist-packages/phantomx_pincher_interfaces/libphantomx_pincher_interfaces__rosidl_generator_py.so
[3.381s] -- Up-to-date: /home/david/ros_humble/proyecto_ws/KIT_Phantom_X_Pincher_ROS2/phantom_ws/install/phantomx_pincher_interfaces/local/lib/python3.10/dist-packages/phantomx_pincher_interfaces/phantomx_pincher_interfaces_s__rosidl_typesupport_c.cpython-310-x86_64-linux-gnu.so
[3.381s] -- Up-to-date: /home/david/ros_humble/proyecto_ws/KIT_Phantom_X_Pincher_ROS2/phantom_ws/install/phantomx_pincher_interfaces/local/lib/python3.10/dist-packages/phantomx_pincher_interfaces/phantomx_pincher_interfaces_s__rosidl_typesupport_fastrtps_c.cpython-310-x86_64-linux-gnu.so
[3.559s] Listing '/home/david/ros_humble/proyecto_ws/KIT_Phantom_X_Pincher_ROS2/phantom_ws/install/phantomx_pincher_interfaces/local/lib/python3.10/dist-packages/phantomx_pincher_interfaces'...
[3.559s] Listing '/home/david/ros_humble/proyecto_ws/KIT_Phantom_X_Pincher_ROS2/phantom_ws/install/phantomx_pincher_interfaces/local/lib/python3.10/dist-packages/phantomx_pincher_interfaces/msg'...
[3.581s] -- Up-to-date: /home/david/ros_humble/proyecto_ws/KIT_Phantom_X_Pincher_ROS2/phantom_ws/install/phantomx_pincher_interfaces/local/lib/python3.10/dist-packages/phantomx_pincher_interfaces/phantomx_pincher_interfaces_s__rosidl_typesupport_fastrtps_c.cpython-310-x86_64-linux-gnu.so
[3.582s] -- Up-to-date: /home/david/ros_humble/proyecto_ws/KIT_Phantom_X_Pincher_ROS2/phantom_ws/install/phantomx_pincher_interfaces/local/lib/python3.10/dist-packages/phantomx_pincher_interfaces/phantomx_pincher_interfaces_s__rosidl_typesupport_introspection_c.cpython-310-x86_64-linux-gnu.so
[3.582s] -- Up-to-date: /home/david/ros_humble/proyecto_ws/KIT_Phantom_X_Pincher_ROS2/phantom_ws/install/phantomx_pincher_interfaces/local/lib/python3.10/dist-packages/phantomx_pincher_interfaces/phantomx_pincher_interfaces_s__rosidl_typesupport_c.cpython-310-x86_64-linux-gnu.so
[3.582s] -- Up-to-date: /home/david/ros_humble/proyecto_ws/KIT_Phantom_X_Pincher_ROS2/phantom_ws/install/phantomx_pincher_interfaces/lib/libphantomx_pincher_interfaces__rosidl_generator_py.so
[3.582s] -- Up-to-date: /home/david/ros_humble/proyecto_ws/KIT_Phantom_X_Pincher_ROS2/phantom_ws/install/phantomx_pincher_interfaces/share/phantomx_pincher_interfaces/msg/PoseCommand.idl
[3.582s] -- Up-to-date: /home/david/ros_humble/proyecto_ws/KIT_Phantom_X_Pincher_ROS2/phantom_ws/install/phantomx_pincher_interfaces/share/phantomx_pincher_interfaces/msg/PoseCommand.msg
[3.582s] -- Up-to-date: /home/david/ros_humble/proyecto_ws/KIT_Phantom_X_Pincher_ROS2/phantom_ws/install/phantomx_pincher_interfaces/share/ament_index/resource_index/package_run_dependencies/phantomx_pincher_interfaces
[3.582s] -- Up-to-date: /home/david/ros_humble/proyecto_ws/KIT_Phantom_X_Pincher_ROS2/phantom_ws/install/phantomx_pincher_interfaces/share/ament_index/resource_index/parent_prefix_path/phantomx_pincher_interfaces
[3.582s] -- Up-to-date: /home/david/ros_humble/proyecto_ws/KIT_Phantom_X_Pincher_ROS2/phantom_ws/install/phantomx_pincher_interfaces/share/phantomx_pincher_interfaces/environment/ament_prefix_path.sh
[3.582s] -- Up-to-date: /home/david/ros_humble/proyecto_ws/KIT_Phantom_X_Pincher_ROS2/phantom_ws/install/phantomx_pincher_interfaces/share/phantomx_pincher_interfaces/environment/ament_prefix_path.dsv
[3.582s] -- Up-to-date: /home/david/ros_humble/proyecto_ws/KIT_Phantom_X_Pincher_ROS2/phantom_ws/install/phantomx_pincher_interfaces/share/phantomx_pincher_interfaces/environment/path.sh
[3.582s] -- Up-to-date: /home/david/ros_humble/proyecto_ws/KIT_Phantom_X_Pincher_ROS2/phantom_ws/install/phantomx_pincher_interfaces/share/phantomx_pincher_interfaces/environment/path.dsv
[3.582s] -- Up-to-date: /home/david/ros_humble/proyecto_ws/KIT_Phantom_X_Pincher_ROS2/phantom_ws/install/phantomx_pincher_interfaces/share/phantomx_pincher_interfaces/local_setup.bash
[3.582s] -- Up-to-date: /home/david/ros_humble/proyecto_ws/KIT_Phantom_X_Pincher_ROS2/phantom_ws/install/phantomx_pincher_interfaces/share/phantomx_pincher_interfaces/local_setup.sh
[3.582s] -- Up-to-date: /home/david/ros_humble/proyecto_ws/KIT_Phantom_X_Pincher_ROS2/phantom_ws/install/phantomx_pincher_interfaces/share/phantomx_pincher_interfaces/local_setup.zsh
[3.582s] -- Up-to-date: /home/david/ros_humble/proyecto_ws/KIT_Phantom_X_Pincher_ROS2/phantom_ws/install/phantomx_pincher_interfaces/share/phantomx_pincher_interfaces/local_setup.dsv
[3.582s] -- Installing: /home/david/ros_humble/proyecto_ws/KIT_Phantom_X_Pincher_ROS2/phantom_ws/install/phantomx_pincher_interfaces/share/phantomx_pincher_interfaces/package.dsv
[3.583s] -- Up-to-date: /home/david/ros_humble/proyecto_ws/KIT_Phantom_X_Pincher_ROS2/phantom_ws/install/phantomx_pincher_interfaces/share/ament_index/resource_index/packages/phantomx_pincher_interfaces
[3.589s] -- Up-to-date: /home/david/ros_humble/proyecto_ws/KIT_Phantom_X_Pincher_ROS2/phantom_ws/install/phantomx_pincher_interfaces/share/phantomx_pincher_interfaces/cmake/export_phantomx_pincher_interfaces__rosidl_generator_cExport.cmake
[3.589s] -- Up-to-date: /home/david/ros_humble/proyecto_ws/KIT_Phantom_X_Pincher_ROS2/phantom_ws/install/phantomx_pincher_interfaces/share/phantomx_pincher_interfaces/cmake/export_phantomx_pincher_interfaces__rosidl_generator_cExport-noconfig.cmake
[3.589s] -- Up-to-date: /home/david/ros_humble/proyecto_ws/KIT_Phantom_X_Pincher_ROS2/phantom_ws/install/phantomx_pincher_interfaces/share/phantomx_pincher_interfaces/cmake/export_phantomx_pincher_interfaces__rosidl_typesupport_fastrtps_cExport.cmake
[3.589s] -- Up-to-date: /home/david/ros_humble/proyecto_ws/KIT_Phantom_X_Pincher_ROS2/phantom_ws/install/phantomx_pincher_interfaces/share/phantomx_pincher_interfaces/cmake/export_phantomx_pincher_interfaces__rosidl_typesupport_fastrtps_cExport-noconfig.cmake
[3.589s] -- Up-to-date: /home/david/ros_humble/proyecto_ws/KIT_Phantom_X_Pincher_ROS2/phantom_ws/install/phantomx_pincher_interfaces/share/phantomx_pincher_interfaces/cmake/phantomx_pincher_interfaces__rosidl_typesupport_introspection_cExport.cmake
[3.589s] -- Up-to-date: /home/david/ros_humble/proyecto_ws/KIT_Phantom_X_Pincher_ROS2/phantom_ws/install/phantomx_pincher_interfaces/share/phantomx_pincher_interfaces/cmake/phantomx_pincher_interfaces__rosidl_typesupport_introspection_cExport-noconfig.cmake
[3.590s] -- Up-to-date: /home/david/ros_humble/proyecto_ws/KIT_Phantom_X_Pincher_ROS2/phantom_ws/install/phantomx_pincher_interfaces/share/phantomx_pincher_interfaces/cmake/phantomx_pincher_interfaces__rosidl_typesupport_cExport.cmake
[3.590s] -- Up-to-date: /home/david/ros_humble/proyecto_ws/KIT_Phantom_X_Pincher_ROS2/phantom_ws/install/phantomx_pincher_interfaces/share/phantomx_pincher_interfaces/cmake/phantomx_pincher_interfaces__rosidl_typesupport_cExport-noconfig.cmake
[3.598s] -- Up-to-date: /home/david/ros_humble/proyecto_ws/KIT_Phantom_X_Pincher_ROS2/phantom_ws/install/phantomx_pincher_interfaces/share/phantomx_pincher_interfaces/cmake/export_phantomx_pincher_interfaces__rosidl_generator_cppExport.cmake
[3.598s] -- Up-to-date: /home/david/ros_humble/proyecto_ws/KIT_Phantom_X_Pincher_ROS2/phantom_ws/install/phantomx_pincher_interfaces/share/phantomx_pincher_interfaces/cmake/export_phantomx_pincher_interfaces__rosidl_typesupport_fastrtps_cppExport.cmake
[3.598s] -- Up-to-date: /home/david/ros_humble/proyecto_ws/KIT_Phantom_X_Pincher_ROS2/phantom_ws/install/phantomx_pincher_interfaces/share/phantomx_pincher_interfaces/cmake/export_phantomx_pincher_interfaces__rosidl_typesupport_fastrtps_cppExport-noconfig.cmake
[3.598s] -- Up-to-date: /home/david/ros_humble/proyecto_ws/KIT_Phantom_X_Pincher_ROS2/phantom_ws/install/phantomx_pincher_interfaces/share/phantomx_pincher_interfaces/cmake/phantomx_pincher_interfaces__rosidl_typesupport_introspection_cppExport.cmake
[3.598s] -- Up-to-date: /home/david/ros_humble/proyecto_ws/KIT_Phantom_X_Pincher_ROS2/phantom_ws/install/phantomx_pincher_interfaces/share/phantomx_pincher_interfaces/cmake/phantomx_pincher_interfaces__rosidl_typesupport_introspection_cppExport-noconfig.cmake
[3.598s] -- Up-to-date: /home/david/ros_humble/proyecto_ws/KIT_Phantom_X_Pincher_ROS2/phantom_ws/install/phantomx_pincher_interfaces/share/phantomx_pincher_interfaces/cmake/phantomx_pincher_interfaces__rosidl_typesupport_cppExport.cmake
[3.598s] -- Up-to-date: /home/david/ros_humble/proyecto_ws/KIT_Phantom_X_Pincher_ROS2/phantom_ws/install/phantomx_pincher_interfaces/share/phantomx_pincher_interfaces/cmake/phantomx_pincher_interfaces__rosidl_typesupport_cppExport-noconfig.cmake
[3.598s] -- Up-to-date: /home/david/ros_humble/proyecto_ws/KIT_Phantom_X_Pincher_ROS2/phantom_ws/install/phantomx_pincher_interfaces/share/phantomx_pincher_interfaces/cmake/export_phantomx_pincher_interfaces__rosidl_generator_pyExport.cmake
[3.598s] -- Up-to-date: /home/david/ros_humble/proyecto_ws/KIT_Phantom_X_Pincher_ROS2/phantom_ws/install/phantomx_pincher_interfaces/share/phantomx_pincher_interfaces/cmake/export_phantomx_pincher_interfaces__rosidl_generator_pyExport-noconfig.cmake
[3.598s] -- Up-to-date: /home/david/ros_humble/proyecto_ws/KIT_Phantom_X_Pincher_ROS2/phantom_ws/install/phantomx_pincher_interfaces/share/phantomx_pincher_interfaces/cmake/rosidl_cmake-extras.cmake
[3.598s] -- Up-to-date: /home/david/ros_humble/proyecto_ws/KIT_Phantom_X_Pincher_ROS2/phantom_ws/install/phantomx_pincher_interfaces/share/phantomx_pincher_interfaces/cmake/ament_cmake_export_include_directories-extras.cmake
[3.598s] -- Up-to-date: /home/david/ros_humble/proyecto_ws/KIT_Phantom_X_Pincher_ROS2/phantom_ws/install/phantomx_pincher_interfaces/share/phantomx_pincher_interfaces/cmake/ament_cmake_export_libraries-extras.cmake
[3.598s] -- Up-to-date: /home/david/ros_humble/proyecto_ws/KIT_Phantom_X_Pincher_ROS2/phantom_ws/install/phantomx_pincher_interfaces/share/phantomx_pincher_interfaces/cmake/ament_cmake_export_targets-extras.cmake
[3.598s] -- Up-to-date: /home/david/ros_humble/proyecto_ws/KIT_Phantom_X_Pincher_ROS2/phantom_ws/install/phantomx_pincher_interfaces/share/phantomx_pincher_interfaces/cmake/rosidl_cmake_export_typesupport_targets-extras.cmake
[3.598s] -- Up-to-date: /home/david/ros_humble/proyecto_ws/KIT_Phantom_X_Pincher_ROS2/phantom_ws/install/phantomx_pincher_interfaces/share/phantomx_pincher_interfaces/cmake/ament_cmake_export_dependencies-extras.cmake
[3.601s] -- Up-to-date: /home/david/ros_humble/proyecto_ws/KIT_Phantom_X_Pincher_ROS2/phantom_ws/install/phantomx_pincher_interfaces/share/phantomx_pincher_interfaces/cmake/rosidl_cmake_export_typesupport_libraries-extras.cmake
[3.601s] -- Up-to-date: /home/david/ros_humble/proyecto_ws/KIT_Phantom_X_Pincher_ROS2/phantom_ws/install/phantomx_pincher_interfaces/share/phantomx_pincher_interfaces/cmake/phantomx_pincher_interfacesConfig.cmake
[3.601s] -- Up-to-date: /home/david/ros_humble/proyecto_ws/KIT_Phantom_X_Pincher_ROS2/phantom_ws/install/phantomx_pincher_interfaces/share/phantomx_pincher_interfaces/cmake/phantomx_pincher_interfacesConfig-version.cmake
[3.601s] -- Up-to-date: /home/david/ros_humble/proyecto_ws/KIT_Phantom_X_Pincher_ROS2/phantom_ws/install/phantomx_pincher_interfaces/share/phantomx_pincher_interfaces/package.xml
[3.603s] Invoked command in '/home/david/ros_humble/proyecto_ws/KIT_Phantom_X_Pincher_ROS2/phantom_ws/build/phantomx_pincher_interfaces' returned '0': CMAKE_PREFIX_PATH=/opt/ros/humble /usr/bin/cmake --install /home/david/ros_humble/proyecto_ws/KIT_Phantom_X_Pincher_ROS2/phantom_ws/build/phantomx_pincher_interfaces
