[0.063s] Invoking command in '/home/david/ros_humble/proyecto_ws/Proyecto-Final-Robotica/Codigos/phantom_ws/build/phantomx_pincher_demos': AMENT_PREFIX_PATH=/home/david/ros_humble/proyecto_ws/KIT_Phantom_X_Pincher_ROS2/phantom_ws/install/phantomx_pincher:/home/david/ros_humble/proyecto_ws/KIT_Phantom_X_Pincher_ROS2/phantom_ws/install/phantomx_pincher_moveit_config:/home/david/ros_humble/proyecto_ws/KIT_Phantom_X_Pincher_ROS2/phantom_ws/install/phantomx_pincher_description:${AMENT_PREFIX_PATH} CMAKE_PREFIX_PATH=/home/david/ros_humble/proyecto_ws/Proyecto-Final-Robotica/Codigos/phantom_ws/install/phantomx_pincher:/home/david/ros_humble/proyecto_ws/Proyecto-Final-Robotica/Codigos/phantom_ws/install/phantomx_pincher_moveit_config:/home/david/ros_humble/proyecto_ws/Proyecto-Final-Robotica/Codigos/phantom_ws/install/phantomx_pincher_description:/opt/ros/humble IGN_GAZEBO_RESOURCE_PATH=/home/david/ros_humble/proyecto_ws/KIT_Phantom_X_Pincher_ROS2/phantom_ws/install/phantomx_pincher_description/share/phantomx_pincher_description /usr/bin/cmake --build /home/david/ros_humble/proyecto_ws/Proyecto-Final-Robotica/Codigos/phantom_ws/build/phantomx_pincher_demos -- -j2 -l2
[0.070s] [0mCMake Error: The current CMakeCache.txt directory /home/david/ros_humble/proyecto_ws/Proyecto-Final-Robotica/Codigos/phantom_ws/build/phantomx_pincher_demos/CMakeCache.txt is different than the directory /home/david/ros_humble/proyecto_ws/KIT_Phantom_X_Pincher_ROS2/phantom_ws/build/phantomx_pincher_demos where CMakeCache.txt was created. This may result in binaries being created in the wrong place. If you are not sure, reedit the CMakeCache.txt[0m
[0.189s] Invoked command in '/home/david/ros_humble/proyecto_ws/Proyecto-Final-Robotica/Codigos/phantom_ws/build/phantomx_pincher_demos' returned '0': AMENT_PREFIX_PATH=/home/david/ros_humble/proyecto_ws/KIT_Phantom_X_Pincher_ROS2/phantom_ws/install/phantomx_pincher:/home/david/ros_humble/proyecto_ws/KIT_Phantom_X_Pincher_ROS2/phantom_ws/install/phantomx_pincher_moveit_config:/home/david/ros_humble/proyecto_ws/KIT_Phantom_X_Pincher_ROS2/phantom_ws/install/phantomx_pincher_description:${AMENT_PREFIX_PATH} CMAKE_PREFIX_PATH=/home/david/ros_humble/proyecto_ws/Proyecto-Final-Robotica/Codigos/phantom_ws/install/phantomx_pincher:/home/david/ros_humble/proyecto_ws/Proyecto-Final-Robotica/Codigos/phantom_ws/install/phantomx_pincher_moveit_config:/home/david/ros_humble/proyecto_ws/Proyecto-Final-Robotica/Codigos/phantom_ws/install/phantomx_pincher_description:/opt/ros/humble IGN_GAZEBO_RESOURCE_PATH=/home/david/ros_humble/proyecto_ws/KIT_Phantom_X_Pincher_ROS2/phantom_ws/install/phantomx_pincher_description/share/phantomx_pincher_description /usr/bin/cmake --build /home/david/ros_humble/proyecto_ws/Proyecto-Final-Robotica/Codigos/phantom_ws/build/phantomx_pincher_demos -- -j2 -l2
[0.196s] Invoking command in '/home/david/ros_humble/proyecto_ws/Proyecto-Final-Robotica/Codigos/phantom_ws/build/phantomx_pincher_demos': AMENT_PREFIX_PATH=/home/david/ros_humble/proyecto_ws/KIT_Phantom_X_Pincher_ROS2/phantom_ws/install/phantomx_pincher:/home/david/ros_humble/proyecto_ws/KIT_Phantom_X_Pincher_ROS2/phantom_ws/install/phantomx_pincher_moveit_config:/home/david/ros_humble/proyecto_ws/KIT_Phantom_X_Pincher_ROS2/phantom_ws/install/phantomx_pincher_description:${AMENT_PREFIX_PATH} CMAKE_PREFIX_PATH=/home/david/ros_humble/proyecto_ws/Proyecto-Final-Robotica/Codigos/phantom_ws/install/phantomx_pincher:/home/david/ros_humble/proyecto_ws/Proyecto-Final-Robotica/Codigos/phantom_ws/install/phantomx_pincher_moveit_config:/home/david/ros_humble/proyecto_ws/Proyecto-Final-Robotica/Codigos/phantom_ws/install/phantomx_pincher_description:/opt/ros/humble IGN_GAZEBO_RESOURCE_PATH=/home/david/ros_humble/proyecto_ws/KIT_Phantom_X_Pincher_ROS2/phantom_ws/install/phantomx_pincher_description/share/phantomx_pincher_description /usr/bin/cmake --install /home/david/ros_humble/proyecto_ws/Proyecto-Final-Robotica/Codigos/phantom_ws/build/phantomx_pincher_demos
[0.203s] -- Install configuration: ""
[0.239s] -- Up-to-date: /home/david/ros_humble/proyecto_ws/KIT_Phantom_X_Pincher_ROS2/phantom_ws/install/phantomx_pincher_demos/share/phantomx_pincher_demos/launch
[0.241s] -- Up-to-date: /home/david/ros_humble/proyecto_ws/KIT_Phantom_X_Pincher_ROS2/phantom_ws/install/phantomx_pincher_demos/share/phantomx_pincher_demos/launch/demo_rover_peg_in_hole.launch.py
[0.241s] -- Up-to-date: /home/david/ros_humble/proyecto_ws/KIT_Phantom_X_Pincher_ROS2/phantom_ws/install/phantomx_pincher_demos/share/phantomx_pincher_demos/launch/demo_moon_camera_sensors.launch.py
[0.241s] -- Up-to-date: /home/david/ros_humble/proyecto_ws/KIT_Phantom_X_Pincher_ROS2/phantom_ws/install/phantomx_pincher_demos/share/phantomx_pincher_demos/launch/demo_orbit_pick_and_place.launch.py
[0.241s] -- Up-to-date: /home/david/ros_humble/proyecto_ws/KIT_Phantom_X_Pincher_ROS2/phantom_ws/install/phantomx_pincher_demos/share/phantomx_pincher_demos/rviz
[0.244s] -- Up-to-date: /home/david/ros_humble/proyecto_ws/KIT_Phantom_X_Pincher_ROS2/phantom_ws/install/phantomx_pincher_demos/share/phantomx_pincher_demos/rviz/demo_rover_peg_in_hole.rviz
[0.244s] -- Up-to-date: /home/david/ros_humble/proyecto_ws/KIT_Phantom_X_Pincher_ROS2/phantom_ws/install/phantomx_pincher_demos/share/phantomx_pincher_demos/rviz/demo_moon_camera_sensors.rviz
[0.245s] -- Up-to-date: /home/david/ros_humble/proyecto_ws/KIT_Phantom_X_Pincher_ROS2/phantom_ws/install/phantomx_pincher_demos/share/phantomx_pincher_demos/rviz/demo_orbit_pick_and_place.rviz
[0.245s] -- Up-to-date: /home/david/ros_humble/proyecto_ws/KIT_Phantom_X_Pincher_ROS2/phantom_ws/install/phantomx_pincher_demos/share/phantomx_pincher_demos/worlds
[0.247s] -- Up-to-date: /home/david/ros_humble/proyecto_ws/KIT_Phantom_X_Pincher_ROS2/phantom_ws/install/phantomx_pincher_demos/share/phantomx_pincher_demos/worlds/moon_camera_sensors.sdf
[0.247s] -- Up-to-date: /home/david/ros_humble/proyecto_ws/KIT_Phantom_X_Pincher_ROS2/phantom_ws/install/phantomx_pincher_demos/share/phantomx_pincher_demos/worlds/rover_peg_in_hole.sdf
[0.247s] -- Up-to-date: /home/david/ros_humble/proyecto_ws/KIT_Phantom_X_Pincher_ROS2/phantom_ws/install/phantomx_pincher_demos/share/phantomx_pincher_demos/worlds/orbit_pick_and_place.sdf
[0.248s] -- Up-to-date: /home/david/ros_humble/proyecto_ws/KIT_Phantom_X_Pincher_ROS2/phantom_ws/install/phantomx_pincher_demos/share/phantomx_pincher_demos/assets
[0.249s] -- Up-to-date: /home/david/ros_humble/proyecto_ws/KIT_Phantom_X_Pincher_ROS2/phantom_ws/install/phantomx_pincher_demos/share/phantomx_pincher_demos/assets/module_holes.stl
[0.249s] -- Up-to-date: /home/david/ros_humble/proyecto_ws/KIT_Phantom_X_Pincher_ROS2/phantom_ws/install/phantomx_pincher_demos/share/phantomx_pincher_demos/assets/suzanne.stl
[0.251s] -- Up-to-date: /home/david/ros_humble/proyecto_ws/KIT_Phantom_X_Pincher_ROS2/phantom_ws/install/phantomx_pincher_demos/lib/phantomx_pincher_demos/demo_observe_scene.py
[0.251s] -- Up-to-date: /home/david/ros_humble/proyecto_ws/KIT_Phantom_X_Pincher_ROS2/phantom_ws/install/phantomx_pincher_demos/lib/phantomx_pincher_demos/demo_peg_in_hole.py
[0.251s] -- Up-to-date: /home/david/ros_humble/proyecto_ws/KIT_Phantom_X_Pincher_ROS2/phantom_ws/install/phantomx_pincher_demos/lib/phantomx_pincher_demos/demo_pick_and_place.py
[0.251s] -- Up-to-date: /home/david/ros_humble/proyecto_ws/KIT_Phantom_X_Pincher_ROS2/phantom_ws/install/phantomx_pincher_demos/lib/phantomx_pincher_demos/ex_collision_mesh.py
[0.251s] -- Up-to-date: /home/david/ros_humble/proyecto_ws/KIT_Phantom_X_Pincher_ROS2/phantom_ws/install/phantomx_pincher_demos/lib/phantomx_pincher_demos/ex_collision_primitive.py
[0.251s] -- Up-to-date: /home/david/ros_humble/proyecto_ws/KIT_Phantom_X_Pincher_ROS2/phantom_ws/install/phantomx_pincher_demos/lib/phantomx_pincher_demos/ex_gripper.py
[0.251s] -- Up-to-date: /home/david/ros_humble/proyecto_ws/KIT_Phantom_X_Pincher_ROS2/phantom_ws/install/phantomx_pincher_demos/lib/phantomx_pincher_demos/ex_joint_goal.py
[0.251s] -- Up-to-date: /home/david/ros_humble/proyecto_ws/KIT_Phantom_X_Pincher_ROS2/phantom_ws/install/phantomx_pincher_demos/lib/phantomx_pincher_demos/ex_pose_goal.py
[0.251s] -- Up-to-date: /home/david/ros_humble/proyecto_ws/KIT_Phantom_X_Pincher_ROS2/phantom_ws/install/phantomx_pincher_demos/lib/phantomx_pincher_demos/ex_servo.py
[0.251s] -- Up-to-date: /home/david/ros_humble/proyecto_ws/KIT_Phantom_X_Pincher_ROS2/phantom_ws/install/phantomx_pincher_demos/lib/phantomx_pincher_demos/template.py
[0.257s] -- Up-to-date: /home/david/ros_humble/proyecto_ws/KIT_Phantom_X_Pincher_ROS2/phantom_ws/install/phantomx_pincher_demos/share/ament_index/resource_index/package_run_dependencies/phantomx_pincher_demos
[0.258s] -- Up-to-date: /home/david/ros_humble/proyecto_ws/KIT_Phantom_X_Pincher_ROS2/phantom_ws/install/phantomx_pincher_demos/share/ament_index/resource_index/parent_prefix_path/phantomx_pincher_demos
[0.259s] -- Up-to-date: /home/david/ros_humble/proyecto_ws/KIT_Phantom_X_Pincher_ROS2/phantom_ws/install/phantomx_pincher_demos/share/phantomx_pincher_demos/environment/ament_prefix_path.sh
[0.259s] -- Up-to-date: /home/david/ros_humble/proyecto_ws/KIT_Phantom_X_Pincher_ROS2/phantom_ws/install/phantomx_pincher_demos/share/phantomx_pincher_demos/environment/ament_prefix_path.dsv
[0.259s] -- Up-to-date: /home/david/ros_humble/proyecto_ws/KIT_Phantom_X_Pincher_ROS2/phantom_ws/install/phantomx_pincher_demos/share/phantomx_pincher_demos/environment/path.sh
[0.259s] -- Up-to-date: /home/david/ros_humble/proyecto_ws/KIT_Phantom_X_Pincher_ROS2/phantom_ws/install/phantomx_pincher_demos/share/phantomx_pincher_demos/environment/path.dsv
[0.259s] -- Up-to-date: /home/david/ros_humble/proyecto_ws/KIT_Phantom_X_Pincher_ROS2/phantom_ws/install/phantomx_pincher_demos/share/phantomx_pincher_demos/local_setup.bash
[0.260s] -- Up-to-date: /home/david/ros_humble/proyecto_ws/KIT_Phantom_X_Pincher_ROS2/phantom_ws/install/phantomx_pincher_demos/share/phantomx_pincher_demos/local_setup.sh
[0.260s] -- Up-to-date: /home/david/ros_humble/proyecto_ws/KIT_Phantom_X_Pincher_ROS2/phantom_ws/install/phantomx_pincher_demos/share/phantomx_pincher_demos/local_setup.zsh
[0.260s] -- Up-to-date: /home/david/ros_humble/proyecto_ws/KIT_Phantom_X_Pincher_ROS2/phantom_ws/install/phantomx_pincher_demos/share/phantomx_pincher_demos/local_setup.dsv
[0.260s] -- Installing: /home/david/ros_humble/proyecto_ws/KIT_Phantom_X_Pincher_ROS2/phantom_ws/install/phantomx_pincher_demos/share/phantomx_pincher_demos/package.dsv
[0.262s] -- Up-to-date: /home/david/ros_humble/proyecto_ws/KIT_Phantom_X_Pincher_ROS2/phantom_ws/install/phantomx_pincher_demos/share/ament_index/resource_index/packages/phantomx_pincher_demos
[0.263s] -- Up-to-date: /home/david/ros_humble/proyecto_ws/KIT_Phantom_X_Pincher_ROS2/phantom_ws/install/phantomx_pincher_demos/share/phantomx_pincher_demos/cmake/phantomx_pincher_demosConfig.cmake
[0.263s] -- Up-to-date: /home/david/ros_humble/proyecto_ws/KIT_Phantom_X_Pincher_ROS2/phantom_ws/install/phantomx_pincher_demos/share/phantomx_pincher_demos/cmake/phantomx_pincher_demosConfig-version.cmake
[0.264s] -- Up-to-date: /home/david/ros_humble/proyecto_ws/KIT_Phantom_X_Pincher_ROS2/phantom_ws/install/phantomx_pincher_demos/share/phantomx_pincher_demos/package.xml
[0.266s] Invoked command in '/home/david/ros_humble/proyecto_ws/Proyecto-Final-Robotica/Codigos/phantom_ws/build/phantomx_pincher_demos' returned '0': AMENT_PREFIX_PATH=/home/david/ros_humble/proyecto_ws/KIT_Phantom_X_Pincher_ROS2/phantom_ws/install/phantomx_pincher:/home/david/ros_humble/proyecto_ws/KIT_Phantom_X_Pincher_ROS2/phantom_ws/install/phantomx_pincher_moveit_config:/home/david/ros_humble/proyecto_ws/KIT_Phantom_X_Pincher_ROS2/phantom_ws/install/phantomx_pincher_description:${AMENT_PREFIX_PATH} CMAKE_PREFIX_PATH=/home/david/ros_humble/proyecto_ws/Proyecto-Final-Robotica/Codigos/phantom_ws/install/phantomx_pincher:/home/david/ros_humble/proyecto_ws/Proyecto-Final-Robotica/Codigos/phantom_ws/install/phantomx_pincher_moveit_config:/home/david/ros_humble/proyecto_ws/Proyecto-Final-Robotica/Codigos/phantom_ws/install/phantomx_pincher_description:/opt/ros/humble IGN_GAZEBO_RESOURCE_PATH=/home/david/ros_humble/proyecto_ws/KIT_Phantom_X_Pincher_ROS2/phantom_ws/install/phantomx_pincher_description/share/phantomx_pincher_description /usr/bin/cmake --install /home/david/ros_humble/proyecto_ws/Proyecto-Final-Robotica/Codigos/phantom_ws/build/phantomx_pincher_demos
