[0.161s] Invoking command in '/home/david/ros_humble/proyecto_ws/KIT_Phantom_X_Pincher_ROS2/phantom_ws/build/phantomx_pincher_moveit_config': AMENT_PREFIX_PATH=/home/david/ros_humble/proyecto_ws/KIT_Phantom_X_Pincher_ROS2/phantom_ws/install/phantomx_pincher_description:${AMENT_PREFIX_PATH} CMAKE_PREFIX_PATH=/home/david/ros_humble/proyecto_ws/KIT_Phantom_X_Pincher_ROS2/phantom_ws/install/phantomx_pincher_description:/opt/ros/humble IGN_GAZEBO_RESOURCE_PATH=/home/david/ros_humble/proyecto_ws/KIT_Phantom_X_Pincher_ROS2/phantom_ws/install/phantomx_pincher_description/share/phantomx_pincher_description /usr/bin/cmake --build /home/david/ros_humble/proyecto_ws/KIT_Phantom_X_Pincher_ROS2/phantom_ws/build/phantomx_pincher_moveit_config -- -j2 -l2
[0.525s] Invoked command in '/home/david/ros_humble/proyecto_ws/KIT_Phantom_X_Pincher_ROS2/phantom_ws/build/phantomx_pincher_moveit_config' returned '0': AMENT_PREFIX_PATH=/home/david/ros_humble/proyecto_ws/KIT_Phantom_X_Pincher_ROS2/phantom_ws/install/phantomx_pincher_description:${AMENT_PREFIX_PATH} CMAKE_PREFIX_PATH=/home/david/ros_humble/proyecto_ws/KIT_Phantom_X_Pincher_ROS2/phantom_ws/install/phantomx_pincher_description:/opt/ros/humble IGN_GAZEBO_RESOURCE_PATH=/home/david/ros_humble/proyecto_ws/KIT_Phantom_X_Pincher_ROS2/phantom_ws/install/phantomx_pincher_description/share/phantomx_pincher_description /usr/bin/cmake --build /home/david/ros_humble/proyecto_ws/KIT_Phantom_X_Pincher_ROS2/phantom_ws/build/phantomx_pincher_moveit_config -- -j2 -l2
[0.542s] Invoking command in '/home/david/ros_humble/proyecto_ws/KIT_Phantom_X_Pincher_ROS2/phantom_ws/build/phantomx_pincher_moveit_config': AMENT_PREFIX_PATH=/home/david/ros_humble/proyecto_ws/KIT_Phantom_X_Pincher_ROS2/phantom_ws/install/phantomx_pincher_description:${AMENT_PREFIX_PATH} CMAKE_PREFIX_PATH=/home/david/ros_humble/proyecto_ws/KIT_Phantom_X_Pincher_ROS2/phantom_ws/install/phantomx_pincher_description:/opt/ros/humble IGN_GAZEBO_RESOURCE_PATH=/home/david/ros_humble/proyecto_ws/KIT_Phantom_X_Pincher_ROS2/phantom_ws/install/phantomx_pincher_description/share/phantomx_pincher_description /usr/bin/cmake --install /home/david/ros_humble/proyecto_ws/KIT_Phantom_X_Pincher_ROS2/phantom_ws/build/phantomx_pincher_moveit_config
[0.550s] -- Install configuration: ""
[0.553s] -- Up-to-date: /home/david/ros_humble/proyecto_ws/KIT_Phantom_X_Pincher_ROS2/phantom_ws/install/phantomx_pincher_moveit_config/share/phantomx_pincher_moveit_config/config
[0.555s] -- Up-to-date: /home/david/ros_humble/proyecto_ws/KIT_Phantom_X_Pincher_ROS2/phantom_ws/install/phantomx_pincher_moveit_config/share/phantomx_pincher_moveit_config/config/servo.yaml
[0.555s] -- Up-to-date: /home/david/ros_humble/proyecto_ws/KIT_Phantom_X_Pincher_ROS2/phantom_ws/install/phantomx_pincher_moveit_config/share/phantomx_pincher_moveit_config/config/moveit_controller_manager_gripper_command.yaml
[0.555s] -- Up-to-date: /home/david/ros_humble/proyecto_ws/KIT_Phantom_X_Pincher_ROS2/phantom_ws/install/phantomx_pincher_moveit_config/share/phantomx_pincher_moveit_config/config/controllers_effort.yaml
[0.555s] -- Up-to-date: /home/david/ros_humble/proyecto_ws/KIT_Phantom_X_Pincher_ROS2/phantom_ws/install/phantomx_pincher_moveit_config/share/phantomx_pincher_moveit_config/config/ompl_planning.yaml
[0.568s] -- Up-to-date: /home/david/ros_humble/proyecto_ws/KIT_Phantom_X_Pincher_ROS2/phantom_ws/install/phantomx_pincher_moveit_config/share/phantomx_pincher_moveit_config/config/phantomx_pincher.srdf
[0.568s] -- Up-to-date: /home/david/ros_humble/proyecto_ws/KIT_Phantom_X_Pincher_ROS2/phantom_ws/install/phantomx_pincher_moveit_config/share/phantomx_pincher_moveit_config/config/moveit_controller_manager_gripper_trajectory.yaml
[0.568s] -- Up-to-date: /home/david/ros_humble/proyecto_ws/KIT_Phantom_X_Pincher_ROS2/phantom_ws/install/phantomx_pincher_moveit_config/share/phantomx_pincher_moveit_config/config/joint_limits.yaml
[0.569s] -- Up-to-date: /home/david/ros_humble/proyecto_ws/KIT_Phantom_X_Pincher_ROS2/phantom_ws/install/phantomx_pincher_moveit_config/share/phantomx_pincher_moveit_config/config/controllers_position.yaml
[0.569s] -- Up-to-date: /home/david/ros_humble/proyecto_ws/KIT_Phantom_X_Pincher_ROS2/phantom_ws/install/phantomx_pincher_moveit_config/share/phantomx_pincher_moveit_config/config/kinematics.yaml
[0.569s] -- Up-to-date: /home/david/ros_humble/proyecto_ws/KIT_Phantom_X_Pincher_ROS2/phantom_ws/install/phantomx_pincher_moveit_config/share/phantomx_pincher_moveit_config/config/servo_real.yaml
[0.569s] -- Up-to-date: /home/david/ros_humble/proyecto_ws/KIT_Phantom_X_Pincher_ROS2/phantom_ws/install/phantomx_pincher_moveit_config/share/phantomx_pincher_moveit_config/launch
[0.569s] -- Up-to-date: /home/david/ros_humble/proyecto_ws/KIT_Phantom_X_Pincher_ROS2/phantom_ws/install/phantomx_pincher_moveit_config/share/phantomx_pincher_moveit_config/launch/move_group.launch.py
[0.569s] -- Up-to-date: /home/david/ros_humble/proyecto_ws/KIT_Phantom_X_Pincher_ROS2/phantom_ws/install/phantomx_pincher_moveit_config/share/phantomx_pincher_moveit_config/launch/move_group_external_control.launch.py
[0.569s] -- Up-to-date: /home/david/ros_humble/proyecto_ws/KIT_Phantom_X_Pincher_ROS2/phantom_ws/install/phantomx_pincher_moveit_config/share/phantomx_pincher_moveit_config/rviz
[0.570s] -- Up-to-date: /home/david/ros_humble/proyecto_ws/KIT_Phantom_X_Pincher_ROS2/phantom_ws/install/phantomx_pincher_moveit_config/share/phantomx_pincher_moveit_config/rviz/moveit.rviz
[0.570s] -- Up-to-date: /home/david/ros_humble/proyecto_ws/KIT_Phantom_X_Pincher_ROS2/phantom_ws/install/phantomx_pincher_moveit_config/share/phantomx_pincher_moveit_config/srdf
[0.570s] -- Up-to-date: /home/david/ros_humble/proyecto_ws/KIT_Phantom_X_Pincher_ROS2/phantom_ws/install/phantomx_pincher_moveit_config/share/phantomx_pincher_moveit_config/srdf/phantomx_pincher.xacro
[0.570s] -- Up-to-date: /home/david/ros_humble/proyecto_ws/KIT_Phantom_X_Pincher_ROS2/phantom_ws/install/phantomx_pincher_moveit_config/share/phantomx_pincher_moveit_config/srdf/phantomx_pincher.srdf
[0.570s] -- Up-to-date: /home/david/ros_humble/proyecto_ws/KIT_Phantom_X_Pincher_ROS2/phantom_ws/install/phantomx_pincher_moveit_config/share/phantomx_pincher_moveit_config/srdf/phantomx_pincher.srdf.xacro
[0.572s] -- Up-to-date: /home/david/ros_humble/proyecto_ws/KIT_Phantom_X_Pincher_ROS2/phantom_ws/install/phantomx_pincher_moveit_config/share/ament_index/resource_index/package_run_dependencies/phantomx_pincher_moveit_config
[0.573s] -- Up-to-date: /home/david/ros_humble/proyecto_ws/KIT_Phantom_X_Pincher_ROS2/phantom_ws/install/phantomx_pincher_moveit_config/share/ament_index/resource_index/parent_prefix_path/phantomx_pincher_moveit_config
[0.574s] -- Up-to-date: /home/david/ros_humble/proyecto_ws/KIT_Phantom_X_Pincher_ROS2/phantom_ws/install/phantomx_pincher_moveit_config/share/phantomx_pincher_moveit_config/environment/ament_prefix_path.sh
[0.574s] -- Up-to-date: /home/david/ros_humble/proyecto_ws/KIT_Phantom_X_Pincher_ROS2/phantom_ws/install/phantomx_pincher_moveit_config/share/phantomx_pincher_moveit_config/environment/ament_prefix_path.dsv
[0.575s] -- Up-to-date: /home/david/ros_humble/proyecto_ws/KIT_Phantom_X_Pincher_ROS2/phantom_ws/install/phantomx_pincher_moveit_config/share/phantomx_pincher_moveit_config/environment/path.sh
[0.575s] -- Up-to-date: /home/david/ros_humble/proyecto_ws/KIT_Phantom_X_Pincher_ROS2/phantom_ws/install/phantomx_pincher_moveit_config/share/phantomx_pincher_moveit_config/environment/path.dsv
[0.575s] -- Up-to-date: /home/david/ros_humble/proyecto_ws/KIT_Phantom_X_Pincher_ROS2/phantom_ws/install/phantomx_pincher_moveit_config/share/phantomx_pincher_moveit_config/local_setup.bash
[0.575s] -- Up-to-date: /home/david/ros_humble/proyecto_ws/KIT_Phantom_X_Pincher_ROS2/phantom_ws/install/phantomx_pincher_moveit_config/share/phantomx_pincher_moveit_config/local_setup.sh
[0.575s] -- Up-to-date: /home/david/ros_humble/proyecto_ws/KIT_Phantom_X_Pincher_ROS2/phantom_ws/install/phantomx_pincher_moveit_config/share/phantomx_pincher_moveit_config/local_setup.zsh
[0.576s] -- Up-to-date: /home/david/ros_humble/proyecto_ws/KIT_Phantom_X_Pincher_ROS2/phantom_ws/install/phantomx_pincher_moveit_config/share/phantomx_pincher_moveit_config/local_setup.dsv
[0.576s] -- Installing: /home/david/ros_humble/proyecto_ws/KIT_Phantom_X_Pincher_ROS2/phantom_ws/install/phantomx_pincher_moveit_config/share/phantomx_pincher_moveit_config/package.dsv
[0.577s] -- Up-to-date: /home/david/ros_humble/proyecto_ws/KIT_Phantom_X_Pincher_ROS2/phantom_ws/install/phantomx_pincher_moveit_config/share/ament_index/resource_index/packages/phantomx_pincher_moveit_config
[0.578s] -- Up-to-date: /home/david/ros_humble/proyecto_ws/KIT_Phantom_X_Pincher_ROS2/phantom_ws/install/phantomx_pincher_moveit_config/share/phantomx_pincher_moveit_config/cmake/phantomx_pincher_moveit_configConfig.cmake
[0.578s] -- Up-to-date: /home/david/ros_humble/proyecto_ws/KIT_Phantom_X_Pincher_ROS2/phantom_ws/install/phantomx_pincher_moveit_config/share/phantomx_pincher_moveit_config/cmake/phantomx_pincher_moveit_configConfig-version.cmake
[0.581s] -- Up-to-date: /home/david/ros_humble/proyecto_ws/KIT_Phantom_X_Pincher_ROS2/phantom_ws/install/phantomx_pincher_moveit_config/share/phantomx_pincher_moveit_config/package.xml
[0.581s] Invoked command in '/home/david/ros_humble/proyecto_ws/KIT_Phantom_X_Pincher_ROS2/phantom_ws/build/phantomx_pincher_moveit_config' returned '0': AMENT_PREFIX_PATH=/home/david/ros_humble/proyecto_ws/KIT_Phantom_X_Pincher_ROS2/phantom_ws/install/phantomx_pincher_description:${AMENT_PREFIX_PATH} CMAKE_PREFIX_PATH=/home/david/ros_humble/proyecto_ws/KIT_Phantom_X_Pincher_ROS2/phantom_ws/install/phantomx_pincher_description:/opt/ros/humble IGN_GAZEBO_RESOURCE_PATH=/home/david/ros_humble/proyecto_ws/KIT_Phantom_X_Pincher_ROS2/phantom_ws/install/phantomx_pincher_description/share/phantomx_pincher_description /usr/bin/cmake --install /home/david/ros_humble/proyecto_ws/KIT_Phantom_X_Pincher_ROS2/phantom_ws/build/phantomx_pincher_moveit_config
