[2.720s] Invoking command in '/home/david/ros_humble/proyecto_ws/KIT_Phantom_X_Pincher_ROS2/phantom_ws/src/pincher_control': PYTHONPATH=/home/david/ros_humble/proyecto_ws/KIT_Phantom_X_Pincher_ROS2/phantom_ws/build/pincher_control/prefix_override:/usr/lib/python3/dist-packages/colcon_core/task/python/colcon_distutils_commands:/home/david/ros_humble/proyecto_ws/KIT_Phantom_X_Pincher_ROS2/phantom_ws/install/pincher_control/lib/python3.10/site-packages:${PYTHONPATH} /usr/bin/python3 -W ignore:setup.py install is deprecated -W ignore:easy_install command is deprecated setup.py egg_info --egg-base ../../build/pincher_control build --build-base /home/david/ros_humble/proyecto_ws/KIT_Phantom_X_Pincher_ROS2/phantom_ws/build/pincher_control/build install --record /home/david/ros_humble/proyecto_ws/KIT_Phantom_X_Pincher_ROS2/phantom_ws/build/pincher_control/install.log --single-version-externally-managed install_data
[3.025s] running egg_info
[3.025s] writing ../../build/pincher_control/pincher_control.egg-info/PKG-INFO
[3.026s] writing dependency_links to ../../build/pincher_control/pincher_control.egg-info/dependency_links.txt
[3.026s] writing entry points to ../../build/pincher_control/pincher_control.egg-info/entry_points.txt
[3.027s] writing requirements to ../../build/pincher_control/pincher_control.egg-info/requires.txt
[3.027s] writing top-level names to ../../build/pincher_control/pincher_control.egg-info/top_level.txt
[3.031s] reading manifest file '../../build/pincher_control/pincher_control.egg-info/SOURCES.txt'
[3.033s] writing manifest file '../../build/pincher_control/pincher_control.egg-info/SOURCES.txt'
[3.033s] running build
[3.033s] running build_py
[3.035s] running install
[3.036s] running install_lib
[3.054s] running install_data
[3.058s] running install_egg_info
[3.058s] removing '/home/david/ros_humble/proyecto_ws/KIT_Phantom_X_Pincher_ROS2/phantom_ws/install/pincher_control/lib/python3.10/site-packages/pincher_control-0.0.0-py3.10.egg-info' (and everything under it)
[3.059s] Copying ../../build/pincher_control/pincher_control.egg-info to /home/david/ros_humble/proyecto_ws/KIT_Phantom_X_Pincher_ROS2/phantom_ws/install/pincher_control/lib/python3.10/site-packages/pincher_control-0.0.0-py3.10.egg-info
[3.090s] running install_scripts
[3.112s] Installing control_servo script to /home/david/ros_humble/proyecto_ws/KIT_Phantom_X_Pincher_ROS2/phantom_ws/install/pincher_control/lib/pincher_control
[3.114s] Installing follow_joint_trajectory script to /home/david/ros_humble/proyecto_ws/KIT_Phantom_X_Pincher_ROS2/phantom_ws/install/pincher_control/lib/pincher_control
[3.114s] Installing template_control_servo script to /home/david/ros_humble/proyecto_ws/KIT_Phantom_X_Pincher_ROS2/phantom_ws/install/pincher_control/lib/pincher_control
[3.116s] writing list of installed files to '/home/david/ros_humble/proyecto_ws/KIT_Phantom_X_Pincher_ROS2/phantom_ws/build/pincher_control/install.log'
[3.143s] Invoked command in '/home/david/ros_humble/proyecto_ws/KIT_Phantom_X_Pincher_ROS2/phantom_ws/src/pincher_control' returned '0': PYTHONPATH=/home/david/ros_humble/proyecto_ws/KIT_Phantom_X_Pincher_ROS2/phantom_ws/build/pincher_control/prefix_override:/usr/lib/python3/dist-packages/colcon_core/task/python/colcon_distutils_commands:/home/david/ros_humble/proyecto_ws/KIT_Phantom_X_Pincher_ROS2/phantom_ws/install/pincher_control/lib/python3.10/site-packages:${PYTHONPATH} /usr/bin/python3 -W ignore:setup.py install is deprecated -W ignore:easy_install command is deprecated setup.py egg_info --egg-base ../../build/pincher_control build --build-base /home/david/ros_humble/proyecto_ws/KIT_Phantom_X_Pincher_ROS2/phantom_ws/build/pincher_control/build install --record /home/david/ros_humble/proyecto_ws/KIT_Phantom_X_Pincher_ROS2/phantom_ws/build/pincher_control/install.log --single-version-externally-managed install_data
