[0.135s] Invoking command in '/home/david/ros_humble/proyecto_ws/KIT_Phantom_X_Pincher_ROS2/phantom_ws/build/phantomx_pincher_interfaces': CMAKE_PREFIX_PATH=/opt/ros/humble /usr/bin/cmake --build /home/david/ros_humble/proyecto_ws/KIT_Phantom_X_Pincher_ROS2/phantom_ws/build/phantomx_pincher_interfaces -- -j2 -l2
[0.738s] [  3%] Built target phantomx_pincher_interfaces__cpp
[0.857s] [ 12%] Built target phantomx_pincher_interfaces__rosidl_generator_c
[0.863s] [ 12%] Built target ament_cmake_python_copy_phantomx_pincher_interfaces
[1.036s] [ 22%] Built target phantomx_pincher_interfaces__rosidl_typesupport_fastrtps_c
[1.051s] [ 32%] Built target phantomx_pincher_interfaces__rosidl_typesupport_introspection_cpp
[1.123s] [ 41%] Built target phantomx_pincher_interfaces__rosidl_typesupport_introspection_c
[1.126s] [ 51%] Built target phantomx_pincher_interfaces__rosidl_typesupport_cpp
[1.219s] [ 61%] Built target phantomx_pincher_interfaces__rosidl_typesupport_c
[1.248s] [ 70%] Built target phantomx_pincher_interfaces__rosidl_typesupport_fastrtps_cpp
[1.341s] [ 70%] Built target phantomx_pincher_interfaces
[1.420s] [ 74%] Built target phantomx_pincher_interfaces__py
[1.604s] [ 80%] Built target phantomx_pincher_interfaces__rosidl_generator_py
[1.654s] [ 87%] Built target phantomx_pincher_interfaces__rosidl_typesupport_fastrtps_c__pyext
[1.739s] [ 93%] Built target phantomx_pincher_interfaces__rosidl_typesupport_introspection_c__pyext
[1.856s] [100%] Built target phantomx_pincher_interfaces__rosidl_typesupport_c__pyext
[1.930s] running egg_info
[1.930s] writing phantomx_pincher_interfaces.egg-info/PKG-INFO
[1.931s] writing dependency_links to phantomx_pincher_interfaces.egg-info/dependency_links.txt
[1.932s] writing top-level names to phantomx_pincher_interfaces.egg-info/top_level.txt
[1.948s] reading manifest file 'phantomx_pincher_interfaces.egg-info/SOURCES.txt'
[1.972s] writing manifest file 'phantomx_pincher_interfaces.egg-info/SOURCES.txt'
[2.052s] [100%] Built target ament_cmake_python_build_phantomx_pincher_interfaces_egg
[2.189s] Invoked command in '/home/david/ros_humble/proyecto_ws/KIT_Phantom_X_Pincher_ROS2/phantom_ws/build/phantomx_pincher_interfaces' returned '0': CMAKE_PREFIX_PATH=/opt/ros/humble /usr/bin/cmake --build /home/david/ros_humble/proyecto_ws/KIT_Phantom_X_Pincher_ROS2/phantom_ws/build/phantomx_pincher_interfaces -- -j2 -l2
[2.193s] Invoking command in '/home/david/ros_humble/proyecto_ws/KIT_Phantom_X_Pincher_ROS2/phantom_ws/build/phantomx_pincher_interfaces': CMAKE_PREFIX_PATH=/opt/ros/humble /usr/bin/cmake --install /home/david/ros_humble/proyecto_ws/KIT_Phantom_X_Pincher_ROS2/phantom_ws/build/phantomx_pincher_interfaces
[2.226s] -- Install configuration: ""
[2.226s] -- Up-to-date: /home/david/ros_humble/proyecto_ws/KIT_Phantom_X_Pincher_ROS2/phantom_ws/install/phantomx_pincher_interfaces/share/ament_index/resource_index/rosidl_interfaces/phantomx_pincher_interfaces
[2.226s] -- Up-to-date: /home/david/ros_humble/proyecto_ws/KIT_Phantom_X_Pincher_ROS2/phantom_ws/install/phantomx_pincher_interfaces/include/phantomx_pincher_interfaces/phantomx_pincher_interfaces
[2.226s] -- Up-to-date: /home/david/ros_humble/proyecto_ws/KIT_Phantom_X_Pincher_ROS2/phantom_ws/install/phantomx_pincher_interfaces/include/phantomx_pincher_interfaces/phantomx_pincher_interfaces/msg
[2.226s] -- Up-to-date: /home/david/ros_humble/proyecto_ws/KIT_Phantom_X_Pincher_ROS2/phantom_ws/install/phantomx_pincher_interfaces/include/phantomx_pincher_interfaces/phantomx_pincher_interfaces/msg/rosidl_generator_c__visibility_control.h
[2.226s] -- Up-to-date: /home/david/ros_humble/proyecto_ws/KIT_Phantom_X_Pincher_ROS2/phantom_ws/install/phantomx_pincher_interfaces/include/phantomx_pincher_interfaces/phantomx_pincher_interfaces/msg/pose_command.h
[2.226s] -- Up-to-date: /home/david/ros_humble/proyecto_ws/KIT_Phantom_X_Pincher_ROS2/phantom_ws/install/phantomx_pincher_interfaces/include/phantomx_pincher_interfaces/phantomx_pincher_interfaces/msg/detail
[2.226s] -- Up-to-date: /home/david/ros_humble/proyecto_ws/KIT_Phantom_X_Pincher_ROS2/phantom_ws/install/phantomx_pincher_interfaces/include/phantomx_pincher_interfaces/phantomx_pincher_interfaces/msg/detail/pose_command__functions.c
[2.226s] -- Up-to-date: /home/david/ros_humble/proyecto_ws/KIT_Phantom_X_Pincher_ROS2/phantom_ws/install/phantomx_pincher_interfaces/include/phantomx_pincher_interfaces/phantomx_pincher_interfaces/msg/detail/pose_command__struct.h
[2.226s] -- Up-to-date: /home/david/ros_humble/proyecto_ws/KIT_Phantom_X_Pincher_ROS2/phantom_ws/install/phantomx_pincher_interfaces/include/phantomx_pincher_interfaces/phantomx_pincher_interfaces/msg/detail/pose_command__type_support.h
[2.226s] -- Up-to-date: /home/david/ros_humble/proyecto_ws/KIT_Phantom_X_Pincher_ROS2/phantom_ws/install/phantomx_pincher_interfaces/include/phantomx_pincher_interfaces/phantomx_pincher_interfaces/msg/detail/pose_command__functions.h
[2.226s] -- Up-to-date: /home/david/ros_humble/proyecto_ws/KIT_Phantom_X_Pincher_ROS2/phantom_ws/install/phantomx_pincher_interfaces/share/phantomx_pincher_interfaces/environment/library_path.sh
[2.226s] -- Up-to-date: /home/david/ros_humble/proyecto_ws/KIT_Phantom_X_Pincher_ROS2/phantom_ws/install/phantomx_pincher_interfaces/share/phantomx_pincher_interfaces/environment/library_path.dsv
[2.231s] -- Up-to-date: /home/david/ros_humble/proyecto_ws/KIT_Phantom_X_Pincher_ROS2/phantom_ws/install/phantomx_pincher_interfaces/lib/libphantomx_pincher_interfaces__rosidl_generator_c.so
[2.235s] -- Up-to-date: /home/david/ros_humble/proyecto_ws/KIT_Phantom_X_Pincher_ROS2/phantom_ws/install/phantomx_pincher_interfaces/include/phantomx_pincher_interfaces/phantomx_pincher_interfaces
[2.235s] -- Up-to-date: /home/david/ros_humble/proyecto_ws/KIT_Phantom_X_Pincher_ROS2/phantom_ws/install/phantomx_pincher_interfaces/include/phantomx_pincher_interfaces/phantomx_pincher_interfaces/msg
[2.235s] -- Up-to-date: /home/david/ros_humble/proyecto_ws/KIT_Phantom_X_Pincher_ROS2/phantom_ws/install/phantomx_pincher_interfaces/include/phantomx_pincher_interfaces/phantomx_pincher_interfaces/msg/rosidl_typesupport_fastrtps_c__visibility_control.h
[2.236s] -- Up-to-date: /home/david/ros_humble/proyecto_ws/KIT_Phantom_X_Pincher_ROS2/phantom_ws/install/phantomx_pincher_interfaces/include/phantomx_pincher_interfaces/phantomx_pincher_interfaces/msg/detail
[2.236s] -- Up-to-date: /home/david/ros_humble/proyecto_ws/KIT_Phantom_X_Pincher_ROS2/phantom_ws/install/phantomx_pincher_interfaces/include/phantomx_pincher_interfaces/phantomx_pincher_interfaces/msg/detail/pose_command__rosidl_typesupport_fastrtps_c.h
[2.240s] -- Up-to-date: /home/david/ros_humble/proyecto_ws/KIT_Phantom_X_Pincher_ROS2/phantom_ws/install/phantomx_pincher_interfaces/lib/libphantomx_pincher_interfaces__rosidl_typesupport_fastrtps_c.so
[2.240s] -- Up-to-date: /home/david/ros_humble/proyecto_ws/KIT_Phantom_X_Pincher_ROS2/phantom_ws/install/phantomx_pincher_interfaces/include/phantomx_pincher_interfaces/phantomx_pincher_interfaces
[2.240s] -- Up-to-date: /home/david/ros_humble/proyecto_ws/KIT_Phantom_X_Pincher_ROS2/phantom_ws/install/phantomx_pincher_interfaces/include/phantomx_pincher_interfaces/phantomx_pincher_interfaces/msg
[2.240s] -- Up-to-date: /home/david/ros_humble/proyecto_ws/KIT_Phantom_X_Pincher_ROS2/phantom_ws/install/phantomx_pincher_interfaces/include/phantomx_pincher_interfaces/phantomx_pincher_interfaces/msg/rosidl_typesupport_introspection_c__visibility_control.h
[2.240s] -- Up-to-date: /home/david/ros_humble/proyecto_ws/KIT_Phantom_X_Pincher_ROS2/phantom_ws/install/phantomx_pincher_interfaces/include/phantomx_pincher_interfaces/phantomx_pincher_interfaces/msg/detail
[2.240s] -- Up-to-date: /home/david/ros_humble/proyecto_ws/KIT_Phantom_X_Pincher_ROS2/phantom_ws/install/phantomx_pincher_interfaces/include/phantomx_pincher_interfaces/phantomx_pincher_interfaces/msg/detail/pose_command__type_support.c
[2.240s] -- Up-to-date: /home/david/ros_humble/proyecto_ws/KIT_Phantom_X_Pincher_ROS2/phantom_ws/install/phantomx_pincher_interfaces/include/phantomx_pincher_interfaces/phantomx_pincher_interfaces/msg/detail/pose_command__rosidl_typesupport_introspection_c.h
[2.240s] -- Up-to-date: /home/david/ros_humble/proyecto_ws/KIT_Phantom_X_Pincher_ROS2/phantom_ws/install/phantomx_pincher_interfaces/lib/libphantomx_pincher_interfaces__rosidl_typesupport_introspection_c.so
[2.244s] -- Up-to-date: /home/david/ros_humble/proyecto_ws/KIT_Phantom_X_Pincher_ROS2/phantom_ws/install/phantomx_pincher_interfaces/lib/libphantomx_pincher_interfaces__rosidl_typesupport_c.so
[2.244s] -- Up-to-date: /home/david/ros_humble/proyecto_ws/KIT_Phantom_X_Pincher_ROS2/phantom_ws/install/phantomx_pincher_interfaces/include/phantomx_pincher_interfaces/phantomx_pincher_interfaces
[2.245s] -- Up-to-date: /home/david/ros_humble/proyecto_ws/KIT_Phantom_X_Pincher_ROS2/phantom_ws/install/phantomx_pincher_interfaces/include/phantomx_pincher_interfaces/phantomx_pincher_interfaces/msg
[2.245s] -- Up-to-date: /home/david/ros_humble/proyecto_ws/KIT_Phantom_X_Pincher_ROS2/phantom_ws/install/phantomx_pincher_interfaces/include/phantomx_pincher_interfaces/phantomx_pincher_interfaces/msg/pose_command.hpp
[2.245s] -- Up-to-date: /home/david/ros_humble/proyecto_ws/KIT_Phantom_X_Pincher_ROS2/phantom_ws/install/phantomx_pincher_interfaces/include/phantomx_pincher_interfaces/phantomx_pincher_interfaces/msg/rosidl_generator_cpp__visibility_control.hpp
[2.245s] -- Up-to-date: /home/david/ros_humble/proyecto_ws/KIT_Phantom_X_Pincher_ROS2/phantom_ws/install/phantomx_pincher_interfaces/include/phantomx_pincher_interfaces/phantomx_pincher_interfaces/msg/detail
[2.245s] -- Up-to-date: /home/david/ros_humble/proyecto_ws/KIT_Phantom_X_Pincher_ROS2/phantom_ws/install/phantomx_pincher_interfaces/include/phantomx_pincher_interfaces/phantomx_pincher_interfaces/msg/detail/pose_command__type_support.hpp
[2.245s] -- Up-to-date: /home/david/ros_humble/proyecto_ws/KIT_Phantom_X_Pincher_ROS2/phantom_ws/install/phantomx_pincher_interfaces/include/phantomx_pincher_interfaces/phantomx_pincher_interfaces/msg/detail/pose_command__builder.hpp
[2.245s] -- Up-to-date: /home/david/ros_humble/proyecto_ws/KIT_Phantom_X_Pincher_ROS2/phantom_ws/install/phantomx_pincher_interfaces/include/phantomx_pincher_interfaces/phantomx_pincher_interfaces/msg/detail/pose_command__struct.hpp
[2.245s] -- Up-to-date: /home/david/ros_humble/proyecto_ws/KIT_Phantom_X_Pincher_ROS2/phantom_ws/install/phantomx_pincher_interfaces/include/phantomx_pincher_interfaces/phantomx_pincher_interfaces/msg/detail/pose_command__traits.hpp
[2.245s] -- Up-to-date: /home/david/ros_humble/proyecto_ws/KIT_Phantom_X_Pincher_ROS2/phantom_ws/install/phantomx_pincher_interfaces/include/phantomx_pincher_interfaces/phantomx_pincher_interfaces
[2.245s] -- Up-to-date: /home/david/ros_humble/proyecto_ws/KIT_Phantom_X_Pincher_ROS2/phantom_ws/install/phantomx_pincher_interfaces/include/phantomx_pincher_interfaces/phantomx_pincher_interfaces/msg
[2.245s] -- Up-to-date: /home/david/ros_humble/proyecto_ws/KIT_Phantom_X_Pincher_ROS2/phantom_ws/install/phantomx_pincher_interfaces/include/phantomx_pincher_interfaces/phantomx_pincher_interfaces/msg/rosidl_typesupport_fastrtps_cpp__visibility_control.h
[2.245s] -- Up-to-date: /home/david/ros_humble/proyecto_ws/KIT_Phantom_X_Pincher_ROS2/phantom_ws/install/phantomx_pincher_interfaces/include/phantomx_pincher_interfaces/phantomx_pincher_interfaces/msg/detail
[2.247s] -- Up-to-date: /home/david/ros_humble/proyecto_ws/KIT_Phantom_X_Pincher_ROS2/phantom_ws/install/phantomx_pincher_interfaces/include/phantomx_pincher_interfaces/phantomx_pincher_interfaces/msg/detail/pose_command__rosidl_typesupport_fastrtps_cpp.hpp
[2.247s] -- Up-to-date: /home/david/ros_humble/proyecto_ws/KIT_Phantom_X_Pincher_ROS2/phantom_ws/install/phantomx_pincher_interfaces/include/phantomx_pincher_interfaces/phantomx_pincher_interfaces/msg/detail/dds_fastrtps
[2.247s] -- Up-to-date: /home/david/ros_humble/proyecto_ws/KIT_Phantom_X_Pincher_ROS2/phantom_ws/install/phantomx_pincher_interfaces/lib/libphantomx_pincher_interfaces__rosidl_typesupport_fastrtps_cpp.so
[2.247s] -- Up-to-date: /home/david/ros_humble/proyecto_ws/KIT_Phantom_X_Pincher_ROS2/phantom_ws/install/phantomx_pincher_interfaces/include/phantomx_pincher_interfaces/phantomx_pincher_interfaces
[2.248s] -- Up-to-date: /home/david/ros_humble/proyecto_ws/KIT_Phantom_X_Pincher_ROS2/phantom_ws/install/phantomx_pincher_interfaces/include/phantomx_pincher_interfaces/phantomx_pincher_interfaces/msg
[2.248s] -- Up-to-date: /home/david/ros_humble/proyecto_ws/KIT_Phantom_X_Pincher_ROS2/phantom_ws/install/phantomx_pincher_interfaces/include/phantomx_pincher_interfaces/phantomx_pincher_interfaces/msg/detail
[2.248s] -- Up-to-date: /home/david/ros_humble/proyecto_ws/KIT_Phantom_X_Pincher_ROS2/phantom_ws/install/phantomx_pincher_interfaces/include/phantomx_pincher_interfaces/phantomx_pincher_interfaces/msg/detail/pose_command__type_support.cpp
[2.248s] -- Up-to-date: /home/david/ros_humble/proyecto_ws/KIT_Phantom_X_Pincher_ROS2/phantom_ws/install/phantomx_pincher_interfaces/include/phantomx_pincher_interfaces/phantomx_pincher_interfaces/msg/detail/pose_command__rosidl_typesupport_introspection_cpp.hpp
[2.251s] -- Up-to-date: /home/david/ros_humble/proyecto_ws/KIT_Phantom_X_Pincher_ROS2/phantom_ws/install/phantomx_pincher_interfaces/lib/libphantomx_pincher_interfaces__rosidl_typesupport_introspection_cpp.so
[2.257s] -- Up-to-date: /home/david/ros_humble/proyecto_ws/KIT_Phantom_X_Pincher_ROS2/phantom_ws/install/phantomx_pincher_interfaces/lib/libphantomx_pincher_interfaces__rosidl_typesupport_cpp.so
[2.258s] -- Up-to-date: /home/david/ros_humble/proyecto_ws/KIT_Phantom_X_Pincher_ROS2/phantom_ws/install/phantomx_pincher_interfaces/share/phantomx_pincher_interfaces/environment/pythonpath.sh
[2.258s] -- Up-to-date: /home/david/ros_humble/proyecto_ws/KIT_Phantom_X_Pincher_ROS2/phantom_ws/install/phantomx_pincher_interfaces/share/phantomx_pincher_interfaces/environment/pythonpath.dsv
[2.258s] -- Up-to-date: /home/david/ros_humble/proyecto_ws/KIT_Phantom_X_Pincher_ROS2/phantom_ws/install/phantomx_pincher_interfaces/local/lib/python3.10/dist-packages/phantomx_pincher_interfaces-0.0.0-py3.10.egg-info
[2.258s] -- Installing: /home/david/ros_humble/proyecto_ws/KIT_Phantom_X_Pincher_ROS2/phantom_ws/install/phantomx_pincher_interfaces/local/lib/python3.10/dist-packages/phantomx_pincher_interfaces-0.0.0-py3.10.egg-info/SOURCES.txt
[2.258s] -- Installing: /home/david/ros_humble/proyecto_ws/KIT_Phantom_X_Pincher_ROS2/phantom_ws/install/phantomx_pincher_interfaces/local/lib/python3.10/dist-packages/phantomx_pincher_interfaces-0.0.0-py3.10.egg-info/PKG-INFO
[2.258s] -- Installing: /home/david/ros_humble/proyecto_ws/KIT_Phantom_X_Pincher_ROS2/phantom_ws/install/phantomx_pincher_interfaces/local/lib/python3.10/dist-packages/phantomx_pincher_interfaces-0.0.0-py3.10.egg-info/top_level.txt
[2.258s] -- Installing: /home/david/ros_humble/proyecto_ws/KIT_Phantom_X_Pincher_ROS2/phantom_ws/install/phantomx_pincher_interfaces/local/lib/python3.10/dist-packages/phantomx_pincher_interfaces-0.0.0-py3.10.egg-info/dependency_links.txt
[2.258s] -- Up-to-date: /home/david/ros_humble/proyecto_ws/KIT_Phantom_X_Pincher_ROS2/phantom_ws/install/phantomx_pincher_interfaces/local/lib/python3.10/dist-packages/phantomx_pincher_interfaces
[2.258s] -- Up-to-date: /home/david/ros_humble/proyecto_ws/KIT_Phantom_X_Pincher_ROS2/phantom_ws/install/phantomx_pincher_interfaces/local/lib/python3.10/dist-packages/phantomx_pincher_interfaces/phantomx_pincher_interfaces_s__rosidl_typesupport_introspection_c.cpython-310-x86_64-linux-gnu.so
[2.258s] -- Up-to-date: /home/david/ros_humble/proyecto_ws/KIT_Phantom_X_Pincher_ROS2/phantom_ws/install/phantomx_pincher_interfaces/local/lib/python3.10/dist-packages/phantomx_pincher_interfaces/_phantomx_pincher_interfaces_s.ep.rosidl_typesupport_fastrtps_c.c
[2.258s] -- Up-to-date: /home/david/ros_humble/proyecto_ws/KIT_Phantom_X_Pincher_ROS2/phantom_ws/install/phantomx_pincher_interfaces/local/lib/python3.10/dist-packages/phantomx_pincher_interfaces/_phantomx_pincher_interfaces_s.ep.rosidl_typesupport_introspection_c.c
[2.258s] -- Up-to-date: /home/david/ros_humble/proyecto_ws/KIT_Phantom_X_Pincher_ROS2/phantom_ws/install/phantomx_pincher_interfaces/local/lib/python3.10/dist-packages/phantomx_pincher_interfaces/msg
[2.258s] -- Up-to-date: /home/david/ros_humble/proyecto_ws/KIT_Phantom_X_Pincher_ROS2/phantom_ws/install/phantomx_pincher_interfaces/local/lib/python3.10/dist-packages/phantomx_pincher_interfaces/msg/_pose_command_s.c
[2.258s] -- Up-to-date: /home/david/ros_humble/proyecto_ws/KIT_Phantom_X_Pincher_ROS2/phantom_ws/install/phantomx_pincher_interfaces/local/lib/python3.10/dist-packages/phantomx_pincher_interfaces/msg/__init__.py
[2.258s] -- Up-to-date: /home/david/ros_humble/proyecto_ws/KIT_Phantom_X_Pincher_ROS2/phantom_ws/install/phantomx_pincher_interfaces/local/lib/python3.10/dist-packages/phantomx_pincher_interfaces/msg/_pose_command.py
[2.258s] -- Up-to-date: /home/david/ros_humble/proyecto_ws/KIT_Phantom_X_Pincher_ROS2/phantom_ws/install/phantomx_pincher_interfaces/local/lib/python3.10/dist-packages/phantomx_pincher_interfaces/_phantomx_pincher_interfaces_s.ep.rosidl_typesupport_c.c
[2.258s] -- Up-to-date: /home/david/ros_humble/proyecto_ws/KIT_Phantom_X_Pincher_ROS2/phantom_ws/install/phantomx_pincher_interfaces/local/lib/python3.10/dist-packages/phantomx_pincher_interfaces/__init__.py
[2.258s] -- Up-to-date: /home/david/ros_humble/proyecto_ws/KIT_Phantom_X_Pincher_ROS2/phantom_ws/install/phantomx_pincher_interfaces/local/lib/python3.10/dist-packages/phantomx_pincher_interfaces/libphantomx_pincher_interfaces__rosidl_generator_py.so
[2.258s] -- Up-to-date: /home/david/ros_humble/proyecto_ws/KIT_Phantom_X_Pincher_ROS2/phantom_ws/install/phantomx_pincher_interfaces/local/lib/python3.10/dist-packages/phantomx_pincher_interfaces/phantomx_pincher_interfaces_s__rosidl_typesupport_c.cpython-310-x86_64-linux-gnu.so
[2.258s] -- Up-to-date: /home/david/ros_humble/proyecto_ws/KIT_Phantom_X_Pincher_ROS2/phantom_ws/install/phantomx_pincher_interfaces/local/lib/python3.10/dist-packages/phantomx_pincher_interfaces/phantomx_pincher_interfaces_s__rosidl_typesupport_fastrtps_c.cpython-310-x86_64-linux-gnu.so
[2.385s] Listing '/home/david/ros_humble/proyecto_ws/KIT_Phantom_X_Pincher_ROS2/phantom_ws/install/phantomx_pincher_interfaces/local/lib/python3.10/dist-packages/phantomx_pincher_interfaces'...
[2.385s] Listing '/home/david/ros_humble/proyecto_ws/KIT_Phantom_X_Pincher_ROS2/phantom_ws/install/phantomx_pincher_interfaces/local/lib/python3.10/dist-packages/phantomx_pincher_interfaces/msg'...
[2.405s] -- Up-to-date: /home/david/ros_humble/proyecto_ws/KIT_Phantom_X_Pincher_ROS2/phantom_ws/install/phantomx_pincher_interfaces/local/lib/python3.10/dist-packages/phantomx_pincher_interfaces/phantomx_pincher_interfaces_s__rosidl_typesupport_fastrtps_c.cpython-310-x86_64-linux-gnu.so
[2.406s] -- Up-to-date: /home/david/ros_humble/proyecto_ws/KIT_Phantom_X_Pincher_ROS2/phantom_ws/install/phantomx_pincher_interfaces/local/lib/python3.10/dist-packages/phantomx_pincher_interfaces/phantomx_pincher_interfaces_s__rosidl_typesupport_introspection_c.cpython-310-x86_64-linux-gnu.so
[2.406s] -- Up-to-date: /home/david/ros_humble/proyecto_ws/KIT_Phantom_X_Pincher_ROS2/phantom_ws/install/phantomx_pincher_interfaces/local/lib/python3.10/dist-packages/phantomx_pincher_interfaces/phantomx_pincher_interfaces_s__rosidl_typesupport_c.cpython-310-x86_64-linux-gnu.so
[2.411s] -- Up-to-date: /home/david/ros_humble/proyecto_ws/KIT_Phantom_X_Pincher_ROS2/phantom_ws/install/phantomx_pincher_interfaces/lib/libphantomx_pincher_interfaces__rosidl_generator_py.so
[2.412s] -- Up-to-date: /home/david/ros_humble/proyecto_ws/KIT_Phantom_X_Pincher_ROS2/phantom_ws/install/phantomx_pincher_interfaces/share/phantomx_pincher_interfaces/msg/PoseCommand.idl
[2.413s] -- Up-to-date: /home/david/ros_humble/proyecto_ws/KIT_Phantom_X_Pincher_ROS2/phantom_ws/install/phantomx_pincher_interfaces/share/phantomx_pincher_interfaces/msg/PoseCommand.msg
[2.413s] -- Up-to-date: /home/david/ros_humble/proyecto_ws/KIT_Phantom_X_Pincher_ROS2/phantom_ws/install/phantomx_pincher_interfaces/share/ament_index/resource_index/package_run_dependencies/phantomx_pincher_interfaces
[2.414s] -- Up-to-date: /home/david/ros_humble/proyecto_ws/KIT_Phantom_X_Pincher_ROS2/phantom_ws/install/phantomx_pincher_interfaces/share/ament_index/resource_index/parent_prefix_path/phantomx_pincher_interfaces
[2.414s] -- Up-to-date: /home/david/ros_humble/proyecto_ws/KIT_Phantom_X_Pincher_ROS2/phantom_ws/install/phantomx_pincher_interfaces/share/phantomx_pincher_interfaces/environment/ament_prefix_path.sh
[2.414s] -- Up-to-date: /home/david/ros_humble/proyecto_ws/KIT_Phantom_X_Pincher_ROS2/phantom_ws/install/phantomx_pincher_interfaces/share/phantomx_pincher_interfaces/environment/ament_prefix_path.dsv
[2.414s] -- Up-to-date: /home/david/ros_humble/proyecto_ws/KIT_Phantom_X_Pincher_ROS2/phantom_ws/install/phantomx_pincher_interfaces/share/phantomx_pincher_interfaces/environment/path.sh
[2.414s] -- Up-to-date: /home/david/ros_humble/proyecto_ws/KIT_Phantom_X_Pincher_ROS2/phantom_ws/install/phantomx_pincher_interfaces/share/phantomx_pincher_interfaces/environment/path.dsv
[2.414s] -- Up-to-date: /home/david/ros_humble/proyecto_ws/KIT_Phantom_X_Pincher_ROS2/phantom_ws/install/phantomx_pincher_interfaces/share/phantomx_pincher_interfaces/local_setup.bash
[2.414s] -- Up-to-date: /home/david/ros_humble/proyecto_ws/KIT_Phantom_X_Pincher_ROS2/phantom_ws/install/phantomx_pincher_interfaces/share/phantomx_pincher_interfaces/local_setup.sh
[2.414s] -- Up-to-date: /home/david/ros_humble/proyecto_ws/KIT_Phantom_X_Pincher_ROS2/phantom_ws/install/phantomx_pincher_interfaces/share/phantomx_pincher_interfaces/local_setup.zsh
[2.414s] -- Up-to-date: /home/david/ros_humble/proyecto_ws/KIT_Phantom_X_Pincher_ROS2/phantom_ws/install/phantomx_pincher_interfaces/share/phantomx_pincher_interfaces/local_setup.dsv
[2.414s] -- Installing: /home/david/ros_humble/proyecto_ws/KIT_Phantom_X_Pincher_ROS2/phantom_ws/install/phantomx_pincher_interfaces/share/phantomx_pincher_interfaces/package.dsv
[2.418s] -- Up-to-date: /home/david/ros_humble/proyecto_ws/KIT_Phantom_X_Pincher_ROS2/phantom_ws/install/phantomx_pincher_interfaces/share/ament_index/resource_index/packages/phantomx_pincher_interfaces
[2.418s] -- Up-to-date: /home/david/ros_humble/proyecto_ws/KIT_Phantom_X_Pincher_ROS2/phantom_ws/install/phantomx_pincher_interfaces/share/phantomx_pincher_interfaces/cmake/export_phantomx_pincher_interfaces__rosidl_generator_cExport.cmake
[2.418s] -- Up-to-date: /home/david/ros_humble/proyecto_ws/KIT_Phantom_X_Pincher_ROS2/phantom_ws/install/phantomx_pincher_interfaces/share/phantomx_pincher_interfaces/cmake/export_phantomx_pincher_interfaces__rosidl_generator_cExport-noconfig.cmake
[2.423s] -- Up-to-date: /home/david/ros_humble/proyecto_ws/KIT_Phantom_X_Pincher_ROS2/phantom_ws/install/phantomx_pincher_interfaces/share/phantomx_pincher_interfaces/cmake/export_phantomx_pincher_interfaces__rosidl_typesupport_fastrtps_cExport.cmake
[2.424s] -- Up-to-date: /home/david/ros_humble/proyecto_ws/KIT_Phantom_X_Pincher_ROS2/phantom_ws/install/phantomx_pincher_interfaces/share/phantomx_pincher_interfaces/cmake/export_phantomx_pincher_interfaces__rosidl_typesupport_fastrtps_cExport-noconfig.cmake
[2.425s] -- Up-to-date: /home/david/ros_humble/proyecto_ws/KIT_Phantom_X_Pincher_ROS2/phantom_ws/install/phantomx_pincher_interfaces/share/phantomx_pincher_interfaces/cmake/phantomx_pincher_interfaces__rosidl_typesupport_introspection_cExport.cmake
[2.425s] -- Up-to-date: /home/david/ros_humble/proyecto_ws/KIT_Phantom_X_Pincher_ROS2/phantom_ws/install/phantomx_pincher_interfaces/share/phantomx_pincher_interfaces/cmake/phantomx_pincher_interfaces__rosidl_typesupport_introspection_cExport-noconfig.cmake
[2.431s] -- Up-to-date: /home/david/ros_humble/proyecto_ws/KIT_Phantom_X_Pincher_ROS2/phantom_ws/install/phantomx_pincher_interfaces/share/phantomx_pincher_interfaces/cmake/phantomx_pincher_interfaces__rosidl_typesupport_cExport.cmake
[2.431s] -- Up-to-date: /home/david/ros_humble/proyecto_ws/KIT_Phantom_X_Pincher_ROS2/phantom_ws/install/phantomx_pincher_interfaces/share/phantomx_pincher_interfaces/cmake/phantomx_pincher_interfaces__rosidl_typesupport_cExport-noconfig.cmake
[2.431s] -- Up-to-date: /home/david/ros_humble/proyecto_ws/KIT_Phantom_X_Pincher_ROS2/phantom_ws/install/phantomx_pincher_interfaces/share/phantomx_pincher_interfaces/cmake/export_phantomx_pincher_interfaces__rosidl_generator_cppExport.cmake
[2.432s] -- Up-to-date: /home/david/ros_humble/proyecto_ws/KIT_Phantom_X_Pincher_ROS2/phantom_ws/install/phantomx_pincher_interfaces/share/phantomx_pincher_interfaces/cmake/export_phantomx_pincher_interfaces__rosidl_typesupport_fastrtps_cppExport.cmake
[2.432s] -- Up-to-date: /home/david/ros_humble/proyecto_ws/KIT_Phantom_X_Pincher_ROS2/phantom_ws/install/phantomx_pincher_interfaces/share/phantomx_pincher_interfaces/cmake/export_phantomx_pincher_interfaces__rosidl_typesupport_fastrtps_cppExport-noconfig.cmake
[2.433s] -- Up-to-date: /home/david/ros_humble/proyecto_ws/KIT_Phantom_X_Pincher_ROS2/phantom_ws/install/phantomx_pincher_interfaces/share/phantomx_pincher_interfaces/cmake/phantomx_pincher_interfaces__rosidl_typesupport_introspection_cppExport.cmake
[2.433s] -- Up-to-date: /home/david/ros_humble/proyecto_ws/KIT_Phantom_X_Pincher_ROS2/phantom_ws/install/phantomx_pincher_interfaces/share/phantomx_pincher_interfaces/cmake/phantomx_pincher_interfaces__rosidl_typesupport_introspection_cppExport-noconfig.cmake
[2.436s] -- Up-to-date: /home/david/ros_humble/proyecto_ws/KIT_Phantom_X_Pincher_ROS2/phantom_ws/install/phantomx_pincher_interfaces/share/phantomx_pincher_interfaces/cmake/phantomx_pincher_interfaces__rosidl_typesupport_cppExport.cmake
[2.436s] -- Up-to-date: /home/david/ros_humble/proyecto_ws/KIT_Phantom_X_Pincher_ROS2/phantom_ws/install/phantomx_pincher_interfaces/share/phantomx_pincher_interfaces/cmake/phantomx_pincher_interfaces__rosidl_typesupport_cppExport-noconfig.cmake
[2.437s] -- Up-to-date: /home/david/ros_humble/proyecto_ws/KIT_Phantom_X_Pincher_ROS2/phantom_ws/install/phantomx_pincher_interfaces/share/phantomx_pincher_interfaces/cmake/export_phantomx_pincher_interfaces__rosidl_generator_pyExport.cmake
[2.437s] -- Up-to-date: /home/david/ros_humble/proyecto_ws/KIT_Phantom_X_Pincher_ROS2/phantom_ws/install/phantomx_pincher_interfaces/share/phantomx_pincher_interfaces/cmake/export_phantomx_pincher_interfaces__rosidl_generator_pyExport-noconfig.cmake
[2.437s] -- Up-to-date: /home/david/ros_humble/proyecto_ws/KIT_Phantom_X_Pincher_ROS2/phantom_ws/install/phantomx_pincher_interfaces/share/phantomx_pincher_interfaces/cmake/rosidl_cmake-extras.cmake
[2.437s] -- Up-to-date: /home/david/ros_humble/proyecto_ws/KIT_Phantom_X_Pincher_ROS2/phantom_ws/install/phantomx_pincher_interfaces/share/phantomx_pincher_interfaces/cmake/ament_cmake_export_include_directories-extras.cmake
[2.437s] -- Up-to-date: /home/david/ros_humble/proyecto_ws/KIT_Phantom_X_Pincher_ROS2/phantom_ws/install/phantomx_pincher_interfaces/share/phantomx_pincher_interfaces/cmake/ament_cmake_export_libraries-extras.cmake
[2.437s] -- Up-to-date: /home/david/ros_humble/proyecto_ws/KIT_Phantom_X_Pincher_ROS2/phantom_ws/install/phantomx_pincher_interfaces/share/phantomx_pincher_interfaces/cmake/ament_cmake_export_targets-extras.cmake
[2.437s] -- Up-to-date: /home/david/ros_humble/proyecto_ws/KIT_Phantom_X_Pincher_ROS2/phantom_ws/install/phantomx_pincher_interfaces/share/phantomx_pincher_interfaces/cmake/rosidl_cmake_export_typesupport_targets-extras.cmake
[2.437s] -- Up-to-date: /home/david/ros_humble/proyecto_ws/KIT_Phantom_X_Pincher_ROS2/phantom_ws/install/phantomx_pincher_interfaces/share/phantomx_pincher_interfaces/cmake/ament_cmake_export_dependencies-extras.cmake
[2.437s] -- Up-to-date: /home/david/ros_humble/proyecto_ws/KIT_Phantom_X_Pincher_ROS2/phantom_ws/install/phantomx_pincher_interfaces/share/phantomx_pincher_interfaces/cmake/rosidl_cmake_export_typesupport_libraries-extras.cmake
[2.437s] -- Up-to-date: /home/david/ros_humble/proyecto_ws/KIT_Phantom_X_Pincher_ROS2/phantom_ws/install/phantomx_pincher_interfaces/share/phantomx_pincher_interfaces/cmake/phantomx_pincher_interfacesConfig.cmake
[2.437s] -- Up-to-date: /home/david/ros_humble/proyecto_ws/KIT_Phantom_X_Pincher_ROS2/phantom_ws/install/phantomx_pincher_interfaces/share/phantomx_pincher_interfaces/cmake/phantomx_pincher_interfacesConfig-version.cmake
[2.437s] -- Up-to-date: /home/david/ros_humble/proyecto_ws/KIT_Phantom_X_Pincher_ROS2/phantom_ws/install/phantomx_pincher_interfaces/share/phantomx_pincher_interfaces/package.xml
[2.446s] Invoked command in '/home/david/ros_humble/proyecto_ws/KIT_Phantom_X_Pincher_ROS2/phantom_ws/build/phantomx_pincher_interfaces' returned '0': CMAKE_PREFIX_PATH=/opt/ros/humble /usr/bin/cmake --install /home/david/ros_humble/proyecto_ws/KIT_Phantom_X_Pincher_ROS2/phantom_ws/build/phantomx_pincher_interfaces
