[1.031s] Invoking command in '/home/david/ros_humble/proyecto_ws/Proyecto-Final-Robotica/Codigos/phantom_ws/src/pincher_control': PYTHONPATH=/home/david/ros_humble/proyecto_ws/Proyecto-Final-Robotica/Codigos/phantom_ws/build/pincher_control/prefix_override:/usr/lib/python3/dist-packages/colcon_core/task/python/colcon_distutils_commands:/home/david/ros_humble/proyecto_ws/Proyecto-Final-Robotica/Codigos/phantom_ws/install/pincher_control/lib/python3.10/site-packages:${PYTHONPATH} /usr/bin/python3 -W ignore:setup.py install is deprecated -W ignore:easy_install command is deprecated setup.py egg_info --egg-base ../../build/pincher_control build --build-base /home/david/ros_humble/proyecto_ws/Proyecto-Final-Robotica/Codigos/phantom_ws/build/pincher_control/build install --record /home/david/ros_humble/proyecto_ws/Proyecto-Final-Robotica/Codigos/phantom_ws/build/pincher_control/install.log --single-version-externally-managed install_data
[1.263s] running egg_info
[1.265s] writing ../../build/pincher_control/pincher_control.egg-info/PKG-INFO
[1.266s] writing dependency_links to ../../build/pincher_control/pincher_control.egg-info/dependency_links.txt
[1.266s] writing entry points to ../../build/pincher_control/pincher_control.egg-info/entry_points.txt
[1.266s] writing requirements to ../../build/pincher_control/pincher_control.egg-info/requires.txt
[1.267s] writing top-level names to ../../build/pincher_control/pincher_control.egg-info/top_level.txt
[1.270s] reading manifest file '../../build/pincher_control/pincher_control.egg-info/SOURCES.txt'
[1.309s] writing manifest file '../../build/pincher_control/pincher_control.egg-info/SOURCES.txt'
[1.310s] running build
[1.310s] running build_py
[1.310s] running install
[1.310s] running install_lib
[1.313s] running install_data
[1.315s] running install_egg_info
[1.316s] removing '/home/david/ros_humble/proyecto_ws/Proyecto-Final-Robotica/Codigos/phantom_ws/install/pincher_control/lib/python3.10/site-packages/pincher_control-0.0.0-py3.10.egg-info' (and everything under it)
[1.320s] Copying ../../build/pincher_control/pincher_control.egg-info to /home/david/ros_humble/proyecto_ws/Proyecto-Final-Robotica/Codigos/phantom_ws/install/pincher_control/lib/python3.10/site-packages/pincher_control-0.0.0-py3.10.egg-info
[1.338s] running install_scripts
[1.354s] Installing control_servo script to /home/david/ros_humble/proyecto_ws/Proyecto-Final-Robotica/Codigos/phantom_ws/install/pincher_control/lib/pincher_control
[1.355s] Installing follow_joint_trajectory script to /home/david/ros_humble/proyecto_ws/Proyecto-Final-Robotica/Codigos/phantom_ws/install/pincher_control/lib/pincher_control
[1.356s] Installing template_control_servo script to /home/david/ros_humble/proyecto_ws/Proyecto-Final-Robotica/Codigos/phantom_ws/install/pincher_control/lib/pincher_control
[1.357s] writing list of installed files to '/home/david/ros_humble/proyecto_ws/Proyecto-Final-Robotica/Codigos/phantom_ws/build/pincher_control/install.log'
[1.380s] Invoked command in '/home/david/ros_humble/proyecto_ws/Proyecto-Final-Robotica/Codigos/phantom_ws/src/pincher_control' returned '0': PYTHONPATH=/home/david/ros_humble/proyecto_ws/Proyecto-Final-Robotica/Codigos/phantom_ws/build/pincher_control/prefix_override:/usr/lib/python3/dist-packages/colcon_core/task/python/colcon_distutils_commands:/home/david/ros_humble/proyecto_ws/Proyecto-Final-Robotica/Codigos/phantom_ws/install/pincher_control/lib/python3.10/site-packages:${PYTHONPATH} /usr/bin/python3 -W ignore:setup.py install is deprecated -W ignore:easy_install command is deprecated setup.py egg_info --egg-base ../../build/pincher_control build --build-base /home/david/ros_humble/proyecto_ws/Proyecto-Final-Robotica/Codigos/phantom_ws/build/pincher_control/build install --record /home/david/ros_humble/proyecto_ws/Proyecto-Final-Robotica/Codigos/phantom_ws/build/pincher_control/install.log --single-version-externally-managed install_data
