[0mCMake Error: The current CMakeCache.txt directory /home/david/ros_humble/proyecto_ws/Proyecto-Final-Robotica/Codigos/phantom_ws/build/phantomx_pincher_bringup/CMakeCache.txt is different than the directory /home/david/ros_humble/proyecto_ws/KIT_Phantom_X_Pincher_ROS2/phantom_ws/build/phantomx_pincher_bringup where CMakeCache.txt was created. This may result in binaries being created in the wrong place. If you are not sure, reedit the CMakeCache.txt[0m
-- Install configuration: ""
-- Up-to-date: /home/david/ros_humble/proyecto_ws/KIT_Phantom_X_Pincher_ROS2/phantom_ws/install/phantomx_pincher_bringup/share/phantomx_pincher_bringup/launch
-- Up-to-date: /home/david/ros_humble/proyecto_ws/KIT_Phantom_X_Pincher_ROS2/phantom_ws/install/phantomx_pincher_bringup/share/phantomx_pincher_bringup/launch/readme.md
-- Up-to-date: /home/david/ros_humble/proyecto_ws/KIT_Phantom_X_Pincher_ROS2/phantom_ws/install/phantomx_pincher_bringup/share/phantomx_pincher_bringup/launch/phantomx_pincher.launch.py
-- Up-to-date: /home/david/ros_humble/proyecto_ws/KIT_Phantom_X_Pincher_ROS2/phantom_ws/install/phantomx_pincher_bringup/share/phantomx_pincher_bringup/config
-- Up-to-date: /home/david/ros_humble/proyecto_ws/KIT_Phantom_X_Pincher_ROS2/phantom_ws/install/phantomx_pincher_bringup/share/phantomx_pincher_bringup/config/controllers_effort.yaml
-- Up-to-date: /home/david/ros_humble/proyecto_ws/KIT_Phantom_X_Pincher_ROS2/phantom_ws/install/phantomx_pincher_bringup/share/phantomx_pincher_bringup/config/controllers_position.yaml
-- Up-to-date: /home/david/ros_humble/proyecto_ws/KIT_Phantom_X_Pincher_ROS2/phantom_ws/install/phantomx_pincher_bringup/share/ament_index/resource_index/package_run_dependencies/phantomx_pincher_bringup
-- Up-to-date: /home/david/ros_humble/proyecto_ws/KIT_Phantom_X_Pincher_ROS2/phantom_ws/install/phantomx_pincher_bringup/share/ament_index/resource_index/parent_prefix_path/phantomx_pincher_bringup
-- Up-to-date: /home/david/ros_humble/proyecto_ws/KIT_Phantom_X_Pincher_ROS2/phantom_ws/install/phantomx_pincher_bringup/share/phantomx_pincher_bringup/environment/ament_prefix_path.sh
-- Up-to-date: /home/david/ros_humble/proyecto_ws/KIT_Phantom_X_Pincher_ROS2/phantom_ws/install/phantomx_pincher_bringup/share/phantomx_pincher_bringup/environment/ament_prefix_path.dsv
-- Up-to-date: /home/david/ros_humble/proyecto_ws/KIT_Phantom_X_Pincher_ROS2/phantom_ws/install/phantomx_pincher_bringup/share/phantomx_pincher_bringup/environment/path.sh
-- Up-to-date: /home/david/ros_humble/proyecto_ws/KIT_Phantom_X_Pincher_ROS2/phantom_ws/install/phantomx_pincher_bringup/share/phantomx_pincher_bringup/environment/path.dsv
-- Up-to-date: /home/david/ros_humble/proyecto_ws/KIT_Phantom_X_Pincher_ROS2/phantom_ws/install/phantomx_pincher_bringup/share/phantomx_pincher_bringup/local_setup.bash
-- Up-to-date: /home/david/ros_humble/proyecto_ws/KIT_Phantom_X_Pincher_ROS2/phantom_ws/install/phantomx_pincher_bringup/share/phantomx_pincher_bringup/local_setup.sh
-- Up-to-date: /home/david/ros_humble/proyecto_ws/KIT_Phantom_X_Pincher_ROS2/phantom_ws/install/phantomx_pincher_bringup/share/phantomx_pincher_bringup/local_setup.zsh
-- Up-to-date: /home/david/ros_humble/proyecto_ws/KIT_Phantom_X_Pincher_ROS2/phantom_ws/install/phantomx_pincher_bringup/share/phantomx_pincher_bringup/local_setup.dsv
-- Up-to-date: /home/david/ros_humble/proyecto_ws/KIT_Phantom_X_Pincher_ROS2/phantom_ws/install/phantomx_pincher_bringup/share/phantomx_pincher_bringup/package.dsv
-- Up-to-date: /home/david/ros_humble/proyecto_ws/KIT_Phantom_X_Pincher_ROS2/phantom_ws/install/phantomx_pincher_bringup/share/ament_index/resource_index/packages/phantomx_pincher_bringup
-- Up-to-date: /home/david/ros_humble/proyecto_ws/KIT_Phantom_X_Pincher_ROS2/phantom_ws/install/phantomx_pincher_bringup/share/phantomx_pincher_bringup/cmake/phantomx_pincher_bringupConfig.cmake
-- Up-to-date: /home/david/ros_humble/proyecto_ws/KIT_Phantom_X_Pincher_ROS2/phantom_ws/install/phantomx_pincher_bringup/share/phantomx_pincher_bringup/cmake/phantomx_pincher_bringupConfig-version.cmake
-- Up-to-date: /home/david/ros_humble/proyecto_ws/KIT_Phantom_X_Pincher_ROS2/phantom_ws/install/phantomx_pincher_bringup/share/phantomx_pincher_bringup/package.xml
