[0.032s] Invoking command in '/home/david/ros_humble/proyecto_ws/KIT_Phantom_X_Pincher_ROS2/phantom_ws/build/phantomx_pincher_interfaces': CMAKE_PREFIX_PATH=${CMAKE_PREFIX_PATH}:/home/david/ros_humble/proyecto_ws/KIT_Phantom_X_Pincher_ROS2/phantom_ws/install/pincher_cproyect:/home/david/ros_humble/proyecto_ws/KIT_Phantom_X_Pincher_ROS2/phantom_ws/install/pincher_control:/opt/ros/humble /usr/bin/cmake --build /home/david/ros_humble/proyecto_ws/KIT_Phantom_X_Pincher_ROS2/phantom_ws/build/phantomx_pincher_interfaces -- -j2 -l2
[0.167s] [  3%] Built target phantomx_pincher_interfaces__cpp
[0.196s] [ 12%] Built target phantomx_pincher_interfaces__rosidl_generator_c
[0.422s] [ 12%] Built target ament_cmake_python_copy_phantomx_pincher_interfaces
[0.471s] [ 22%] Built target phantomx_pincher_interfaces__rosidl_typesupport_introspection_cpp
[0.537s] [ 32%] Built target phantomx_pincher_interfaces__rosidl_typesupport_fastrtps_c
[0.644s] [ 41%] Built target phantomx_pincher_interfaces__rosidl_typesupport_cpp
[0.746s] [ 51%] Built target phantomx_pincher_interfaces__rosidl_typesupport_introspection_c
[0.832s] [ 61%] Built target phantomx_pincher_interfaces__rosidl_typesupport_c
[0.920s] [ 70%] Built target phantomx_pincher_interfaces__rosidl_typesupport_fastrtps_cpp
[2.118s] running egg_info
[2.126s] writing phantomx_pincher_interfaces.egg-info/PKG-INFO
[2.127s] writing dependency_links to phantomx_pincher_interfaces.egg-info/dependency_links.txt
[2.141s] writing top-level names to phantomx_pincher_interfaces.egg-info/top_level.txt
[2.152s] reading manifest file 'phantomx_pincher_interfaces.egg-info/SOURCES.txt'
[2.157s] writing manifest file 'phantomx_pincher_interfaces.egg-info/SOURCES.txt'
[2.292s] [ 70%] Built target ament_cmake_python_build_phantomx_pincher_interfaces_egg
[2.369s] [ 70%] Built target phantomx_pincher_interfaces
[2.538s] [ 74%] Built target phantomx_pincher_interfaces__py
[2.622s] [ 80%] Built target phantomx_pincher_interfaces__rosidl_generator_py
[2.782s] [ 87%] Built target phantomx_pincher_interfaces__rosidl_typesupport_fastrtps_c__pyext
[2.918s] [ 93%] Built target phantomx_pincher_interfaces__rosidl_typesupport_introspection_c__pyext
[3.057s] [100%] Built target phantomx_pincher_interfaces__rosidl_typesupport_c__pyext
[3.159s] Invoked command in '/home/david/ros_humble/proyecto_ws/KIT_Phantom_X_Pincher_ROS2/phantom_ws/build/phantomx_pincher_interfaces' returned '0': CMAKE_PREFIX_PATH=${CMAKE_PREFIX_PATH}:/home/david/ros_humble/proyecto_ws/KIT_Phantom_X_Pincher_ROS2/phantom_ws/install/pincher_cproyect:/home/david/ros_humble/proyecto_ws/KIT_Phantom_X_Pincher_ROS2/phantom_ws/install/pincher_control:/opt/ros/humble /usr/bin/cmake --build /home/david/ros_humble/proyecto_ws/KIT_Phantom_X_Pincher_ROS2/phantom_ws/build/phantomx_pincher_interfaces -- -j2 -l2
[3.160s] Invoking command in '/home/david/ros_humble/proyecto_ws/KIT_Phantom_X_Pincher_ROS2/phantom_ws/build/phantomx_pincher_interfaces': CMAKE_PREFIX_PATH=${CMAKE_PREFIX_PATH}:/home/david/ros_humble/proyecto_ws/KIT_Phantom_X_Pincher_ROS2/phantom_ws/install/pincher_cproyect:/home/david/ros_humble/proyecto_ws/KIT_Phantom_X_Pincher_ROS2/phantom_ws/install/pincher_control:/opt/ros/humble /usr/bin/cmake --install /home/david/ros_humble/proyecto_ws/KIT_Phantom_X_Pincher_ROS2/phantom_ws/build/phantomx_pincher_interfaces
[3.226s] -- Install configuration: ""
[3.226s] -- Up-to-date: /home/david/ros_humble/proyecto_ws/KIT_Phantom_X_Pincher_ROS2/phantom_ws/install/phantomx_pincher_interfaces/share/ament_index/resource_index/rosidl_interfaces/phantomx_pincher_interfaces
[3.226s] -- Up-to-date: /home/david/ros_humble/proyecto_ws/KIT_Phantom_X_Pincher_ROS2/phantom_ws/install/phantomx_pincher_interfaces/include/phantomx_pincher_interfaces/phantomx_pincher_interfaces
[3.226s] -- Up-to-date: /home/david/ros_humble/proyecto_ws/KIT_Phantom_X_Pincher_ROS2/phantom_ws/install/phantomx_pincher_interfaces/include/phantomx_pincher_interfaces/phantomx_pincher_interfaces/msg
[3.227s] -- Up-to-date: /home/david/ros_humble/proyecto_ws/KIT_Phantom_X_Pincher_ROS2/phantom_ws/install/phantomx_pincher_interfaces/include/phantomx_pincher_interfaces/phantomx_pincher_interfaces/msg/rosidl_generator_c__visibility_control.h
[3.227s] -- Up-to-date: /home/david/ros_humble/proyecto_ws/KIT_Phantom_X_Pincher_ROS2/phantom_ws/install/phantomx_pincher_interfaces/include/phantomx_pincher_interfaces/phantomx_pincher_interfaces/msg/pose_command.h
[3.227s] -- Up-to-date: /home/david/ros_humble/proyecto_ws/KIT_Phantom_X_Pincher_ROS2/phantom_ws/install/phantomx_pincher_interfaces/include/phantomx_pincher_interfaces/phantomx_pincher_interfaces/msg/detail
[3.227s] -- Up-to-date: /home/david/ros_humble/proyecto_ws/KIT_Phantom_X_Pincher_ROS2/phantom_ws/install/phantomx_pincher_interfaces/include/phantomx_pincher_interfaces/phantomx_pincher_interfaces/msg/detail/pose_command__functions.c
[3.227s] -- Up-to-date: /home/david/ros_humble/proyecto_ws/KIT_Phantom_X_Pincher_ROS2/phantom_ws/install/phantomx_pincher_interfaces/include/phantomx_pincher_interfaces/phantomx_pincher_interfaces/msg/detail/pose_command__struct.h
[3.227s] -- Up-to-date: /home/david/ros_humble/proyecto_ws/KIT_Phantom_X_Pincher_ROS2/phantom_ws/install/phantomx_pincher_interfaces/include/phantomx_pincher_interfaces/phantomx_pincher_interfaces/msg/detail/pose_command__type_support.h
[3.227s] -- Up-to-date: /home/david/ros_humble/proyecto_ws/KIT_Phantom_X_Pincher_ROS2/phantom_ws/install/phantomx_pincher_interfaces/include/phantomx_pincher_interfaces/phantomx_pincher_interfaces/msg/detail/pose_command__functions.h
[3.227s] -- Up-to-date: /home/david/ros_humble/proyecto_ws/KIT_Phantom_X_Pincher_ROS2/phantom_ws/install/phantomx_pincher_interfaces/share/phantomx_pincher_interfaces/environment/library_path.sh
[3.227s] -- Up-to-date: /home/david/ros_humble/proyecto_ws/KIT_Phantom_X_Pincher_ROS2/phantom_ws/install/phantomx_pincher_interfaces/share/phantomx_pincher_interfaces/environment/library_path.dsv
[3.227s] -- Up-to-date: /home/david/ros_humble/proyecto_ws/KIT_Phantom_X_Pincher_ROS2/phantom_ws/install/phantomx_pincher_interfaces/lib/libphantomx_pincher_interfaces__rosidl_generator_c.so
[3.227s] -- Up-to-date: /home/david/ros_humble/proyecto_ws/KIT_Phantom_X_Pincher_ROS2/phantom_ws/install/phantomx_pincher_interfaces/include/phantomx_pincher_interfaces/phantomx_pincher_interfaces
[3.227s] -- Up-to-date: /home/david/ros_humble/proyecto_ws/KIT_Phantom_X_Pincher_ROS2/phantom_ws/install/phantomx_pincher_interfaces/include/phantomx_pincher_interfaces/phantomx_pincher_interfaces/msg
[3.227s] -- Up-to-date: /home/david/ros_humble/proyecto_ws/KIT_Phantom_X_Pincher_ROS2/phantom_ws/install/phantomx_pincher_interfaces/include/phantomx_pincher_interfaces/phantomx_pincher_interfaces/msg/rosidl_typesupport_fastrtps_c__visibility_control.h
[3.228s] -- Up-to-date: /home/david/ros_humble/proyecto_ws/KIT_Phantom_X_Pincher_ROS2/phantom_ws/install/phantomx_pincher_interfaces/include/phantomx_pincher_interfaces/phantomx_pincher_interfaces/msg/detail
[3.228s] -- Up-to-date: /home/david/ros_humble/proyecto_ws/KIT_Phantom_X_Pincher_ROS2/phantom_ws/install/phantomx_pincher_interfaces/include/phantomx_pincher_interfaces/phantomx_pincher_interfaces/msg/detail/pose_command__rosidl_typesupport_fastrtps_c.h
[3.228s] -- Up-to-date: /home/david/ros_humble/proyecto_ws/KIT_Phantom_X_Pincher_ROS2/phantom_ws/install/phantomx_pincher_interfaces/lib/libphantomx_pincher_interfaces__rosidl_typesupport_fastrtps_c.so
[3.228s] -- Up-to-date: /home/david/ros_humble/proyecto_ws/KIT_Phantom_X_Pincher_ROS2/phantom_ws/install/phantomx_pincher_interfaces/include/phantomx_pincher_interfaces/phantomx_pincher_interfaces
[3.228s] -- Up-to-date: /home/david/ros_humble/proyecto_ws/KIT_Phantom_X_Pincher_ROS2/phantom_ws/install/phantomx_pincher_interfaces/include/phantomx_pincher_interfaces/phantomx_pincher_interfaces/msg
[3.241s] -- Up-to-date: /home/david/ros_humble/proyecto_ws/KIT_Phantom_X_Pincher_ROS2/phantom_ws/install/phantomx_pincher_interfaces/include/phantomx_pincher_interfaces/phantomx_pincher_interfaces/msg/rosidl_typesupport_introspection_c__visibility_control.h
[3.241s] -- Up-to-date: /home/david/ros_humble/proyecto_ws/KIT_Phantom_X_Pincher_ROS2/phantom_ws/install/phantomx_pincher_interfaces/include/phantomx_pincher_interfaces/phantomx_pincher_interfaces/msg/detail
[3.241s] -- Up-to-date: /home/david/ros_humble/proyecto_ws/KIT_Phantom_X_Pincher_ROS2/phantom_ws/install/phantomx_pincher_interfaces/include/phantomx_pincher_interfaces/phantomx_pincher_interfaces/msg/detail/pose_command__type_support.c
[3.241s] -- Up-to-date: /home/david/ros_humble/proyecto_ws/KIT_Phantom_X_Pincher_ROS2/phantom_ws/install/phantomx_pincher_interfaces/include/phantomx_pincher_interfaces/phantomx_pincher_interfaces/msg/detail/pose_command__rosidl_typesupport_introspection_c.h
[3.241s] -- Up-to-date: /home/david/ros_humble/proyecto_ws/KIT_Phantom_X_Pincher_ROS2/phantom_ws/install/phantomx_pincher_interfaces/lib/libphantomx_pincher_interfaces__rosidl_typesupport_introspection_c.so
[3.241s] -- Up-to-date: /home/david/ros_humble/proyecto_ws/KIT_Phantom_X_Pincher_ROS2/phantom_ws/install/phantomx_pincher_interfaces/lib/libphantomx_pincher_interfaces__rosidl_typesupport_c.so
[3.241s] -- Up-to-date: /home/david/ros_humble/proyecto_ws/KIT_Phantom_X_Pincher_ROS2/phantom_ws/install/phantomx_pincher_interfaces/include/phantomx_pincher_interfaces/phantomx_pincher_interfaces
[3.241s] -- Up-to-date: /home/david/ros_humble/proyecto_ws/KIT_Phantom_X_Pincher_ROS2/phantom_ws/install/phantomx_pincher_interfaces/include/phantomx_pincher_interfaces/phantomx_pincher_interfaces/msg
[3.242s] -- Up-to-date: /home/david/ros_humble/proyecto_ws/KIT_Phantom_X_Pincher_ROS2/phantom_ws/install/phantomx_pincher_interfaces/include/phantomx_pincher_interfaces/phantomx_pincher_interfaces/msg/pose_command.hpp
[3.242s] -- Up-to-date: /home/david/ros_humble/proyecto_ws/KIT_Phantom_X_Pincher_ROS2/phantom_ws/install/phantomx_pincher_interfaces/include/phantomx_pincher_interfaces/phantomx_pincher_interfaces/msg/rosidl_generator_cpp__visibility_control.hpp
[3.242s] -- Up-to-date: /home/david/ros_humble/proyecto_ws/KIT_Phantom_X_Pincher_ROS2/phantom_ws/install/phantomx_pincher_interfaces/include/phantomx_pincher_interfaces/phantomx_pincher_interfaces/msg/detail
[3.242s] -- Up-to-date: /home/david/ros_humble/proyecto_ws/KIT_Phantom_X_Pincher_ROS2/phantom_ws/install/phantomx_pincher_interfaces/include/phantomx_pincher_interfaces/phantomx_pincher_interfaces/msg/detail/pose_command__type_support.hpp
[3.250s] -- Up-to-date: /home/david/ros_humble/proyecto_ws/KIT_Phantom_X_Pincher_ROS2/phantom_ws/install/phantomx_pincher_interfaces/include/phantomx_pincher_interfaces/phantomx_pincher_interfaces/msg/detail/pose_command__builder.hpp
[3.250s] -- Up-to-date: /home/david/ros_humble/proyecto_ws/KIT_Phantom_X_Pincher_ROS2/phantom_ws/install/phantomx_pincher_interfaces/include/phantomx_pincher_interfaces/phantomx_pincher_interfaces/msg/detail/pose_command__struct.hpp
[3.250s] -- Up-to-date: /home/david/ros_humble/proyecto_ws/KIT_Phantom_X_Pincher_ROS2/phantom_ws/install/phantomx_pincher_interfaces/include/phantomx_pincher_interfaces/phantomx_pincher_interfaces/msg/detail/pose_command__traits.hpp
[3.255s] -- Up-to-date: /home/david/ros_humble/proyecto_ws/KIT_Phantom_X_Pincher_ROS2/phantom_ws/install/phantomx_pincher_interfaces/include/phantomx_pincher_interfaces/phantomx_pincher_interfaces
[3.255s] -- Up-to-date: /home/david/ros_humble/proyecto_ws/KIT_Phantom_X_Pincher_ROS2/phantom_ws/install/phantomx_pincher_interfaces/include/phantomx_pincher_interfaces/phantomx_pincher_interfaces/msg
[3.255s] -- Up-to-date: /home/david/ros_humble/proyecto_ws/KIT_Phantom_X_Pincher_ROS2/phantom_ws/install/phantomx_pincher_interfaces/include/phantomx_pincher_interfaces/phantomx_pincher_interfaces/msg/rosidl_typesupport_fastrtps_cpp__visibility_control.h
[3.255s] -- Up-to-date: /home/david/ros_humble/proyecto_ws/KIT_Phantom_X_Pincher_ROS2/phantom_ws/install/phantomx_pincher_interfaces/include/phantomx_pincher_interfaces/phantomx_pincher_interfaces/msg/detail
[3.255s] -- Up-to-date: /home/david/ros_humble/proyecto_ws/KIT_Phantom_X_Pincher_ROS2/phantom_ws/install/phantomx_pincher_interfaces/include/phantomx_pincher_interfaces/phantomx_pincher_interfaces/msg/detail/pose_command__rosidl_typesupport_fastrtps_cpp.hpp
[3.255s] -- Up-to-date: /home/david/ros_humble/proyecto_ws/KIT_Phantom_X_Pincher_ROS2/phantom_ws/install/phantomx_pincher_interfaces/include/phantomx_pincher_interfaces/phantomx_pincher_interfaces/msg/detail/dds_fastrtps
[3.255s] -- Up-to-date: /home/david/ros_humble/proyecto_ws/KIT_Phantom_X_Pincher_ROS2/phantom_ws/install/phantomx_pincher_interfaces/lib/libphantomx_pincher_interfaces__rosidl_typesupport_fastrtps_cpp.so
[3.256s] -- Up-to-date: /home/david/ros_humble/proyecto_ws/KIT_Phantom_X_Pincher_ROS2/phantom_ws/install/phantomx_pincher_interfaces/include/phantomx_pincher_interfaces/phantomx_pincher_interfaces
[3.256s] -- Up-to-date: /home/david/ros_humble/proyecto_ws/KIT_Phantom_X_Pincher_ROS2/phantom_ws/install/phantomx_pincher_interfaces/include/phantomx_pincher_interfaces/phantomx_pincher_interfaces/msg
[3.256s] -- Up-to-date: /home/david/ros_humble/proyecto_ws/KIT_Phantom_X_Pincher_ROS2/phantom_ws/install/phantomx_pincher_interfaces/include/phantomx_pincher_interfaces/phantomx_pincher_interfaces/msg/detail
[3.256s] -- Up-to-date: /home/david/ros_humble/proyecto_ws/KIT_Phantom_X_Pincher_ROS2/phantom_ws/install/phantomx_pincher_interfaces/include/phantomx_pincher_interfaces/phantomx_pincher_interfaces/msg/detail/pose_command__type_support.cpp
[3.256s] -- Up-to-date: /home/david/ros_humble/proyecto_ws/KIT_Phantom_X_Pincher_ROS2/phantom_ws/install/phantomx_pincher_interfaces/include/phantomx_pincher_interfaces/phantomx_pincher_interfaces/msg/detail/pose_command__rosidl_typesupport_introspection_cpp.hpp
[3.256s] -- Up-to-date: /home/david/ros_humble/proyecto_ws/KIT_Phantom_X_Pincher_ROS2/phantom_ws/install/phantomx_pincher_interfaces/lib/libphantomx_pincher_interfaces__rosidl_typesupport_introspection_cpp.so
[3.256s] -- Up-to-date: /home/david/ros_humble/proyecto_ws/KIT_Phantom_X_Pincher_ROS2/phantom_ws/install/phantomx_pincher_interfaces/lib/libphantomx_pincher_interfaces__rosidl_typesupport_cpp.so
[3.256s] -- Up-to-date: /home/david/ros_humble/proyecto_ws/KIT_Phantom_X_Pincher_ROS2/phantom_ws/install/phantomx_pincher_interfaces/share/phantomx_pincher_interfaces/environment/pythonpath.sh
[3.256s] -- Up-to-date: /home/david/ros_humble/proyecto_ws/KIT_Phantom_X_Pincher_ROS2/phantom_ws/install/phantomx_pincher_interfaces/share/phantomx_pincher_interfaces/environment/pythonpath.dsv
[3.256s] -- Up-to-date: /home/david/ros_humble/proyecto_ws/KIT_Phantom_X_Pincher_ROS2/phantom_ws/install/phantomx_pincher_interfaces/local/lib/python3.10/dist-packages/phantomx_pincher_interfaces-0.0.0-py3.10.egg-info
[3.256s] -- Installing: /home/david/ros_humble/proyecto_ws/KIT_Phantom_X_Pincher_ROS2/phantom_ws/install/phantomx_pincher_interfaces/local/lib/python3.10/dist-packages/phantomx_pincher_interfaces-0.0.0-py3.10.egg-info/SOURCES.txt
[3.256s] -- Installing: /home/david/ros_humble/proyecto_ws/KIT_Phantom_X_Pincher_ROS2/phantom_ws/install/phantomx_pincher_interfaces/local/lib/python3.10/dist-packages/phantomx_pincher_interfaces-0.0.0-py3.10.egg-info/PKG-INFO
[3.256s] -- Installing: /home/david/ros_humble/proyecto_ws/KIT_Phantom_X_Pincher_ROS2/phantom_ws/install/phantomx_pincher_interfaces/local/lib/python3.10/dist-packages/phantomx_pincher_interfaces-0.0.0-py3.10.egg-info/top_level.txt
[3.256s] -- Installing: /home/david/ros_humble/proyecto_ws/KIT_Phantom_X_Pincher_ROS2/phantom_ws/install/phantomx_pincher_interfaces/local/lib/python3.10/dist-packages/phantomx_pincher_interfaces-0.0.0-py3.10.egg-info/dependency_links.txt
[3.256s] -- Up-to-date: /home/david/ros_humble/proyecto_ws/KIT_Phantom_X_Pincher_ROS2/phantom_ws/install/phantomx_pincher_interfaces/local/lib/python3.10/dist-packages/phantomx_pincher_interfaces
[3.256s] -- Up-to-date: /home/david/ros_humble/proyecto_ws/KIT_Phantom_X_Pincher_ROS2/phantom_ws/install/phantomx_pincher_interfaces/local/lib/python3.10/dist-packages/phantomx_pincher_interfaces/phantomx_pincher_interfaces_s__rosidl_typesupport_introspection_c.cpython-310-x86_64-linux-gnu.so
[3.264s] -- Up-to-date: /home/david/ros_humble/proyecto_ws/KIT_Phantom_X_Pincher_ROS2/phantom_ws/install/phantomx_pincher_interfaces/local/lib/python3.10/dist-packages/phantomx_pincher_interfaces/_phantomx_pincher_interfaces_s.ep.rosidl_typesupport_fastrtps_c.c
[3.264s] -- Up-to-date: /home/david/ros_humble/proyecto_ws/KIT_Phantom_X_Pincher_ROS2/phantom_ws/install/phantomx_pincher_interfaces/local/lib/python3.10/dist-packages/phantomx_pincher_interfaces/_phantomx_pincher_interfaces_s.ep.rosidl_typesupport_introspection_c.c
[3.264s] -- Up-to-date: /home/david/ros_humble/proyecto_ws/KIT_Phantom_X_Pincher_ROS2/phantom_ws/install/phantomx_pincher_interfaces/local/lib/python3.10/dist-packages/phantomx_pincher_interfaces/msg
[3.264s] -- Up-to-date: /home/david/ros_humble/proyecto_ws/KIT_Phantom_X_Pincher_ROS2/phantom_ws/install/phantomx_pincher_interfaces/local/lib/python3.10/dist-packages/phantomx_pincher_interfaces/msg/_pose_command_s.c
[3.264s] -- Up-to-date: /home/david/ros_humble/proyecto_ws/KIT_Phantom_X_Pincher_ROS2/phantom_ws/install/phantomx_pincher_interfaces/local/lib/python3.10/dist-packages/phantomx_pincher_interfaces/msg/__init__.py
[3.270s] -- Up-to-date: /home/david/ros_humble/proyecto_ws/KIT_Phantom_X_Pincher_ROS2/phantom_ws/install/phantomx_pincher_interfaces/local/lib/python3.10/dist-packages/phantomx_pincher_interfaces/msg/_pose_command.py
[3.270s] -- Up-to-date: /home/david/ros_humble/proyecto_ws/KIT_Phantom_X_Pincher_ROS2/phantom_ws/install/phantomx_pincher_interfaces/local/lib/python3.10/dist-packages/phantomx_pincher_interfaces/_phantomx_pincher_interfaces_s.ep.rosidl_typesupport_c.c
[3.270s] -- Up-to-date: /home/david/ros_humble/proyecto_ws/KIT_Phantom_X_Pincher_ROS2/phantom_ws/install/phantomx_pincher_interfaces/local/lib/python3.10/dist-packages/phantomx_pincher_interfaces/__init__.py
[3.270s] -- Up-to-date: /home/david/ros_humble/proyecto_ws/KIT_Phantom_X_Pincher_ROS2/phantom_ws/install/phantomx_pincher_interfaces/local/lib/python3.10/dist-packages/phantomx_pincher_interfaces/libphantomx_pincher_interfaces__rosidl_generator_py.so
[3.270s] -- Up-to-date: /home/david/ros_humble/proyecto_ws/KIT_Phantom_X_Pincher_ROS2/phantom_ws/install/phantomx_pincher_interfaces/local/lib/python3.10/dist-packages/phantomx_pincher_interfaces/phantomx_pincher_interfaces_s__rosidl_typesupport_c.cpython-310-x86_64-linux-gnu.so
[3.270s] -- Up-to-date: /home/david/ros_humble/proyecto_ws/KIT_Phantom_X_Pincher_ROS2/phantom_ws/install/phantomx_pincher_interfaces/local/lib/python3.10/dist-packages/phantomx_pincher_interfaces/phantomx_pincher_interfaces_s__rosidl_typesupport_fastrtps_c.cpython-310-x86_64-linux-gnu.so
[3.447s] Listing '/home/david/ros_humble/proyecto_ws/KIT_Phantom_X_Pincher_ROS2/phantom_ws/install/phantomx_pincher_interfaces/local/lib/python3.10/dist-packages/phantomx_pincher_interfaces'...
[3.448s] Listing '/home/david/ros_humble/proyecto_ws/KIT_Phantom_X_Pincher_ROS2/phantom_ws/install/phantomx_pincher_interfaces/local/lib/python3.10/dist-packages/phantomx_pincher_interfaces/msg'...
[3.483s] -- Up-to-date: /home/david/ros_humble/proyecto_ws/KIT_Phantom_X_Pincher_ROS2/phantom_ws/install/phantomx_pincher_interfaces/local/lib/python3.10/dist-packages/phantomx_pincher_interfaces/phantomx_pincher_interfaces_s__rosidl_typesupport_fastrtps_c.cpython-310-x86_64-linux-gnu.so
[3.488s] -- Up-to-date: /home/david/ros_humble/proyecto_ws/KIT_Phantom_X_Pincher_ROS2/phantom_ws/install/phantomx_pincher_interfaces/local/lib/python3.10/dist-packages/phantomx_pincher_interfaces/phantomx_pincher_interfaces_s__rosidl_typesupport_introspection_c.cpython-310-x86_64-linux-gnu.so
[3.492s] -- Up-to-date: /home/david/ros_humble/proyecto_ws/KIT_Phantom_X_Pincher_ROS2/phantom_ws/install/phantomx_pincher_interfaces/local/lib/python3.10/dist-packages/phantomx_pincher_interfaces/phantomx_pincher_interfaces_s__rosidl_typesupport_c.cpython-310-x86_64-linux-gnu.so
[3.495s] -- Up-to-date: /home/david/ros_humble/proyecto_ws/KIT_Phantom_X_Pincher_ROS2/phantom_ws/install/phantomx_pincher_interfaces/lib/libphantomx_pincher_interfaces__rosidl_generator_py.so
[3.495s] -- Up-to-date: /home/david/ros_humble/proyecto_ws/KIT_Phantom_X_Pincher_ROS2/phantom_ws/install/phantomx_pincher_interfaces/share/phantomx_pincher_interfaces/msg/PoseCommand.idl
[3.495s] -- Up-to-date: /home/david/ros_humble/proyecto_ws/KIT_Phantom_X_Pincher_ROS2/phantom_ws/install/phantomx_pincher_interfaces/share/phantomx_pincher_interfaces/msg/PoseCommand.msg
[3.495s] -- Up-to-date: /home/david/ros_humble/proyecto_ws/KIT_Phantom_X_Pincher_ROS2/phantom_ws/install/phantomx_pincher_interfaces/share/ament_index/resource_index/package_run_dependencies/phantomx_pincher_interfaces
[3.496s] -- Up-to-date: /home/david/ros_humble/proyecto_ws/KIT_Phantom_X_Pincher_ROS2/phantom_ws/install/phantomx_pincher_interfaces/share/ament_index/resource_index/parent_prefix_path/phantomx_pincher_interfaces
[3.496s] -- Up-to-date: /home/david/ros_humble/proyecto_ws/KIT_Phantom_X_Pincher_ROS2/phantom_ws/install/phantomx_pincher_interfaces/share/phantomx_pincher_interfaces/environment/ament_prefix_path.sh
[3.496s] -- Up-to-date: /home/david/ros_humble/proyecto_ws/KIT_Phantom_X_Pincher_ROS2/phantom_ws/install/phantomx_pincher_interfaces/share/phantomx_pincher_interfaces/environment/ament_prefix_path.dsv
[3.497s] -- Up-to-date: /home/david/ros_humble/proyecto_ws/KIT_Phantom_X_Pincher_ROS2/phantom_ws/install/phantomx_pincher_interfaces/share/phantomx_pincher_interfaces/environment/path.sh
[3.497s] -- Up-to-date: /home/david/ros_humble/proyecto_ws/KIT_Phantom_X_Pincher_ROS2/phantom_ws/install/phantomx_pincher_interfaces/share/phantomx_pincher_interfaces/environment/path.dsv
[3.497s] -- Up-to-date: /home/david/ros_humble/proyecto_ws/KIT_Phantom_X_Pincher_ROS2/phantom_ws/install/phantomx_pincher_interfaces/share/phantomx_pincher_interfaces/local_setup.bash
[3.497s] -- Up-to-date: /home/david/ros_humble/proyecto_ws/KIT_Phantom_X_Pincher_ROS2/phantom_ws/install/phantomx_pincher_interfaces/share/phantomx_pincher_interfaces/local_setup.sh
[3.497s] -- Up-to-date: /home/david/ros_humble/proyecto_ws/KIT_Phantom_X_Pincher_ROS2/phantom_ws/install/phantomx_pincher_interfaces/share/phantomx_pincher_interfaces/local_setup.zsh
[3.497s] -- Up-to-date: /home/david/ros_humble/proyecto_ws/KIT_Phantom_X_Pincher_ROS2/phantom_ws/install/phantomx_pincher_interfaces/share/phantomx_pincher_interfaces/local_setup.dsv
[3.497s] -- Installing: /home/david/ros_humble/proyecto_ws/KIT_Phantom_X_Pincher_ROS2/phantom_ws/install/phantomx_pincher_interfaces/share/phantomx_pincher_interfaces/package.dsv
[3.499s] -- Up-to-date: /home/david/ros_humble/proyecto_ws/KIT_Phantom_X_Pincher_ROS2/phantom_ws/install/phantomx_pincher_interfaces/share/ament_index/resource_index/packages/phantomx_pincher_interfaces
[3.499s] -- Up-to-date: /home/david/ros_humble/proyecto_ws/KIT_Phantom_X_Pincher_ROS2/phantom_ws/install/phantomx_pincher_interfaces/share/phantomx_pincher_interfaces/cmake/export_phantomx_pincher_interfaces__rosidl_generator_cExport.cmake
[3.499s] -- Up-to-date: /home/david/ros_humble/proyecto_ws/KIT_Phantom_X_Pincher_ROS2/phantom_ws/install/phantomx_pincher_interfaces/share/phantomx_pincher_interfaces/cmake/export_phantomx_pincher_interfaces__rosidl_generator_cExport-noconfig.cmake
[3.501s] -- Up-to-date: /home/david/ros_humble/proyecto_ws/KIT_Phantom_X_Pincher_ROS2/phantom_ws/install/phantomx_pincher_interfaces/share/phantomx_pincher_interfaces/cmake/export_phantomx_pincher_interfaces__rosidl_typesupport_fastrtps_cExport.cmake
[3.501s] -- Up-to-date: /home/david/ros_humble/proyecto_ws/KIT_Phantom_X_Pincher_ROS2/phantom_ws/install/phantomx_pincher_interfaces/share/phantomx_pincher_interfaces/cmake/export_phantomx_pincher_interfaces__rosidl_typesupport_fastrtps_cExport-noconfig.cmake
[3.501s] -- Up-to-date: /home/david/ros_humble/proyecto_ws/KIT_Phantom_X_Pincher_ROS2/phantom_ws/install/phantomx_pincher_interfaces/share/phantomx_pincher_interfaces/cmake/phantomx_pincher_interfaces__rosidl_typesupport_introspection_cExport.cmake
[3.501s] -- Up-to-date: /home/david/ros_humble/proyecto_ws/KIT_Phantom_X_Pincher_ROS2/phantom_ws/install/phantomx_pincher_interfaces/share/phantomx_pincher_interfaces/cmake/phantomx_pincher_interfaces__rosidl_typesupport_introspection_cExport-noconfig.cmake
[3.501s] -- Up-to-date: /home/david/ros_humble/proyecto_ws/KIT_Phantom_X_Pincher_ROS2/phantom_ws/install/phantomx_pincher_interfaces/share/phantomx_pincher_interfaces/cmake/phantomx_pincher_interfaces__rosidl_typesupport_cExport.cmake
[3.502s] -- Up-to-date: /home/david/ros_humble/proyecto_ws/KIT_Phantom_X_Pincher_ROS2/phantom_ws/install/phantomx_pincher_interfaces/share/phantomx_pincher_interfaces/cmake/phantomx_pincher_interfaces__rosidl_typesupport_cExport-noconfig.cmake
[3.502s] -- Up-to-date: /home/david/ros_humble/proyecto_ws/KIT_Phantom_X_Pincher_ROS2/phantom_ws/install/phantomx_pincher_interfaces/share/phantomx_pincher_interfaces/cmake/export_phantomx_pincher_interfaces__rosidl_generator_cppExport.cmake
[3.504s] -- Up-to-date: /home/david/ros_humble/proyecto_ws/KIT_Phantom_X_Pincher_ROS2/phantom_ws/install/phantomx_pincher_interfaces/share/phantomx_pincher_interfaces/cmake/export_phantomx_pincher_interfaces__rosidl_typesupport_fastrtps_cppExport.cmake
[3.504s] -- Up-to-date: /home/david/ros_humble/proyecto_ws/KIT_Phantom_X_Pincher_ROS2/phantom_ws/install/phantomx_pincher_interfaces/share/phantomx_pincher_interfaces/cmake/export_phantomx_pincher_interfaces__rosidl_typesupport_fastrtps_cppExport-noconfig.cmake
[3.509s] -- Up-to-date: /home/david/ros_humble/proyecto_ws/KIT_Phantom_X_Pincher_ROS2/phantom_ws/install/phantomx_pincher_interfaces/share/phantomx_pincher_interfaces/cmake/phantomx_pincher_interfaces__rosidl_typesupport_introspection_cppExport.cmake
[3.509s] -- Up-to-date: /home/david/ros_humble/proyecto_ws/KIT_Phantom_X_Pincher_ROS2/phantom_ws/install/phantomx_pincher_interfaces/share/phantomx_pincher_interfaces/cmake/phantomx_pincher_interfaces__rosidl_typesupport_introspection_cppExport-noconfig.cmake
[3.509s] -- Up-to-date: /home/david/ros_humble/proyecto_ws/KIT_Phantom_X_Pincher_ROS2/phantom_ws/install/phantomx_pincher_interfaces/share/phantomx_pincher_interfaces/cmake/phantomx_pincher_interfaces__rosidl_typesupport_cppExport.cmake
[3.509s] -- Up-to-date: /home/david/ros_humble/proyecto_ws/KIT_Phantom_X_Pincher_ROS2/phantom_ws/install/phantomx_pincher_interfaces/share/phantomx_pincher_interfaces/cmake/phantomx_pincher_interfaces__rosidl_typesupport_cppExport-noconfig.cmake
[3.509s] -- Up-to-date: /home/david/ros_humble/proyecto_ws/KIT_Phantom_X_Pincher_ROS2/phantom_ws/install/phantomx_pincher_interfaces/share/phantomx_pincher_interfaces/cmake/export_phantomx_pincher_interfaces__rosidl_generator_pyExport.cmake
[3.509s] -- Up-to-date: /home/david/ros_humble/proyecto_ws/KIT_Phantom_X_Pincher_ROS2/phantom_ws/install/phantomx_pincher_interfaces/share/phantomx_pincher_interfaces/cmake/export_phantomx_pincher_interfaces__rosidl_generator_pyExport-noconfig.cmake
[3.509s] -- Up-to-date: /home/david/ros_humble/proyecto_ws/KIT_Phantom_X_Pincher_ROS2/phantom_ws/install/phantomx_pincher_interfaces/share/phantomx_pincher_interfaces/cmake/rosidl_cmake-extras.cmake
[3.510s] -- Up-to-date: /home/david/ros_humble/proyecto_ws/KIT_Phantom_X_Pincher_ROS2/phantom_ws/install/phantomx_pincher_interfaces/share/phantomx_pincher_interfaces/cmake/ament_cmake_export_include_directories-extras.cmake
[3.510s] -- Up-to-date: /home/david/ros_humble/proyecto_ws/KIT_Phantom_X_Pincher_ROS2/phantom_ws/install/phantomx_pincher_interfaces/share/phantomx_pincher_interfaces/cmake/ament_cmake_export_libraries-extras.cmake
[3.510s] -- Up-to-date: /home/david/ros_humble/proyecto_ws/KIT_Phantom_X_Pincher_ROS2/phantom_ws/install/phantomx_pincher_interfaces/share/phantomx_pincher_interfaces/cmake/ament_cmake_export_targets-extras.cmake
[3.510s] -- Up-to-date: /home/david/ros_humble/proyecto_ws/KIT_Phantom_X_Pincher_ROS2/phantom_ws/install/phantomx_pincher_interfaces/share/phantomx_pincher_interfaces/cmake/rosidl_cmake_export_typesupport_targets-extras.cmake
[3.510s] -- Up-to-date: /home/david/ros_humble/proyecto_ws/KIT_Phantom_X_Pincher_ROS2/phantom_ws/install/phantomx_pincher_interfaces/share/phantomx_pincher_interfaces/cmake/ament_cmake_export_dependencies-extras.cmake
[3.510s] -- Up-to-date: /home/david/ros_humble/proyecto_ws/KIT_Phantom_X_Pincher_ROS2/phantom_ws/install/phantomx_pincher_interfaces/share/phantomx_pincher_interfaces/cmake/rosidl_cmake_export_typesupport_libraries-extras.cmake
[3.510s] -- Up-to-date: /home/david/ros_humble/proyecto_ws/KIT_Phantom_X_Pincher_ROS2/phantom_ws/install/phantomx_pincher_interfaces/share/phantomx_pincher_interfaces/cmake/phantomx_pincher_interfacesConfig.cmake
[3.510s] -- Up-to-date: /home/david/ros_humble/proyecto_ws/KIT_Phantom_X_Pincher_ROS2/phantom_ws/install/phantomx_pincher_interfaces/share/phantomx_pincher_interfaces/cmake/phantomx_pincher_interfacesConfig-version.cmake
[3.510s] -- Up-to-date: /home/david/ros_humble/proyecto_ws/KIT_Phantom_X_Pincher_ROS2/phantom_ws/install/phantomx_pincher_interfaces/share/phantomx_pincher_interfaces/package.xml
[3.526s] Invoked command in '/home/david/ros_humble/proyecto_ws/KIT_Phantom_X_Pincher_ROS2/phantom_ws/build/phantomx_pincher_interfaces' returned '0': CMAKE_PREFIX_PATH=${CMAKE_PREFIX_PATH}:/home/david/ros_humble/proyecto_ws/KIT_Phantom_X_Pincher_ROS2/phantom_ws/install/pincher_cproyect:/home/david/ros_humble/proyecto_ws/KIT_Phantom_X_Pincher_ROS2/phantom_ws/install/pincher_control:/opt/ros/humble /usr/bin/cmake --install /home/david/ros_humble/proyecto_ws/KIT_Phantom_X_Pincher_ROS2/phantom_ws/build/phantomx_pincher_interfaces
